Log file open, 12/24/24 15:57:08
LogWindows: Failed to load 'aqProf.dll' (GetLastError=126)
LogWindows: File 'aqProf.dll' does not exist
LogWindows: Failed to load 'VtuneApi.dll' (GetLastError=126)
LogWindows: File 'VtuneApi.dll' does not exist
LogWindows: Failed to load 'VtuneApi32e.dll' (GetLastError=126)
LogWindows: File 'VtuneApi32e.dll' does not exist
LogConsoleResponse: Display: Failed to find resolution value strings in scalability ini. Falling back to default.
LogConsoleResponse: Display: Failed to find resolution value strings in scalability ini. Falling back to default.
LogInit: Display: Running engine for game: Unreal_R4D2_Copy
LogPlatformFile: Not using cached read wrapper
LogTaskGraph: Started task graph with 5 named threads and 59 total threads with 3 sets of task threads.
LogStats: Stats thread started at 0.182244
LogICUInternationalization: ICU TimeZone Detection - Raw Offset: +9:00, Platform Override: ''
LogInit: Display: Loading text-based GConfig....
LogPluginManager: Mounting plugin MeshPainting
LogPluginManager: Mounting plugin XGEController
LogPluginManager: Mounting plugin Paper2D
LogPluginManager: Mounting plugin LiveLink
LogPluginManager: Mounting plugin LightPropagationVolume
LogPluginManager: Mounting plugin AISupport
LogPluginManager: Mounting plugin OodleData
LogPluginManager: Mounting plugin CameraShakePreviewer
LogPluginManager: Mounting plugin OodleNetwork
LogPluginManager: Mounting plugin GameplayCameras
LogPluginManager: Mounting plugin AnimationSharing
LogPluginManager: Mounting plugin CodeLiteSourceCodeAccess
LogPluginManager: Mounting plugin KDevelopSourceCodeAccess
LogPluginManager: Mounting plugin NullSourceCodeAccess
LogPluginManager: Mounting plugin GitSourceControl
LogPluginManager: Mounting plugin PerforceSourceControl
LogPluginManager: Mounting plugin PixWinPlugin
LogPluginManager: Mounting plugin PlasticSourceControl
LogPluginManager: Mounting plugin PluginUtils
LogPluginManager: Mounting plugin PropertyAccessNode
LogPluginManager: Mounting plugin RiderSourceCodeAccess
LogPluginManager: Mounting plugin TextureFormatOodle
LogPluginManager: Mounting plugin VisualStudioSourceCodeAccess
LogPluginManager: Mounting plugin UObjectPlugin
LogPluginManager: Mounting plugin VisualStudioCodeSourceCodeAccess
LogPluginManager: Mounting plugin SubversionSourceControl
LogPluginManager: Mounting plugin XCodeSourceCodeAccess
LogPluginManager: Mounting plugin EnvironmentQueryEditor
LogPluginManager: Mounting plugin CryptoKeys
LogPluginManager: Mounting plugin DataValidation
LogPluginManager: Mounting plugin FacialAnimation
LogPluginManager: Mounting plugin GeometryMode
LogPluginManager: Mounting plugin CurveEditorTools
LogPluginManager: Mounting plugin AssetManagerEditor
LogPluginManager: Mounting plugin MacGraphicsSwitching
LogPluginManager: Mounting plugin CLionSourceCodeAccess
LogPluginManager: Mounting plugin MobileLauncherProfileWizard
LogPluginManager: Mounting plugin AutomationUtils
LogPluginManager: Mounting plugin BackChannel
LogPluginManager: Mounting plugin SpeedTreeImporter
LogPluginManager: Mounting plugin ChaosClothEditor
LogPluginManager: Mounting plugin ChaosCloth
LogPluginManager: Mounting plugin ChaosNiagara
LogPluginManager: Mounting plugin CharacterAI
LogPluginManager: Mounting plugin ChaosSolverPlugin
LogPluginManager: Mounting plugin ChaosEditor
LogPluginManager: Mounting plugin DatasmithContent
LogPluginManager: Mounting plugin GeometryCollectionPlugin
LogPluginManager: Mounting plugin GeometryProcessing
LogPluginManager: Mounting plugin GeometryCache
LogPluginManager: Mounting plugin OpenImageDenoise
LogPluginManager: Mounting plugin PlanarCut
LogPluginManager: Mounting plugin PlatformCrypto
LogPluginManager: Mounting plugin ProxyLODPlugin
LogPluginManager: Mounting plugin MotoSynth
LogPluginManager: Mounting plugin PythonScriptPlugin
LogPluginManager: Mounting plugin SkeletalReduction
LogPluginManager: Mounting plugin Niagara
LogPluginManager: Mounting plugin TcpMessaging
LogPluginManager: Mounting plugin UdpMessaging
LogPluginManager: Mounting plugin LuminPlatformFeatures
LogPluginManager: Mounting plugin ActorSequence
LogPluginManager: Mounting plugin MatineeToLevelSequence
LogPluginManager: Mounting plugin MaterialAnalyzer
LogPluginManager: Mounting plugin LevelSequenceEditor
LogPluginManager: Mounting plugin MagicLeap
LogPluginManager: Mounting plugin TemplateSequence
LogPluginManager: Mounting plugin MagicLeapMedia
LogPluginManager: Mounting plugin MagicLeapLightEstimation
LogPluginManager: Mounting plugin MagicLeapPassableWorld
LogPluginManager: Mounting plugin MLSDK
LogPluginManager: Mounting plugin GameplayTagsEditor
LogPluginManager: Mounting plugin OnlineSubsystem
LogPluginManager: Mounting plugin OnlineSubsystemUtils
LogPluginManager: Mounting plugin AvfMedia
LogPluginManager: Mounting plugin LauncherChunkInstaller
LogPluginManager: Mounting plugin AndroidMedia
LogPluginManager: Mounting plugin ImgMedia
LogPluginManager: Mounting plugin MediaPlayerEditor
LogPluginManager: Mounting plugin MediaCompositing
LogPluginManager: Mounting plugin WebMMedia
LogPluginManager: Mounting plugin WmfMedia
LogPluginManager: Mounting plugin ActorLayerUtilities
LogPluginManager: Mounting plugin AndroidDeviceProfileSelector
LogPluginManager: Mounting plugin AndroidMoviePlayer
LogPluginManager: Mounting plugin AndroidPermission
LogPluginManager: Mounting plugin AppleImageUtils
LogPluginManager: Mounting plugin AppleMoviePlayer
LogPluginManager: Mounting plugin ArchVisCharacter
LogPluginManager: Mounting plugin AudioCapture
LogPluginManager: Mounting plugin AudioSynesthesia
LogPluginManager: Mounting plugin AssetTags
LogPluginManager: Mounting plugin ChunkDownloader
LogPluginManager: Mounting plugin CableComponent
LogPluginManager: Mounting plugin EditableMesh
LogPluginManager: Mounting plugin ExampleDeviceProfileSelector
LogPluginManager: Mounting plugin OnlineSubsystemNull
LogPluginManager: Mounting plugin VariantManagerContent
LogPluginManager: Mounting plugin PluginBrowser
LogPluginManager: Mounting plugin CustomMeshComponent
LogPluginManager: Mounting plugin Takes
LogPluginManager: Mounting plugin ScreenshotTools
LogPluginManager: Mounting plugin GoogleCloudMessaging
LogPluginManager: Mounting plugin GooglePAD
LogPluginManager: Mounting plugin AlembicImporter
LogPluginManager: Mounting plugin IOSDeviceProfileSelector
LogPluginManager: Mounting plugin LinuxDeviceProfileSelector
LogPluginManager: Mounting plugin MobilePatchingUtils
LogPluginManager: Mounting plugin LocationServicesBPLibrary
LogPluginManager: Mounting plugin OpenXR
LogPluginManager: Mounting plugin OpenXRHandTracking
LogPluginManager: Mounting plugin OpenXREyeTracker
LogPluginManager: Mounting plugin PhysXVehicles
LogPluginManager: Mounting plugin ProceduralMeshComponent
LogPluginManager: Mounting plugin SignificanceManager
LogPluginManager: Mounting plugin PostSplashScreen
LogPluginManager: Mounting plugin SoundFields
LogPluginManager: Mounting plugin RuntimePhysXCooking
LogPluginManager: Mounting plugin Synthesis
LogPluginManager: Mounting plugin WebMMoviePlayer
LogPluginManager: Mounting plugin WindowsMoviePlayer
LogPluginManager: Mounting plugin PropertyAccessEditor
LogPluginManager: Mounting plugin ContentBrowserAssetDataSource
LogPluginManager: Mounting plugin ContentBrowserClassDataSource
LogPluginManager: Mounting plugin ContentBrowserFileDataSource
LogPluginManager: Mounting plugin OnlineSubsystemGooglePlay
LogPluginManager: Mounting plugin OnlineSubsystemIOS
LogPluginManager: Mounting plugin OculusVR
LogPluginManager: Mounting plugin SteamVR
PixWinPlugin: PIX capture plugin failed to initialize! Check that the process is launched from PIX.
LogInit: Using libcurl 7.55.1-DEV
LogInit:  - built for x86_64-pc-win32
LogInit:  - supports SSL with OpenSSL/1.1.1
LogInit:  - supports HTTP deflate (compression) using libz 1.2.8
LogInit:  - other features:
LogInit:      CURL_VERSION_SSL
LogInit:      CURL_VERSION_LIBZ
LogInit:      CURL_VERSION_IPV6
LogInit:      CURL_VERSION_ASYNCHDNS
LogInit:      CURL_VERSION_LARGEFILE
LogInit:      CURL_VERSION_IDN
LogInit:  CurlRequestOptions (configurable via config and command line):
LogInit:  - bVerifyPeer = true  - Libcurl will verify peer certificate
LogInit:  - bUseHttpProxy = false  - Libcurl will NOT use HTTP proxy
LogInit:  - bDontReuseConnections = false  - Libcurl will reuse connections
LogInit:  - MaxHostConnections = 16  - Libcurl will limit the number of connections to a host
LogInit:  - LocalHostAddr = Default
LogInit:  - BufferSize = 65536
LogOnline: OSS: Creating online subsystem instance for: NULL
LogInit: WinSock: version 1.1 (2.2), MaxSocks=32767, MaxUdp=65467
LogOnline: OSS: TryLoadSubsystemAndSetDefault: Loaded subsystem for module [NULL]
LogOculusPluginWrapper: OculusPlugin initialized successfully
LogHMD: Failed initializing OVRPlugin 1.59.0
LogInit: Build: ++UE4+Release-4.27-CL-18319896
LogInit: Engine Version: 4.27.2-18319896+++UE4+Release-4.27
LogInit: Compatible Engine Version: 4.27.0-17155196+++UE4+Release-4.27
LogInit: Net CL: 17155196
LogInit: OS: Windows 10 (Release 2009) (), CPU: 12th Gen Intel(R) Core(TM) i9-12900H, GPU: NVIDIA GeForce RTX 3080 Laptop GPU
LogInit: Compiled (64-bit): Nov 30 2021 07:12:08
LogInit: Compiled with Visual C++: 19.24.28315.00
LogInit: Build Configuration: Development
LogInit: Branch Name: ++UE4+Release-4.27
LogInit: Command Line:  -AUTH_LOGIN=unused -AUTH_PASSWORD=565a5cd2a60e45d1bac8586bcca8886c -AUTH_TYPE=exchangecode -epicapp=UE_4.27 -epicenv=Prod -EpicPortal -epicusername=레이어가나슈 -epicuserid=4b7b2e0397334694a1a5e55852a1495e -epiclocale=ko -epicsandboxid=ue
LogInit: Base Directory: C:/Program Files/Epic Games/UE_4.27/Engine/Binaries/Win64/
LogInit: Allocator: TBB
LogInit: Installed Engine Build: 1
LogDevObjectVersion: Number of dev versions registered: 29
LogDevObjectVersion:   Dev-Blueprints (B0D832E4-1F89-4F0D-ACCF-7EB736FD4AA2): 10
LogDevObjectVersion:   Dev-Build (E1C64328-A22C-4D53-A36C-8E866417BD8C): 0
LogDevObjectVersion:   Dev-Core (375EC13C-06E4-48FB-B500-84F0262A717E): 4
LogDevObjectVersion:   Dev-Editor (E4B068ED-F494-42E9-A231-DA0B2E46BB41): 40
LogDevObjectVersion:   Dev-Framework (CFFC743F-43B0-4480-9391-14DF171D2073): 37
LogDevObjectVersion:   Dev-Mobile (B02B49B5-BB20-44E9-A304-32B752E40360): 3
LogDevObjectVersion:   Dev-Networking (A4E4105C-59A1-49B5-A7C5-40C4547EDFEE): 0
LogDevObjectVersion:   Dev-Online (39C831C9-5AE6-47DC-9A44-9C173E1C8E7C): 0
LogDevObjectVersion:   Dev-Physics (78F01B33-EBEA-4F98-B9B4-84EACCB95AA2): 14
LogDevObjectVersion:   Dev-Platform (6631380F-2D4D-43E0-8009-CF276956A95A): 0
LogDevObjectVersion:   Dev-Rendering (12F88B9F-8875-4AFC-A67C-D90C383ABD29): 45
LogDevObjectVersion:   Dev-Sequencer (7B5AE74C-D270-4C10-A958-57980B212A5A): 13
LogDevObjectVersion:   Dev-VR (D7296918-1DD6-4BDD-9DE2-64A83CC13884): 3
LogDevObjectVersion:   Dev-LoadTimes (C2A15278-BFE7-4AFE-6C17-90FF531DF755): 1
LogDevObjectVersion:   Private-Geometry (6EACA3D4-40EC-4CC1-B786-8BED09428FC5): 3
LogDevObjectVersion:   Dev-AnimPhys (29E575DD-E0A3-4627-9D10-D276232CDCEA): 17
LogDevObjectVersion:   Dev-Anim (AF43A65D-7FD3-4947-9873-3E8ED9C1BB05): 15
LogDevObjectVersion:   Dev-ReflectionCapture (6B266CEC-1EC7-4B8F-A30B-E4D90942FC07): 1
LogDevObjectVersion:   Dev-Automation (0DF73D61-A23F-47EA-B727-89E90C41499A): 1
LogDevObjectVersion:   FortniteMain (601D1886-AC64-4F84-AA16-D3DE0DEAC7D6): 47
LogDevObjectVersion:   FortniteRelease (E7086368-6B23-4C58-8439-1B7016265E91): 1
LogDevObjectVersion:   Dev-Enterprise (9DFFBCD6-494F-0158-E221-12823C92A888): 10
LogDevObjectVersion:   Dev-Niagara (F2AED0AC-9AFE-416F-8664-AA7FFA26D6FC): 1
LogDevObjectVersion:   Dev-Destruction (174F1F0B-B4C6-45A5-B13F-2EE8D0FB917D): 10
LogDevObjectVersion:   Dev-Physics-Ext (35F94A83-E258-406C-A318-09F59610247C): 41
LogDevObjectVersion:   Dev-PhysicsMaterial-Chaos (B68FC16E-8B1B-42E2-B453-215C058844FE): 1
LogDevObjectVersion:   Dev-CineCamera (B2E18506-4273-CFC2-A54E-F4BB758BBA07): 1
LogDevObjectVersion:   Dev-VirtualProduction (64F58936-FD1B-42BA-BA96-7289D5D0FA4E): 1
LogDevObjectVersion:   Dev-MediaFramework (6F0ED827-A609-4895-9C91-998D90180EA4): 2
LogInit: Presizing for max 25165824 objects, including 0 objects not considered by GC, pre-allocating 0 bytes for permanent pool.
LogConfig: Applying CVar settings from Section [/Script/Engine.StreamingSettings] File [C:/Users/admin/Documents/GitHub/UnrealProjectL4D2/Unreal_R4D2_Copy/Saved/Config/Windows/Engine.ini]
LogConfig: Setting CVar [[s.MinBulkDataSizeForAsyncLoading:131072]]
LogConfig: Setting CVar [[s.AsyncLoadingThreadEnabled:0]]
LogConfig: Setting CVar [[s.EventDrivenLoaderEnabled:1]]
LogConfig: Setting CVar [[s.WarnIfTimeLimitExceeded:0]]
LogConfig: Setting CVar [[s.TimeLimitExceededMultiplier:1.5]]
LogConfig: Setting CVar [[s.TimeLimitExceededMinTime:0.005]]
LogConfig: Setting CVar [[s.UseBackgroundLevelStreaming:1]]
LogConfig: Setting CVar [[s.PriorityAsyncLoadingExtraTime:15.0]]
LogConfig: Setting CVar [[s.LevelStreamingActorsUpdateTimeLimit:5.0]]
LogConfig: Setting CVar [[s.PriorityLevelStreamingActorsUpdateExtraTime:5.0]]
LogConfig: Setting CVar [[s.LevelStreamingComponentsRegistrationGranularity:10]]
LogConfig: Setting CVar [[s.UnregisterComponentsTimeLimit:1.0]]
LogConfig: Setting CVar [[s.LevelStreamingComponentsUnregistrationGranularity:5]]
LogConfig: Setting CVar [[s.FlushStreamingOnExit:1]]
LogInit: Object subsystem initialized
LogConfig: Setting CVar [[con.DebugEarlyDefault:1]]
LogConfig: Setting CVar [[r.setres:1280x720]]
[2024.12.24-06.57.08:496][  0]LogConfig: Setting CVar [[r.VSync:0]]
[2024.12.24-06.57.08:496][  0]LogConfig: Setting CVar [[r.RHICmdBypass:0]]
[2024.12.24-06.57.08:496][  0]LogConfig: Applying CVar settings from Section [/Script/Engine.RendererSettings] File [C:/Users/admin/Documents/GitHub/UnrealProjectL4D2/Unreal_R4D2_Copy/Saved/Config/Windows/Engine.ini]
[2024.12.24-06.57.08:496][  0]LogConfig: Setting CVar [[r.GPUCrashDebugging:0]]
[2024.12.24-06.57.08:496][  0]LogConfig: Applying CVar settings from Section [/Script/Engine.RendererOverrideSettings] File [C:/Users/admin/Documents/GitHub/UnrealProjectL4D2/Unreal_R4D2_Copy/Saved/Config/Windows/Engine.ini]
[2024.12.24-06.57.08:496][  0]LogConfig: Applying CVar settings from Section [/Script/Engine.StreamingSettings] File [C:/Users/admin/Documents/GitHub/UnrealProjectL4D2/Unreal_R4D2_Copy/Saved/Config/Windows/Engine.ini]
[2024.12.24-06.57.08:496][  0]LogConfig: Setting CVar [[s.MinBulkDataSizeForAsyncLoading:131072]]
[2024.12.24-06.57.08:496][  0]LogConfig: Setting CVar [[s.AsyncLoadingThreadEnabled:0]]
[2024.12.24-06.57.08:496][  0]LogConfig: Setting CVar [[s.EventDrivenLoaderEnabled:1]]
[2024.12.24-06.57.08:496][  0]LogConfig: Setting CVar [[s.WarnIfTimeLimitExceeded:0]]
[2024.12.24-06.57.08:496][  0]LogConfig: Setting CVar [[s.TimeLimitExceededMultiplier:1.5]]
[2024.12.24-06.57.08:496][  0]LogConfig: Setting CVar [[s.TimeLimitExceededMinTime:0.005]]
[2024.12.24-06.57.08:496][  0]LogConfig: Setting CVar [[s.UseBackgroundLevelStreaming:1]]
[2024.12.24-06.57.08:496][  0]LogConfig: Setting CVar [[s.PriorityAsyncLoadingExtraTime:15.0]]
[2024.12.24-06.57.08:496][  0]LogConfig: Setting CVar [[s.LevelStreamingActorsUpdateTimeLimit:5.0]]
[2024.12.24-06.57.08:496][  0]LogConfig: Setting CVar [[s.PriorityLevelStreamingActorsUpdateExtraTime:5.0]]
[2024.12.24-06.57.08:496][  0]LogConfig: Setting CVar [[s.LevelStreamingComponentsRegistrationGranularity:10]]
[2024.12.24-06.57.08:496][  0]LogConfig: Setting CVar [[s.UnregisterComponentsTimeLimit:1.0]]
[2024.12.24-06.57.08:496][  0]LogConfig: Setting CVar [[s.LevelStreamingComponentsUnregistrationGranularity:5]]
[2024.12.24-06.57.08:496][  0]LogConfig: Setting CVar [[s.FlushStreamingOnExit:1]]
[2024.12.24-06.57.08:496][  0]LogConfig: Applying CVar settings from Section [/Script/Engine.GarbageCollectionSettings] File [C:/Users/admin/Documents/GitHub/UnrealProjectL4D2/Unreal_R4D2_Copy/Saved/Config/Windows/Engine.ini]
[2024.12.24-06.57.08:496][  0]LogConfig: Setting CVar [[gc.MaxObjectsNotConsideredByGC:1]]
[2024.12.24-06.57.08:496][  0]LogConfig: Setting CVar [[gc.SizeOfPermanentObjectPool:0]]
[2024.12.24-06.57.08:496][  0]LogConfig: Setting CVar [[gc.FlushStreamingOnGC:0]]
[2024.12.24-06.57.08:496][  0]LogConfig: Setting CVar [[gc.NumRetriesBeforeForcingGC:10]]
[2024.12.24-06.57.08:496][  0]LogConfig: Setting CVar [[gc.AllowParallelGC:1]]
[2024.12.24-06.57.08:496][  0]LogConfig: Setting CVar [[gc.TimeBetweenPurgingPendingKillObjects:61.1]]
[2024.12.24-06.57.08:496][  0]LogConfig: Setting CVar [[gc.MaxObjectsInEditor:25165824]]
[2024.12.24-06.57.08:496][  0]LogConfig: Setting CVar [[gc.IncrementalBeginDestroyEnabled:1]]
[2024.12.24-06.57.08:496][  0]LogConfig: Setting CVar [[gc.CreateGCClusters:1]]
[2024.12.24-06.57.08:496][  0]LogConfig: Setting CVar [[gc.MinGCClusterSize:5]]
[2024.12.24-06.57.08:496][  0]LogConfig: Setting CVar [[gc.ActorClusteringEnabled:0]]
[2024.12.24-06.57.08:496][  0]LogConfig: Setting CVar [[gc.BlueprintClusteringEnabled:0]]
[2024.12.24-06.57.08:496][  0]LogConfig: Setting CVar [[gc.UseDisregardForGCOnDedicatedServers:0]]
[2024.12.24-06.57.08:496][  0]LogConfig: Setting CVar [[gc.MultithreadedDestructionEnabled:1]]
[2024.12.24-06.57.08:496][  0]LogConfig: Applying CVar settings from Section [/Script/Engine.NetworkSettings] File [C:/Users/admin/Documents/GitHub/UnrealProjectL4D2/Unreal_R4D2_Copy/Saved/Config/Windows/Engine.ini]
[2024.12.24-06.57.08:496][  0]LogConfig: Applying CVar settings from Section [/Script/UnrealEd.CookerSettings] File [C:/Users/admin/Documents/GitHub/UnrealProjectL4D2/Unreal_R4D2_Copy/Saved/Config/Windows/Engine.ini]
[2024.12.24-06.57.08:500][  0]LogConfig: Applying CVar settings from Section [ViewDistanceQuality@3] File [C:/Users/admin/Documents/GitHub/UnrealProjectL4D2/Unreal_R4D2_Copy/Saved/Config/Windows/Scalability.ini]
[2024.12.24-06.57.08:500][  0]LogConfig: Setting CVar [[r.SkeletalMeshLODBias:0]]
[2024.12.24-06.57.08:500][  0]LogConfig: Setting CVar [[r.ViewDistanceScale:1.0]]
[2024.12.24-06.57.08:501][  0]LogConfig: Applying CVar settings from Section [AntiAliasingQuality@3] File [C:/Users/admin/Documents/GitHub/UnrealProjectL4D2/Unreal_R4D2_Copy/Saved/Config/Windows/Scalability.ini]
[2024.12.24-06.57.08:501][  0]LogConfig: Setting CVar [[r.PostProcessAAQuality:4]]
[2024.12.24-06.57.08:501][  0]LogConfig: Applying CVar settings from Section [ShadowQuality@3] File [C:/Users/admin/Documents/GitHub/UnrealProjectL4D2/Unreal_R4D2_Copy/Saved/Config/Windows/Scalability.ini]
[2024.12.24-06.57.08:501][  0]LogConfig: Setting CVar [[r.LightFunctionQuality:1]]
[2024.12.24-06.57.08:501][  0]LogConfig: Setting CVar [[r.ShadowQuality:5]]
[2024.12.24-06.57.08:501][  0]LogConfig: Setting CVar [[r.Shadow.CSM.MaxCascades:10]]
[2024.12.24-06.57.08:501][  0]LogConfig: Setting CVar [[r.Shadow.MaxResolution:2048]]
[2024.12.24-06.57.08:501][  0]LogConfig: Setting CVar [[r.Shadow.MaxCSMResolution:2048]]
[2024.12.24-06.57.08:501][  0]LogConfig: Setting CVar [[r.Shadow.RadiusThreshold:0.01]]
[2024.12.24-06.57.08:501][  0]LogConfig: Setting CVar [[r.Shadow.DistanceScale:1.0]]
[2024.12.24-06.57.08:501][  0]LogConfig: Setting CVar [[r.Shadow.CSM.TransitionScale:1.0]]
[2024.12.24-06.57.08:501][  0]LogConfig: Setting CVar [[r.Shadow.PreShadowResolutionFactor:1.0]]
[2024.12.24-06.57.08:501][  0]LogConfig: Setting CVar [[r.DistanceFieldShadowing:1]]
[2024.12.24-06.57.08:501][  0]LogConfig: Setting CVar [[r.DistanceFieldAO:1]]
[2024.12.24-06.57.08:501][  0]LogConfig: Setting CVar [[r.AOQuality:2]]
[2024.12.24-06.57.08:501][  0]LogConfig: Setting CVar [[r.VolumetricFog:1]]
[2024.12.24-06.57.08:501][  0]LogConfig: Setting CVar [[r.VolumetricFog.GridPixelSize:8]]
[2024.12.24-06.57.08:501][  0]LogConfig: Setting CVar [[r.VolumetricFog.GridSizeZ:128]]
[2024.12.24-06.57.08:501][  0]LogConfig: Setting CVar [[r.VolumetricFog.HistoryMissSupersampleCount:4]]
[2024.12.24-06.57.08:501][  0]LogConfig: Setting CVar [[r.LightMaxDrawDistanceScale:1]]
[2024.12.24-06.57.08:501][  0]LogConfig: Setting CVar [[r.CapsuleShadows:1]]
[2024.12.24-06.57.08:501][  0]LogConfig: Applying CVar settings from Section [PostProcessQuality@3] File [C:/Users/admin/Documents/GitHub/UnrealProjectL4D2/Unreal_R4D2_Copy/Saved/Config/Windows/Scalability.ini]
[2024.12.24-06.57.08:501][  0]LogConfig: Setting CVar [[r.MotionBlurQuality:4]]
[2024.12.24-06.57.08:501][  0]LogConfig: Setting CVar [[r.AmbientOcclusionMipLevelFactor:0.4]]
[2024.12.24-06.57.08:501][  0]LogConfig: Setting CVar [[r.AmbientOcclusionMaxQuality:100]]
[2024.12.24-06.57.08:501][  0]LogConfig: Setting CVar [[r.AmbientOcclusionLevels:-1]]
[2024.12.24-06.57.08:501][  0]LogConfig: Setting CVar [[r.AmbientOcclusionRadiusScale:1.0]]
[2024.12.24-06.57.08:501][  0]LogConfig: Setting CVar [[r.DepthOfFieldQuality:2]]
[2024.12.24-06.57.08:501][  0]LogConfig: Setting CVar [[r.RenderTargetPoolMin:400]]
[2024.12.24-06.57.08:501][  0]LogConfig: Setting CVar [[r.LensFlareQuality:2]]
[2024.12.24-06.57.08:501][  0]LogConfig: Setting CVar [[r.SceneColorFringeQuality:1]]
[2024.12.24-06.57.08:501][  0]LogConfig: Setting CVar [[r.EyeAdaptationQuality:2]]
[2024.12.24-06.57.08:501][  0]LogConfig: Setting CVar [[r.BloomQuality:5]]
[2024.12.24-06.57.08:501][  0]LogConfig: Setting CVar [[r.FastBlurThreshold:100]]
[2024.12.24-06.57.08:501][  0]LogConfig: Setting CVar [[r.Upscale.Quality:3]]
[2024.12.24-06.57.08:501][  0]LogConfig: Setting CVar [[r.Tonemapper.GrainQuantization:1]]
[2024.12.24-06.57.08:501][  0]LogConfig: Setting CVar [[r.LightShaftQuality:1]]
[2024.12.24-06.57.08:501][  0]LogConfig: Setting CVar [[r.Filter.SizeScale:1]]
[2024.12.24-06.57.08:501][  0]LogConfig: Setting CVar [[r.Tonemapper.Quality:5]]
[2024.12.24-06.57.08:501][  0]LogConfig: Setting CVar [[r.DOF.Gather.AccumulatorQuality:1        ; higher gathering accumulator quality]]
[2024.12.24-06.57.08:501][  0]LogConfig: Setting CVar [[r.DOF.Gather.PostfilterMethod:1          ; Median3x3 postfilering method]]
[2024.12.24-06.57.08:501][  0]LogConfig: Setting CVar [[r.DOF.Gather.EnableBokehSettings:0       ; no bokeh simulation when gathering]]
[2024.12.24-06.57.08:501][  0]LogConfig: Setting CVar [[r.DOF.Gather.RingCount:4                 ; medium number of samples when gathering]]
[2024.12.24-06.57.08:501][  0]LogConfig: Setting CVar [[r.DOF.Scatter.ForegroundCompositing:1    ; additive foreground scattering]]
[2024.12.24-06.57.08:501][  0]LogConfig: Setting CVar [[r.DOF.Scatter.BackgroundCompositing:2    ; additive background scattering]]
[2024.12.24-06.57.08:501][  0]LogConfig: Setting CVar [[r.DOF.Scatter.EnableBokehSettings:1      ; bokeh simulation when scattering]]
[2024.12.24-06.57.08:501][  0]LogConfig: Setting CVar [[r.DOF.Scatter.MaxSpriteRatio:0.1         ; only a maximum of 10% of scattered bokeh]]
[2024.12.24-06.57.08:501][  0]LogConfig: Setting CVar [[r.DOF.Recombine.Quality:1                ; cheap slight out of focus]]
[2024.12.24-06.57.08:501][  0]LogConfig: Setting CVar [[r.DOF.Recombine.EnableBokehSettings:0    ; no bokeh simulation on slight out of focus]]
[2024.12.24-06.57.08:501][  0]LogConfig: Setting CVar [[r.DOF.TemporalAAQuality:1                ; more stable temporal accumulation]]
[2024.12.24-06.57.08:501][  0]LogConfig: Setting CVar [[r.DOF.Kernel.MaxForegroundRadius:0.025]]
[2024.12.24-06.57.08:501][  0]LogConfig: Setting CVar [[r.DOF.Kernel.MaxBackgroundRadius:0.025]]
[2024.12.24-06.57.08:501][  0]LogConfig: Applying CVar settings from Section [TextureQuality@3] File [C:/Users/admin/Documents/GitHub/UnrealProjectL4D2/Unreal_R4D2_Copy/Saved/Config/Windows/Scalability.ini]
[2024.12.24-06.57.08:501][  0]LogConfig: Setting CVar [[r.Streaming.MipBias:0]]
[2024.12.24-06.57.08:501][  0]LogConfig: Setting CVar [[r.Streaming.AmortizeCPUToGPUCopy:0]]
[2024.12.24-06.57.08:501][  0]LogConfig: Setting CVar [[r.Streaming.MaxNumTexturesToStreamPerFrame:0]]
[2024.12.24-06.57.08:501][  0]LogConfig: Setting CVar [[r.Streaming.Boost:1]]
[2024.12.24-06.57.08:501][  0]LogConfig: Setting CVar [[r.MaxAnisotropy:8]]
[2024.12.24-06.57.08:501][  0]LogConfig: Setting CVar [[r.VT.MaxAnisotropy:8]]
[2024.12.24-06.57.08:501][  0]LogConfig: Setting CVar [[r.Streaming.LimitPoolSizeToVRAM:0]]
[2024.12.24-06.57.08:501][  0]LogConfig: Setting CVar [[r.Streaming.PoolSize:1000]]
[2024.12.24-06.57.08:501][  0]LogConfig: Setting CVar [[r.Streaming.MaxEffectiveScreenSize:0]]
[2024.12.24-06.57.08:501][  0]LogConfig: Applying CVar settings from Section [EffectsQuality@3] File [C:/Users/admin/Documents/GitHub/UnrealProjectL4D2/Unreal_R4D2_Copy/Saved/Config/Windows/Scalability.ini]
[2024.12.24-06.57.08:501][  0]LogConfig: Setting CVar [[r.TranslucencyLightingVolumeDim:64]]
[2024.12.24-06.57.08:501][  0]LogConfig: Setting CVar [[r.RefractionQuality:2]]
[2024.12.24-06.57.08:501][  0]LogConfig: Setting CVar [[r.SSR.Quality:3]]
[2024.12.24-06.57.08:501][  0]LogConfig: Setting CVar [[r.SSR.HalfResSceneColor:0]]
[2024.12.24-06.57.08:501][  0]LogConfig: Setting CVar [[r.SceneColorFormat:4]]
[2024.12.24-06.57.08:501][  0]LogConfig: Setting CVar [[r.DetailMode:2]]
[2024.12.24-06.57.08:501][  0]LogConfig: Setting CVar [[r.TranslucencyVolumeBlur:1]]
[2024.12.24-06.57.08:501][  0]LogConfig: Setting CVar [[r.MaterialQualityLevel:1 ; High quality]]
[2024.12.24-06.57.08:501][  0]LogConfig: Setting CVar [[r.AnisotropicMaterials:1]]
[2024.12.24-06.57.08:501][  0]LogConfig: Setting CVar [[r.SSS.Scale:1]]
[2024.12.24-06.57.08:501][  0]LogConfig: Setting CVar [[r.SSS.SampleSet:2]]
[2024.12.24-06.57.08:501][  0]LogConfig: Setting CVar [[r.SSS.Quality:1]]
[2024.12.24-06.57.08:501][  0]LogConfig: Setting CVar [[r.SSS.HalfRes:0]]
[2024.12.24-06.57.08:501][  0]LogConfig: Setting CVar [[r.SSGI.Quality:3]]
[2024.12.24-06.57.08:501][  0]LogConfig: Setting CVar [[r.EmitterSpawnRateScale:1.0]]
[2024.12.24-06.57.08:501][  0]LogConfig: Setting CVar [[r.ParticleLightQuality:2]]
[2024.12.24-06.57.08:501][  0]LogConfig: Setting CVar [[r.SkyAtmosphere.AerialPerspectiveLUT.FastApplyOnOpaque:1 ; Always have FastSkyLUT 1 in this case to avoid wrong sky]]
[2024.12.24-06.57.08:501][  0]LogConfig: Setting CVar [[r.SkyAtmosphere.AerialPerspectiveLUT.SampleCountMaxPerSlice:4]]
[2024.12.24-06.57.08:501][  0]LogConfig: Setting CVar [[r.SkyAtmosphere.AerialPerspectiveLUT.DepthResolution:16.0]]
[2024.12.24-06.57.08:501][  0]LogConfig: Setting CVar [[r.SkyAtmosphere.FastSkyLUT:1]]
[2024.12.24-06.57.08:501][  0]LogConfig: Setting CVar [[r.SkyAtmosphere.FastSkyLUT.SampleCountMin:4.0]]
[2024.12.24-06.57.08:501][  0]LogConfig: Setting CVar [[r.SkyAtmosphere.FastSkyLUT.SampleCountMax:128.0]]
[2024.12.24-06.57.08:501][  0]LogConfig: Setting CVar [[r.SkyAtmosphere.SampleCountMin:4.0]]
[2024.12.24-06.57.08:501][  0]LogConfig: Setting CVar [[r.SkyAtmosphere.SampleCountMax:128.0]]
[2024.12.24-06.57.08:501][  0]LogConfig: Setting CVar [[r.SkyAtmosphere.TransmittanceLUT.UseSmallFormat:0]]
[2024.12.24-06.57.08:501][  0]LogConfig: Setting CVar [[r.SkyAtmosphere.TransmittanceLUT.SampleCount:10.0]]
[2024.12.24-06.57.08:501][  0]LogConfig: Setting CVar [[r.SkyAtmosphere.MultiScatteringLUT.SampleCount:15.0]]
[2024.12.24-06.57.08:501][  0]LogConfig: Setting CVar [[r.SkyLight.RealTimeReflectionCapture:1]]
[2024.12.24-06.57.08:501][  0]LogConfig: Applying CVar settings from Section [FoliageQuality@3] File [C:/Users/admin/Documents/GitHub/UnrealProjectL4D2/Unreal_R4D2_Copy/Saved/Config/Windows/Scalability.ini]
[2024.12.24-06.57.08:501][  0]LogConfig: Setting CVar [[foliage.DensityScale:1.0]]
[2024.12.24-06.57.08:501][  0]LogConfig: Setting CVar [[grass.DensityScale:1.0]]
[2024.12.24-06.57.08:501][  0]LogConfig: Applying CVar settings from Section [ShadingQuality@3] File [C:/Users/admin/Documents/GitHub/UnrealProjectL4D2/Unreal_R4D2_Copy/Saved/Config/Windows/Scalability.ini]
[2024.12.24-06.57.08:501][  0]LogConfig: Setting CVar [[r.HairStrands.SkyLighting.IntegrationType:2]]
[2024.12.24-06.57.08:501][  0]LogConfig: Setting CVar [[r.HairStrands.SkyAO.SampleCount:4]]
[2024.12.24-06.57.08:501][  0]LogConfig: Setting CVar [[r.HairStrands.Visibility.MSAA.SamplePerPixel:4]]
[2024.12.24-06.57.08:501][  0]LogInit: Selected Device Profile: [Windows]
[2024.12.24-06.57.08:501][  0]LogInit: Applying CVar settings loaded from the selected device profile: [Windows]
[2024.12.24-06.57.08:501][  0]LogHAL: Display: Platform has ~ 16 GB [16823816192 / 17179869184 / 16], which maps to Larger [LargestMinGB=32, LargerMinGB=12, DefaultMinGB=8, SmallerMinGB=6, SmallestMinGB=0)
[2024.12.24-06.57.08:501][  0]LogInit: Going up to parent DeviceProfile []
[2024.12.24-06.57.08:501][  0]LogConfig: Applying CVar settings from Section [ViewDistanceQuality@3] File [C:/Users/admin/Documents/GitHub/UnrealProjectL4D2/Unreal_R4D2_Copy/Saved/Config/Windows/Scalability.ini]
[2024.12.24-06.57.08:501][  0]LogConfig: Setting CVar [[r.SkeletalMeshLODBias:0]]
[2024.12.24-06.57.08:501][  0]LogConfig: Setting CVar [[r.ViewDistanceScale:1.0]]
[2024.12.24-06.57.08:501][  0]LogConfig: Applying CVar settings from Section [AntiAliasingQuality@3] File [C:/Users/admin/Documents/GitHub/UnrealProjectL4D2/Unreal_R4D2_Copy/Saved/Config/Windows/Scalability.ini]
[2024.12.24-06.57.08:501][  0]LogConfig: Setting CVar [[r.PostProcessAAQuality:4]]
[2024.12.24-06.57.08:501][  0]LogConfig: Applying CVar settings from Section [ShadowQuality@3] File [C:/Users/admin/Documents/GitHub/UnrealProjectL4D2/Unreal_R4D2_Copy/Saved/Config/Windows/Scalability.ini]
[2024.12.24-06.57.08:501][  0]LogConfig: Setting CVar [[r.LightFunctionQuality:1]]
[2024.12.24-06.57.08:501][  0]LogConfig: Setting CVar [[r.ShadowQuality:5]]
[2024.12.24-06.57.08:501][  0]LogConfig: Setting CVar [[r.Shadow.CSM.MaxCascades:10]]
[2024.12.24-06.57.08:501][  0]LogConfig: Setting CVar [[r.Shadow.MaxResolution:2048]]
[2024.12.24-06.57.08:501][  0]LogConfig: Setting CVar [[r.Shadow.MaxCSMResolution:2048]]
[2024.12.24-06.57.08:501][  0]LogConfig: Setting CVar [[r.Shadow.RadiusThreshold:0.01]]
[2024.12.24-06.57.08:501][  0]LogConfig: Setting CVar [[r.Shadow.DistanceScale:1.0]]
[2024.12.24-06.57.08:501][  0]LogConfig: Setting CVar [[r.Shadow.CSM.TransitionScale:1.0]]
[2024.12.24-06.57.08:501][  0]LogConfig: Setting CVar [[r.Shadow.PreShadowResolutionFactor:1.0]]
[2024.12.24-06.57.08:501][  0]LogConfig: Setting CVar [[r.DistanceFieldShadowing:1]]
[2024.12.24-06.57.08:501][  0]LogConfig: Setting CVar [[r.DistanceFieldAO:1]]
[2024.12.24-06.57.08:501][  0]LogConfig: Setting CVar [[r.AOQuality:2]]
[2024.12.24-06.57.08:501][  0]LogConfig: Setting CVar [[r.VolumetricFog:1]]
[2024.12.24-06.57.08:501][  0]LogConfig: Setting CVar [[r.VolumetricFog.GridPixelSize:8]]
[2024.12.24-06.57.08:501][  0]LogConfig: Setting CVar [[r.VolumetricFog.GridSizeZ:128]]
[2024.12.24-06.57.08:501][  0]LogConfig: Setting CVar [[r.VolumetricFog.HistoryMissSupersampleCount:4]]
[2024.12.24-06.57.08:501][  0]LogConfig: Setting CVar [[r.LightMaxDrawDistanceScale:1]]
[2024.12.24-06.57.08:501][  0]LogConfig: Setting CVar [[r.CapsuleShadows:1]]
[2024.12.24-06.57.08:501][  0]LogConfig: Applying CVar settings from Section [PostProcessQuality@3] File [C:/Users/admin/Documents/GitHub/UnrealProjectL4D2/Unreal_R4D2_Copy/Saved/Config/Windows/Scalability.ini]
[2024.12.24-06.57.08:501][  0]LogConfig: Setting CVar [[r.MotionBlurQuality:4]]
[2024.12.24-06.57.08:501][  0]LogConfig: Setting CVar [[r.AmbientOcclusionMipLevelFactor:0.4]]
[2024.12.24-06.57.08:501][  0]LogConfig: Setting CVar [[r.AmbientOcclusionMaxQuality:100]]
[2024.12.24-06.57.08:501][  0]LogConfig: Setting CVar [[r.AmbientOcclusionLevels:-1]]
[2024.12.24-06.57.08:501][  0]LogConfig: Setting CVar [[r.AmbientOcclusionRadiusScale:1.0]]
[2024.12.24-06.57.08:501][  0]LogConfig: Setting CVar [[r.DepthOfFieldQuality:2]]
[2024.12.24-06.57.08:501][  0]LogConfig: Setting CVar [[r.RenderTargetPoolMin:400]]
[2024.12.24-06.57.08:501][  0]LogConfig: Setting CVar [[r.LensFlareQuality:2]]
[2024.12.24-06.57.08:501][  0]LogConfig: Setting CVar [[r.SceneColorFringeQuality:1]]
[2024.12.24-06.57.08:501][  0]LogConfig: Setting CVar [[r.EyeAdaptationQuality:2]]
[2024.12.24-06.57.08:501][  0]LogConfig: Setting CVar [[r.BloomQuality:5]]
[2024.12.24-06.57.08:501][  0]LogConfig: Setting CVar [[r.FastBlurThreshold:100]]
[2024.12.24-06.57.08:501][  0]LogConfig: Setting CVar [[r.Upscale.Quality:3]]
[2024.12.24-06.57.08:501][  0]LogConfig: Setting CVar [[r.Tonemapper.GrainQuantization:1]]
[2024.12.24-06.57.08:501][  0]LogConfig: Setting CVar [[r.LightShaftQuality:1]]
[2024.12.24-06.57.08:501][  0]LogConfig: Setting CVar [[r.Filter.SizeScale:1]]
[2024.12.24-06.57.08:501][  0]LogConfig: Setting CVar [[r.Tonemapper.Quality:5]]
[2024.12.24-06.57.08:501][  0]LogConfig: Setting CVar [[r.DOF.Gather.AccumulatorQuality:1        ; higher gathering accumulator quality]]
[2024.12.24-06.57.08:501][  0]LogConfig: Setting CVar [[r.DOF.Gather.PostfilterMethod:1          ; Median3x3 postfilering method]]
[2024.12.24-06.57.08:501][  0]LogConfig: Setting CVar [[r.DOF.Gather.EnableBokehSettings:0       ; no bokeh simulation when gathering]]
[2024.12.24-06.57.08:501][  0]LogConfig: Setting CVar [[r.DOF.Gather.RingCount:4                 ; medium number of samples when gathering]]
[2024.12.24-06.57.08:501][  0]LogConfig: Setting CVar [[r.DOF.Scatter.ForegroundCompositing:1    ; additive foreground scattering]]
[2024.12.24-06.57.08:502][  0]LogConfig: Setting CVar [[r.DOF.Scatter.BackgroundCompositing:2    ; additive background scattering]]
[2024.12.24-06.57.08:502][  0]LogConfig: Setting CVar [[r.DOF.Scatter.EnableBokehSettings:1      ; bokeh simulation when scattering]]
[2024.12.24-06.57.08:502][  0]LogConfig: Setting CVar [[r.DOF.Scatter.MaxSpriteRatio:0.1         ; only a maximum of 10% of scattered bokeh]]
[2024.12.24-06.57.08:502][  0]LogConfig: Setting CVar [[r.DOF.Recombine.Quality:1                ; cheap slight out of focus]]
[2024.12.24-06.57.08:502][  0]LogConfig: Setting CVar [[r.DOF.Recombine.EnableBokehSettings:0    ; no bokeh simulation on slight out of focus]]
[2024.12.24-06.57.08:502][  0]LogConfig: Setting CVar [[r.DOF.TemporalAAQuality:1                ; more stable temporal accumulation]]
[2024.12.24-06.57.08:502][  0]LogConfig: Setting CVar [[r.DOF.Kernel.MaxForegroundRadius:0.025]]
[2024.12.24-06.57.08:502][  0]LogConfig: Setting CVar [[r.DOF.Kernel.MaxBackgroundRadius:0.025]]
[2024.12.24-06.57.08:502][  0]LogConfig: Applying CVar settings from Section [TextureQuality@3] File [C:/Users/admin/Documents/GitHub/UnrealProjectL4D2/Unreal_R4D2_Copy/Saved/Config/Windows/Scalability.ini]
[2024.12.24-06.57.08:502][  0]LogConfig: Setting CVar [[r.Streaming.MipBias:0]]
[2024.12.24-06.57.08:502][  0]LogConfig: Setting CVar [[r.Streaming.AmortizeCPUToGPUCopy:0]]
[2024.12.24-06.57.08:502][  0]LogConfig: Setting CVar [[r.Streaming.MaxNumTexturesToStreamPerFrame:0]]
[2024.12.24-06.57.08:502][  0]LogConfig: Setting CVar [[r.Streaming.Boost:1]]
[2024.12.24-06.57.08:502][  0]LogConfig: Setting CVar [[r.MaxAnisotropy:8]]
[2024.12.24-06.57.08:502][  0]LogConfig: Setting CVar [[r.VT.MaxAnisotropy:8]]
[2024.12.24-06.57.08:502][  0]LogConfig: Setting CVar [[r.Streaming.LimitPoolSizeToVRAM:0]]
[2024.12.24-06.57.08:502][  0]LogConfig: Setting CVar [[r.Streaming.PoolSize:1000]]
[2024.12.24-06.57.08:502][  0]LogConfig: Setting CVar [[r.Streaming.MaxEffectiveScreenSize:0]]
[2024.12.24-06.57.08:502][  0]LogConfig: Applying CVar settings from Section [EffectsQuality@3] File [C:/Users/admin/Documents/GitHub/UnrealProjectL4D2/Unreal_R4D2_Copy/Saved/Config/Windows/Scalability.ini]
[2024.12.24-06.57.08:502][  0]LogConfig: Setting CVar [[r.TranslucencyLightingVolumeDim:64]]
[2024.12.24-06.57.08:502][  0]LogConfig: Setting CVar [[r.RefractionQuality:2]]
[2024.12.24-06.57.08:502][  0]LogConfig: Setting CVar [[r.SSR.Quality:3]]
[2024.12.24-06.57.08:502][  0]LogConfig: Setting CVar [[r.SSR.HalfResSceneColor:0]]
[2024.12.24-06.57.08:502][  0]LogConfig: Setting CVar [[r.SceneColorFormat:4]]
[2024.12.24-06.57.08:502][  0]LogConfig: Setting CVar [[r.DetailMode:2]]
[2024.12.24-06.57.08:502][  0]LogConfig: Setting CVar [[r.TranslucencyVolumeBlur:1]]
[2024.12.24-06.57.08:502][  0]LogConfig: Setting CVar [[r.MaterialQualityLevel:1 ; High quality]]
[2024.12.24-06.57.08:502][  0]LogConfig: Setting CVar [[r.AnisotropicMaterials:1]]
[2024.12.24-06.57.08:502][  0]LogConfig: Setting CVar [[r.SSS.Scale:1]]
[2024.12.24-06.57.08:502][  0]LogConfig: Setting CVar [[r.SSS.SampleSet:2]]
[2024.12.24-06.57.08:502][  0]LogConfig: Setting CVar [[r.SSS.Quality:1]]
[2024.12.24-06.57.08:502][  0]LogConfig: Setting CVar [[r.SSS.HalfRes:0]]
[2024.12.24-06.57.08:502][  0]LogConfig: Setting CVar [[r.SSGI.Quality:3]]
[2024.12.24-06.57.08:502][  0]LogConfig: Setting CVar [[r.EmitterSpawnRateScale:1.0]]
[2024.12.24-06.57.08:502][  0]LogConfig: Setting CVar [[r.ParticleLightQuality:2]]
[2024.12.24-06.57.08:502][  0]LogConfig: Setting CVar [[r.SkyAtmosphere.AerialPerspectiveLUT.FastApplyOnOpaque:1 ; Always have FastSkyLUT 1 in this case to avoid wrong sky]]
[2024.12.24-06.57.08:502][  0]LogConfig: Setting CVar [[r.SkyAtmosphere.AerialPerspectiveLUT.SampleCountMaxPerSlice:4]]
[2024.12.24-06.57.08:502][  0]LogConfig: Setting CVar [[r.SkyAtmosphere.AerialPerspectiveLUT.DepthResolution:16.0]]
[2024.12.24-06.57.08:502][  0]LogConfig: Setting CVar [[r.SkyAtmosphere.FastSkyLUT:1]]
[2024.12.24-06.57.08:502][  0]LogConfig: Setting CVar [[r.SkyAtmosphere.FastSkyLUT.SampleCountMin:4.0]]
[2024.12.24-06.57.08:502][  0]LogConfig: Setting CVar [[r.SkyAtmosphere.FastSkyLUT.SampleCountMax:128.0]]
[2024.12.24-06.57.08:502][  0]LogConfig: Setting CVar [[r.SkyAtmosphere.SampleCountMin:4.0]]
[2024.12.24-06.57.08:502][  0]LogConfig: Setting CVar [[r.SkyAtmosphere.SampleCountMax:128.0]]
[2024.12.24-06.57.08:502][  0]LogConfig: Setting CVar [[r.SkyAtmosphere.TransmittanceLUT.UseSmallFormat:0]]
[2024.12.24-06.57.08:502][  0]LogConfig: Setting CVar [[r.SkyAtmosphere.TransmittanceLUT.SampleCount:10.0]]
[2024.12.24-06.57.08:502][  0]LogConfig: Setting CVar [[r.SkyAtmosphere.MultiScatteringLUT.SampleCount:15.0]]
[2024.12.24-06.57.08:502][  0]LogConfig: Setting CVar [[r.SkyLight.RealTimeReflectionCapture:1]]
[2024.12.24-06.57.08:502][  0]LogConfig: Applying CVar settings from Section [FoliageQuality@3] File [C:/Users/admin/Documents/GitHub/UnrealProjectL4D2/Unreal_R4D2_Copy/Saved/Config/Windows/Scalability.ini]
[2024.12.24-06.57.08:502][  0]LogConfig: Setting CVar [[foliage.DensityScale:1.0]]
[2024.12.24-06.57.08:502][  0]LogConfig: Setting CVar [[grass.DensityScale:1.0]]
[2024.12.24-06.57.08:502][  0]LogConfig: Applying CVar settings from Section [ShadingQuality@3] File [C:/Users/admin/Documents/GitHub/UnrealProjectL4D2/Unreal_R4D2_Copy/Saved/Config/Windows/Scalability.ini]
[2024.12.24-06.57.08:502][  0]LogConfig: Setting CVar [[r.HairStrands.SkyLighting.IntegrationType:2]]
[2024.12.24-06.57.08:502][  0]LogConfig: Setting CVar [[r.HairStrands.SkyAO.SampleCount:4]]
[2024.12.24-06.57.08:502][  0]LogConfig: Setting CVar [[r.HairStrands.Visibility.MSAA.SamplePerPixel:4]]
[2024.12.24-06.57.08:502][  0]LogConfig: Applying CVar settings from Section [Startup] File [../../../Engine/Config/ConsoleVariables.ini]
[2024.12.24-06.57.08:502][  0]LogConfig: Setting CVar [[net.UseAdaptiveNetUpdateFrequency:0]]
[2024.12.24-06.57.08:502][  0]LogConfig: Setting CVar [[p.chaos.AllowCreatePhysxBodies:1]]
[2024.12.24-06.57.08:502][  0]LogConfig: Setting CVar [[fx.SkipVectorVMBackendOptimizations:1]]
[2024.12.24-06.57.08:502][  0]LogConfig: Applying CVar settings from Section [ConsoleVariables] File [C:/Users/admin/Documents/GitHub/UnrealProjectL4D2/Unreal_R4D2_Copy/Saved/Config/Windows/Engine.ini]
[2024.12.24-06.57.08:502][  0]LogConfig: Applying CVar settings from Section [ConsoleVariables] File [C:/Users/admin/Documents/GitHub/UnrealProjectL4D2/Unreal_R4D2_Copy/Saved/Config/Windows/Editor.ini]
[2024.12.24-06.57.08:502][  0]LogInit: Computer: DESKTOP-E3HHOR4
[2024.12.24-06.57.08:502][  0]LogInit: User: admin
[2024.12.24-06.57.08:502][  0]LogInit: CPU Page size=4096, Cores=14
[2024.12.24-06.57.08:502][  0]LogInit: High frequency timer resolution =10.000000 MHz
[2024.12.24-06.57.08:502][  0]LogMemory: Memory total: Physical=15.7GB (16GB approx)
[2024.12.24-06.57.08:502][  0]LogMemory: Platform Memory Stats for Windows
[2024.12.24-06.57.08:502][  0]LogMemory: Process Physical Memory: 145.61 MB used, 145.61 MB peak
[2024.12.24-06.57.08:502][  0]LogMemory: Process Virtual Memory: 126.73 MB used, 126.73 MB peak
[2024.12.24-06.57.08:502][  0]LogMemory: Physical Memory: 8645.82 MB used,  7398.62 MB free, 16044.44 MB total
[2024.12.24-06.57.08:502][  0]LogMemory: Virtual Memory: 134193680.00 MB used,  24049.12 MB free, 134217728.00 MB total
[2024.12.24-06.57.08:506][  0]LogWindows: WindowsPlatformFeatures enabled
[2024.12.24-06.57.08:531][  0]LogInit: Physics initialised using underlying interface: PhysX
[2024.12.24-06.57.08:532][  0]LogInit: Overriding language with editor language configuration option (ko).
[2024.12.24-06.57.08:532][  0]LogInit: Using OS detected locale (ko-KR).
[2024.12.24-06.57.08:608][  0]LogInit: Setting process to per monitor DPI aware
[2024.12.24-06.57.08:616][  0]LogWindowsTextInputMethodSystem: Display: IME system deactivated.
[2024.12.24-06.57.08:623][  0]LogSlate: New Slate User Created.  User Index 0, Is Virtual User: 0
[2024.12.24-06.57.08:623][  0]LogSlate: Slate User Registered.  User Index 0, Is Virtual User: 0
[2024.12.24-06.57.08:693][  0]LogD3D11RHI: Loaded GFSDK_Aftermath_Lib.x64.dll
[2024.12.24-06.57.08:699][  0]LogHMD: Failed to initialize OpenVR with code 110
[2024.12.24-06.57.08:699][  0]LogD3D11RHI: D3D11 min allowed feature level: 11_0
[2024.12.24-06.57.08:699][  0]LogD3D11RHI: D3D11 max allowed feature level: 11_0
[2024.12.24-06.57.08:699][  0]LogD3D11RHI: D3D11 adapters:
[2024.12.24-06.57.08:807][  0]LogD3D11RHI:    0. 'NVIDIA GeForce RTX 3080 Laptop GPU' (Feature Level 11_0)
[2024.12.24-06.57.08:807][  0]LogD3D11RHI:       8032/0/8022 MB DedicatedVideo/DedicatedSystem/SharedSystem, Outputs:1, VendorId:0x10de
[2024.12.24-06.57.08:875][  0]LogD3D11RHI:    1. 'Intel(R) Iris(R) Xe Graphics' (Feature Level 11_0)
[2024.12.24-06.57.08:875][  0]LogD3D11RHI:       128/0/8022 MB DedicatedVideo/DedicatedSystem/SharedSystem, Outputs:0, VendorId:0x8086
[2024.12.24-06.57.08:877][  0]LogD3D11RHI:    2. 'Microsoft Basic Render Driver' (Feature Level 11_0)
[2024.12.24-06.57.08:877][  0]LogD3D11RHI:       0/0/8022 MB DedicatedVideo/DedicatedSystem/SharedSystem, Outputs:0, VendorId:0x1414
[2024.12.24-06.57.08:877][  0]LogD3D11RHI: Chosen D3D11 Adapter:
[2024.12.24-06.57.08:877][  0]LogD3D11RHI:     Description : NVIDIA GeForce RTX 3080 Laptop GPU
[2024.12.24-06.57.08:877][  0]LogD3D11RHI:     VendorId    : 10de
[2024.12.24-06.57.08:877][  0]LogD3D11RHI:     DeviceId    : 249c
[2024.12.24-06.57.08:877][  0]LogD3D11RHI:     SubSysId    : 147d1043
[2024.12.24-06.57.08:877][  0]LogD3D11RHI:     Revision    : 00a1
[2024.12.24-06.57.08:877][  0]LogD3D11RHI:     DedicatedVideoMemory : 8422162432 bytes
[2024.12.24-06.57.08:877][  0]LogD3D11RHI:     DedicatedSystemMemory : 0 bytes
[2024.12.24-06.57.08:878][  0]LogD3D11RHI:     SharedSystemMemory : 8411908096 bytes
[2024.12.24-06.57.08:878][  0]LogD3D11RHI:     AdapterLuid : 0 58792
[2024.12.24-06.57.08:885][  0]LogD3D11RHI: Creating new Direct3DDevice
[2024.12.24-06.57.08:885][  0]LogD3D11RHI:     GPU DeviceId: 0x249c (for the marketing name, search the web for "GPU Device Id")
[2024.12.24-06.57.08:885][  0]LogWindows: EnumDisplayDevices:
[2024.12.24-06.57.08:885][  0]LogWindows:    0. 'NVIDIA GeForce RTX 3080 Laptop GPU' (P:1 D:1)
[2024.12.24-06.57.08:885][  0]LogWindows:    1. 'NVIDIA GeForce RTX 3080 Laptop GPU' (P:0 D:0)
[2024.12.24-06.57.08:886][  0]LogWindows:    2. 'NVIDIA GeForce RTX 3080 Laptop GPU' (P:0 D:0)
[2024.12.24-06.57.08:886][  0]LogWindows:    3. 'NVIDIA GeForce RTX 3080 Laptop GPU' (P:0 D:0)
[2024.12.24-06.57.08:886][  0]LogWindows:    4. 'Intel(R) Iris(R) Xe Graphics' (P:0 D:0)
[2024.12.24-06.57.08:886][  0]LogWindows:    5. 'Intel(R) Iris(R) Xe Graphics' (P:0 D:0)
[2024.12.24-06.57.08:886][  0]LogWindows:    6. 'Intel(R) Iris(R) Xe Graphics' (P:0 D:0)
[2024.12.24-06.57.08:886][  0]LogWindows:    7. 'Intel(R) Iris(R) Xe Graphics' (P:0 D:0)
[2024.12.24-06.57.08:886][  0]LogWindows: DebugString: PrimaryIsNotTheChoosenAdapter PrimaryIsNotTheChoosenAdapter PrimaryIsNotTheChoosenAdapter PrimaryIsNotTheChoosenAdapter FoundDriverCount:4 
[2024.12.24-06.57.08:886][  0]LogD3D11RHI:     Adapter Name: NVIDIA GeForce RTX 3080 Laptop GPU
[2024.12.24-06.57.08:886][  0]LogD3D11RHI:   Driver Version: 546.80 (internal:31.0.15.4680, unified:546.80)
[2024.12.24-06.57.08:886][  0]LogD3D11RHI:      Driver Date: 2-22-2024
[2024.12.24-06.57.08:886][  0]LogRHI: Texture pool is 5622 MB (70% of 8032 MB)
[2024.12.24-06.57.08:886][  0]LogD3D11RHI: Creating D3DDevice using adapter:
[2024.12.24-06.57.08:886][  0]LogD3D11RHI:     Description : NVIDIA GeForce RTX 3080 Laptop GPU
[2024.12.24-06.57.08:886][  0]LogD3D11RHI:     VendorId    : 10de
[2024.12.24-06.57.08:886][  0]LogD3D11RHI:     DeviceId    : 249c
[2024.12.24-06.57.08:887][  0]LogD3D11RHI:     SubSysId    : 147d1043
[2024.12.24-06.57.08:887][  0]LogD3D11RHI:     Revision    : 00a1
[2024.12.24-06.57.08:887][  0]LogD3D11RHI:     DedicatedVideoMemory : 8422162432 bytes
[2024.12.24-06.57.08:887][  0]LogD3D11RHI:     DedicatedSystemMemory : 0 bytes
[2024.12.24-06.57.08:887][  0]LogD3D11RHI:     SharedSystemMemory : 8411908096 bytes
[2024.12.24-06.57.08:887][  0]LogD3D11RHI:     AdapterLuid : 0 58792
[2024.12.24-06.57.08:960][  0]LogD3D11RHI: RHI has support for 64 bit atomics
[2024.12.24-06.57.08:961][  0]LogD3D11RHI: Async texture creation enabled
[2024.12.24-06.57.08:961][  0]LogD3D11RHI: Array index from any shader is supported
[2024.12.24-06.57.08:981][  0]LogD3D11RHI: GPU Timing Frequency: 1000.000000 (Debug: 2 2)
[2024.12.24-06.57.09:001][  0]LogRHI: GeForceNow SDK initialized: 1
[2024.12.24-06.57.09:265][  0]LogTargetPlatformManager: Display: Loaded TargetPlatform 'AllDesktop'
[2024.12.24-06.57.09:281][  0]LogTargetPlatformManager: Display: Loaded TargetPlatform 'Android'
[2024.12.24-06.57.09:281][  0]LogTargetPlatformManager: Display: Loaded TargetPlatform 'Android_ASTC'
[2024.12.24-06.57.09:281][  0]LogTargetPlatformManager: Display: Loaded TargetPlatform 'Android_DXT'
[2024.12.24-06.57.09:281][  0]LogTargetPlatformManager: Display: Loaded TargetPlatform 'Android_ETC2'
[2024.12.24-06.57.09:281][  0]LogTargetPlatformManager: Display: Loaded TargetPlatform 'AndroidClient'
[2024.12.24-06.57.09:281][  0]LogTargetPlatformManager: Display: Loaded TargetPlatform 'Android_ASTCClient'
[2024.12.24-06.57.09:281][  0]LogTargetPlatformManager: Display: Loaded TargetPlatform 'Android_DXTClient'
[2024.12.24-06.57.09:281][  0]LogTargetPlatformManager: Display: Loaded TargetPlatform 'Android_ETC2Client'
[2024.12.24-06.57.09:281][  0]LogTargetPlatformManager: Display: Loaded TargetPlatform 'Android_Multi'
[2024.12.24-06.57.09:281][  0]LogTargetPlatformManager: Display: Loaded TargetPlatform 'Android_MultiClient'
[2024.12.24-06.57.09:296][  0]LogTargetPlatformManager: Display: Loaded TargetPlatform 'IOSClient'
[2024.12.24-06.57.09:296][  0]LogTargetPlatformManager: Display: Loaded TargetPlatform 'IOS'
[2024.12.24-06.57.09:303][  0]LogTargetPlatformManager: Display: Loaded TargetPlatform 'Linux'
[2024.12.24-06.57.09:307][  0]LogTargetPlatformManager: Display: Loaded TargetPlatform 'LinuxNoEditor'
[2024.12.24-06.57.09:311][  0]LogTargetPlatformManager: Display: Loaded TargetPlatform 'LinuxClient'
[2024.12.24-06.57.09:315][  0]LogTargetPlatformManager: Display: Loaded TargetPlatform 'LinuxServer'
[2024.12.24-06.57.09:322][  0]LogTargetPlatformManager: Display: Loaded TargetPlatform 'LinuxAArch64NoEditor'
[2024.12.24-06.57.09:326][  0]LogTargetPlatformManager: Display: Loaded TargetPlatform 'LinuxAArch64Client'
[2024.12.24-06.57.09:330][  0]LogTargetPlatformManager: Display: Loaded TargetPlatform 'LinuxAArch64Server'
[2024.12.24-06.57.09:348][  0]LogTargetPlatformManager: Display: Loaded TargetPlatform 'Lumin'
[2024.12.24-06.57.09:348][  0]LogTargetPlatformManager: Display: Loaded TargetPlatform 'LuminClient'
[2024.12.24-06.57.09:354][  0]LogTargetPlatformManager: Display: Loaded TargetPlatform 'MacNoEditor'
[2024.12.24-06.57.09:358][  0]LogTargetPlatformManager: Display: Loaded TargetPlatform 'Mac'
[2024.12.24-06.57.09:363][  0]LogTargetPlatformManager: Display: Loaded TargetPlatform 'MacClient'
[2024.12.24-06.57.09:367][  0]LogTargetPlatformManager: Display: Loaded TargetPlatform 'MacServer'
[2024.12.24-06.57.09:377][  0]LogTargetPlatformManager: Display: Loaded TargetPlatform 'TVOSClient'
[2024.12.24-06.57.09:377][  0]LogTargetPlatformManager: Display: Loaded TargetPlatform 'TVOS'
[2024.12.24-06.57.09:384][  0]LogTargetPlatformManager: Display: Loaded TargetPlatform 'WindowsNoEditor'
[2024.12.24-06.57.09:388][  0]LogTargetPlatformManager: Display: Loaded TargetPlatform 'Windows'
[2024.12.24-06.57.09:392][  0]LogTargetPlatformManager: Display: Loaded TargetPlatform 'WindowsClient'
[2024.12.24-06.57.09:396][  0]LogTargetPlatformManager: Display: Loaded TargetPlatform 'WindowsServer'
[2024.12.24-06.57.09:396][  0]LogTargetPlatformManager: Display: Building Assets For Windows
[2024.12.24-06.57.09:402][  0]LogAudioDebug: Display: Lib vorbis DLL was dynamically loaded.
[2024.12.24-06.57.09:424][  0]LogTextureFormatOodle: Display: Oodle Texture 2.9.0 init RDO Off
[2024.12.24-06.57.09:448][  0]LogRendererCore: Ray tracing is disabled. Reason: r.RayTracing=0.
[2024.12.24-06.57.09:448][  0]LogShaderCompilers: Guid format shader working directory is -36 characters bigger than the processId version (../../../../../../Users/admin/Documents/GitHub/UnrealProjectL4D2/Unreal_R4D2_Copy/Intermediate/Shaders/WorkingDirectory/17288/).
[2024.12.24-06.57.09:448][  0]LogShaderCompilers: Cleaned the shader compiler working directory 'C:/Users/admin/AppData/Local/Temp/UnrealShaderWorkingDir/9EBEC73A42E5BB5F605CB1AB6CB5E705/'.
[2024.12.24-06.57.09:448][  0]LogXGEController: Cannot use XGE Controller as Incredibuild is not installed on this machine.
[2024.12.24-06.57.09:448][  0]LogShaderCompilers: Cannot use XGE Shader Compiler as Incredibuild is not installed on this machine.
[2024.12.24-06.57.09:448][  0]LogShaderCompilers: Display: Using Local Shader Compiler.
[2024.12.24-06.57.10:026][  0]LogDerivedDataCache: Display: Max Cache Size: 512 MB
[2024.12.24-06.57.10:076][  0]LogDerivedDataCache: Loaded boot cache 0.05s 94MB C:/Users/admin/AppData/Local/UnrealEngine/4.27/DerivedDataCache/Boot.ddc.
[2024.12.24-06.57.10:076][  0]LogDerivedDataCache: Display: Loaded Boot cache: C:/Users/admin/AppData/Local/UnrealEngine/4.27/DerivedDataCache/Boot.ddc
[2024.12.24-06.57.10:077][  0]LogDerivedDataCache: FDerivedDataBackendGraph:  Pak pak cache file ../../../../../../Users/admin/Documents/GitHub/UnrealProjectL4D2/Unreal_R4D2_Copy/DerivedDataCache/DDC.ddp not found, will not use a pak cache.
[2024.12.24-06.57.10:077][  0]LogDerivedDataCache: Unable to find inner node Pak for hierarchical cache Hierarchy.
[2024.12.24-06.57.10:077][  0]LogDerivedDataCache: FDerivedDataBackendGraph:  CompressedPak pak cache file ../../../../../../Users/admin/Documents/GitHub/UnrealProjectL4D2/Unreal_R4D2_Copy/DerivedDataCache/Compressed.ddp not found, will not use a pak cache.
[2024.12.24-06.57.10:077][  0]LogDerivedDataCache: Unable to find inner node CompressedPak for hierarchical cache Hierarchy.
[2024.12.24-06.57.10:089][  0]LogDerivedDataCache: Display: Pak cache opened for reading ../../../Engine/DerivedDataCache/Compressed.ddp.
[2024.12.24-06.57.10:089][  0]LogDerivedDataCache: FDerivedDataBackendGraph:  EnterprisePak pak cache file ../../../Enterprise/DerivedDataCache/Compressed.ddp not found, will not use a pak cache.
[2024.12.24-06.57.10:089][  0]LogDerivedDataCache: Unable to find inner node EnterprisePak for hierarchical cache Hierarchy.
[2024.12.24-06.57.10:094][  0]LogDerivedDataCache: Speed tests for C:/Users/admin/AppData/Local/UnrealEngine/Common/DerivedDataCache took 0.00 seconds
[2024.12.24-06.57.10:094][  0]LogDerivedDataCache: Display: Performance to C:/Users/admin/AppData/Local/UnrealEngine/Common/DerivedDataCache: Latency=0.01ms. RandomReadSpeed=1975.96MBs, RandomWriteSpeed=258.74MBs. Assigned SpeedClass 'Local'
[2024.12.24-06.57.10:094][  0]LogDerivedDataCache: Using Local data cache path C:/Users/admin/AppData/Local/UnrealEngine/Common/DerivedDataCache: Writable
[2024.12.24-06.57.10:095][  0]LogDerivedDataCache: Shared data cache path not found in *engine.ini, will not use an Shared cache.
[2024.12.24-06.57.10:095][  0]LogDerivedDataCache: Unable to find inner node Shared for hierarchical cache Hierarchy.
[2024.12.24-06.57.10:127][  0]LogSlate: Using FreeType 2.10.0
[2024.12.24-06.57.10:127][  0]LogSlate: SlateFontServices - WITH_FREETYPE: 1, WITH_HARFBUZZ: 1
[2024.12.24-06.57.10:147][  0]LogAssetRegistry: FAssetRegistry took 0.0022 seconds to start up
[2024.12.24-06.57.10:313][  0]LogInit: Selected Device Profile: [Windows]
[2024.12.24-06.57.10:313][  0]LogInit: Active device profile: [000002840D282C00][0000028403FC6A40 49] Windows
[2024.12.24-06.57.10:313][  0]LogInit: Profiles: [000002840D282C00][0000028403FC6A40 49] Windows, [000002840D215A00][000002840B8FCB80 49] WindowsNoEditor, [000002840D282000][000002840B904D00 49] WindowsServer, [000002840D216500][000002840B908E80 49] WindowsClient, [000002840D281A00][000002840B90D000 49] IOS, [000002840D215300][000002840B911180 49] iPadAir, [000002840D282A00][000002840B915300 49] iPadAir2, [000002840D1C9300][000002840B91D5C0 49] IPadPro, [000002840D1C9400][000002840B919600 49] iPadAir3, [000002840D216300][000002840B921780 49] iPadAir4, [000002840D1CA200][000002840B925900 49] iPadMini2, [000002840D214200][000002840B929A80 49] iPadMini3, [000002840D1CAE00][000002840B92DC00 49] iPadMini4, [000002840D216C00][000002840B930200 49] iPadMini5, [000002840D208B00][000002840B9384C0 49] iPhone6, [000002840D208C00][000002840B934500 49] iPodTouch6, [000002840D280A00][000002840B9407C0 49] iPhone7, [000002840D283700][000002840B93C800 49] iPodTouch7, [000002840D1CBE00][000002840B900940 49] iPhone5S, [000002840D1C8300][000002840B944A80 49] iPhone6Plus, [000002840D20BC00][000002840B948BC0 49] iPhone6S, [000002840D1C8A00][000002840B94CD00 49] iPhone6SPlus, [000002840D20B100][000002840B954E80 49] iPhone7Plus, [000002840D1CBD00][000002840B959000 49] iPhoneSE, [000002840D208500][000002840B95D180 49] iPhone8, [000002840D1CA100][000002840DB2F300 49] iPhone8Plus, [000002840D208E00][000002840DB33480 49] iPhoneX, [000002840D1CB100][000002840DB37600 49] iPhoneXS, [000002840D209800][000002840DB3B780 49] iPhoneXSMax, [000002840D1CB600][000002840DB3F900 49] iPhoneXR, [000002840D20A200][000002840DB43A80 49] iPhone11, [000002840D281700][000002840DB47C00 49] iPhone11Pro, [000002840D20BF00][000002840DB4A200 49] iPhone11ProMax, [000002840D281F00][000002840DB4E380 49] iPhoneSE2, [000002840D208100][000002840DB52500 49] iPhone12Mini, [000002840D280200][000002840DB56680 49] iPhone12, [000002840D208800][000002840DB5A800 49] iPhone12Pro, [000002840D281000][000002840DB5E980 49] iPhone12ProMax, [000002840D208D00][000002840DB62B00 49] iPadPro105, [000002840D281200][000002840B950C40 49] iPadPro129, [000002840D20AA00][000002840DB66D80 49] iPadPro97, [000002840D281600][000002840DB6AEC0 49] iPadPro2_129, [000002840D209700][000002840DB73040 49] iPad5, [000002840D281300][000002840076D1C0 49] iPad6, [000002840D209C00][0000028400771340 49] iPad7, [000002840D280F00][00000284008034C0 49] iPad8, [000002840D209300][0000028400C49640 49] iPadPro11, [000002840D282800][00000284006017C0 49] iPadPro2_11, [000002840D208F00][0000028400611940 49] iPadPro3_129, [000002840D282500][0000028400619AC0 49] iPadPro4_129, [000002840D20AE00][000002840062C0C0 49] AppleTV, [000002840D283500][0000028400634240 49] AppleTV4K, [000002840D20B000][00000284006383C0 49] TVOS, [000002840D280D00][000002840063C540 49] Mac, [000002840D208900][00000284006506C0 49] MacClient, [000002840D283100][000002840070C840 49] MacNoEditor, [000002840D20BA00][000002840073A9C0 49] MacServer, [000002840D283800][000002840074AB40 49] Linux, [000002840D20A900][0000028400768CC0 49] LinuxAArch64, [000002840D282E00][000002840DB6EE00 49] LinuxNoEditor, [000002840D209F00][000002840DBF8F40 49] LinuxAArch64NoEditor, [000002840D283300][000002840DC1D080 49] LinuxClient, [000002840D208600][000002840DC211C0 49] LinuxAArch64Client, [000002840D281900][000002840DCE9340 49] LinuxServer, [000002840D209000][000002840DCF54C0 49] LinuxAArch64Server, [000002840D282600][000002840DCF9640 49] Android, [000002840D20BE00][000002840DCFD7C0 49] Android_Low, [000002840D280900][000002840DD01940 49] Android_Mid, [000002840D209400][000002840DBCFAC0 49] Android_High, [000002840D280B00][000002840DBD20C0 49] Android_Default, [000002840D208300][000002840DBD6240 49] Android_Adreno4xx, [000002840D282900][000002840DBDA3C0 49] Android_Adreno5xx_Low, [000002840D208400][000002840DBDE540 49] Android_Adreno5xx, [000002840D1C8800][000002840DD046C0 49] Android_Adreno6xx, [000002840D217200][000002840DD10840 49] Android_Adreno6xx_Vulkan, [000002840D1C9500][000002840DD1C9C0 49] Android_Mali_T6xx, [000002840D217300][000002840DD20B40 49] Android_Mali_T7xx, [000002840D1CAC00][000002840DD24CC0 49] Android_Mali_T8xx, [000002840D217B00][000002840DD4EE40 49] Android_Mali_G71, [000002840D1CAD00][000002840DCE4F80 49] Android_Mali_G72, [000002840D217C00][000002840DD5B0C0 49] Android_Mali_G72_Vulkan, [000002840D1C9F00][000002840DD63200 49] Android_Mali_G76, [000002840D217A00][00000284007D3340 49] Android_Mali_G76_Vulkan, [000002840D1CAA00][00000284007E14C0 49] Android_Mali_G77, [000002840D216000][00000284007E5640 49] Android_Mali_G77_Vulkan, [000002840D1C9700][00000284007E97C0 49] Android_Mali_G78, [000002840D216800][0000028400CD7940 49] Android_Mali_G78_Vulkan, [000002840D1CB700][00000284007EDAC0 49] Android_Mali_G710, [000002840D215400][00000284007F00C0 49] Android_Mali_G710_Vulkan, [000002840D1CBC00][00000284006FC240 49] Android_Vulkan_SM5, [000002840D215500][00000284007003C0 49] Android_PowerVR_G6xxx, [000002840D1C8500][0000028400704540 49] Android_PowerVR_GT7xxx, [000002840D214F00][00000284007086C0 49] Android_PowerVR_GE8xxx, [000002840D1CB300][000002840692C840 49] Android_PowerVR_GM9xxx, [000002840D215C00][000002840DC909C0 49] Android_PowerVR_GM9xxx_Vulkan, [000002840D1CB200][000002840DC9AB40 49] Android_TegraK1, [000002840D214E00][000002840DCDACC0 49] Android_Unknown_Vulkan, [000002840D1C8100][000002840DCDEE40 49] Lumin, [000002840D216B00][000002840F602FC0 49] Lumin_Desktop, [000002840D1C9800][000002840F607140 49] HoloLens, 
[2024.12.24-06.57.10:420][  0]LogMeshReduction: Using QuadricMeshReduction for automatic static mesh reduction
[2024.12.24-06.57.10:420][  0]LogMeshReduction: Using SimplygonMeshReduction for automatic skeletal mesh reduction
[2024.12.24-06.57.10:420][  0]LogMeshReduction: Using ProxyLODMeshReduction for automatic mesh merging
[2024.12.24-06.57.10:420][  0]LogMeshReduction: No distributed automatic mesh merging module available
[2024.12.24-06.57.10:420][  0]LogMeshMerging: No distributed automatic mesh merging module available
[2024.12.24-06.57.10:431][  0]LogNetVersion: Unreal_R4D2_Copy 1.0.0, NetCL: 17155196, EngineNetVer: 17, GameNetVer: 0 (Checksum: 1445133)
[2024.12.24-06.57.10:725][  0]LogTexture: Default maximum texture size for cubemaps generated from long-lat sources has been changed from 512 to unlimited. In order to preserve old behaiour for '/Engine/MapTemplates/Sky/DaylightAmbientCubemap.DaylightAmbientCubemap', its maximum texture size has been explicitly set to 512.
[2024.12.24-06.57.10:770][  0]LogHMD: PokeAHoleMaterial loaded successfully
[2024.12.24-06.57.10:775][  0]LogUObjectArray: 17178 objects as part of root set at end of initial load.
[2024.12.24-06.57.10:775][  0]LogUObjectAllocator: 4302048 out of 0 bytes used by permanent object pool.
[2024.12.24-06.57.10:775][  0]LogUObjectArray: CloseDisregardForGC: 0/0 objects in disregard for GC pool
[2024.12.24-06.57.10:968][  0]LogPython: Using Python 3.7.7
[2024.12.24-06.57.11:326][  0]LogNiagaraDebuggerClient: Niagara Debugger Client Initialized | Session: FB657185438CD654FE96A0BE5B10C1A6 | Instance: BCF5484B48CDFD4D8F9A38A971187C3B (DESKTOP-E3HHOR4-17288).
[2024.12.24-06.57.11:361][  0]LogTcpMessaging: Initializing TcpMessaging bridge
[2024.12.24-06.57.11:365][  0]LogUdpMessaging: Initializing bridge on interface 0.0.0.0:0 to multicast group 230.0.0.1:6666.
[2024.12.24-06.57.11:544][  0]SourceControl: 소스 컨트롤이 꺼졌습니다.
[2024.12.24-06.57.11:544][  0]SourceControl: 소스 컨트롤이 꺼졌습니다.
[2024.12.24-06.57.11:547][  0]SourceControl: 소스 컨트롤이 꺼졌습니다.
[2024.12.24-06.57.11:549][  0]SourceControl: 소스 컨트롤이 꺼졌습니다.
[2024.12.24-06.57.11:555][  0]LogUProjectInfo: Found projects:
[2024.12.24-06.57.11:566][  0]SourceControl: 소스 컨트롤이 꺼졌습니다.
[2024.12.24-06.57.11:688][  0]LogOpenImageDenoise: OIDN starting up
[2024.12.24-06.57.11:732][  0]LogAndroidPermission: UAndroidPermissionCallbackProxy::GetInstance
[2024.12.24-06.57.11:745][  0]LogAudioCaptureCore: Display: No Audio Capture implementations found. Audio input will be silent.
[2024.12.24-06.57.11:745][  0]LogAudioCaptureCore: Display: No Audio Capture implementations found. Audio input will be silent.
[2024.12.24-06.57.11:856][  0]LogCollectionManager: Loaded 0 collections in 0.001314 seconds
[2024.12.24-06.57.11:877][  0]LogFileCache: Scanning file cache for directory 'C:/Users/admin/Documents/GitHub/UnrealProjectL4D2/Unreal_R4D2_Copy/Saved/Collections/' took 0.00s
[2024.12.24-06.57.11:877][  0]LogFileCache: Scanning file cache for directory 'C:/Users/admin/Documents/GitHub/UnrealProjectL4D2/Unreal_R4D2_Copy/Content/Developers/admin/Collections/' took 0.00s
[2024.12.24-06.57.11:877][  0]LogFileCache: Scanning file cache for directory 'C:/Users/admin/Documents/GitHub/UnrealProjectL4D2/Unreal_R4D2_Copy/Content/Collections/' took 0.00s
[2024.12.24-06.57.11:877][  0]LogOcInput: OculusInput pre-init called
[2024.12.24-06.57.12:085][  0]LogEngine: Initializing Engine...
[2024.12.24-06.57.12:087][  0]LogHMD: Failed to enumerate extensions. Please check that you have a valid OpenXR runtime installed.
[2024.12.24-06.57.12:087][  0]LogHMD: Failed to initialize OpenVR with code 110
[2024.12.24-06.57.12:087][  0]LogMagicLeap: Warning: VR disabled because ZI is not enabled.  To enable, in the editor, Edit -> Project Settings -> Plugins -> Magic Leap Plugin -> Enable Zero Iteration
[2024.12.24-06.57.12:088][  0]LogStats: UGameplayTagsManager::InitializeManager -  0.000 s
[2024.12.24-06.57.12:197][  0]LogInit: Initializing FReadOnlyCVARCache
[2024.12.24-06.57.12:204][  0]LogAIModule: Creating AISystem for world Untitled
[2024.12.24-06.57.12:205][  0]LogAudio: Display: Initializing Audio Device Manager...
[2024.12.24-06.57.12:209][  0]LogAudio: Display: Loading Default Audio Settings Objects...
[2024.12.24-06.57.12:210][  0]LogAudio: Display: No default SoundConcurrencyObject specified (or failed to load).
[2024.12.24-06.57.12:210][  0]LogAudio: Display: Audio Device Manager Initialized
[2024.12.24-06.57.12:210][  0]LogAudio: Display: Creating Audio Device:                 Id: 1, Scope: Shared, Realtime: True
[2024.12.24-06.57.12:210][  0]LogAudioMixer: Display: Audio Mixer Platform Settings:
[2024.12.24-06.57.12:210][  0]LogAudioMixer: Display: 	Sample Rate:						  48000
[2024.12.24-06.57.12:210][  0]LogAudioMixer: Display: 	Callback Buffer Frame Size Requested: 1024
[2024.12.24-06.57.12:210][  0]LogAudioMixer: Display: 	Callback Buffer Frame Size To Use:	  1024
[2024.12.24-06.57.12:210][  0]LogAudioMixer: Display: 	Number of buffers to queue:			  2
[2024.12.24-06.57.12:210][  0]LogAudioMixer: Display: 	Max Channels (voices):				  32
[2024.12.24-06.57.12:210][  0]LogAudioMixer: Display: 	Number of Async Source Workers:		  0
[2024.12.24-06.57.12:210][  0]LogAudio: Display: AudioDevice MaxSources: 32
[2024.12.24-06.57.12:210][  0]LogAudio: Display: Audio Spatialization Plugin: None (built-in).
[2024.12.24-06.57.12:210][  0]LogAudio: Display: Audio Reverb Plugin: None (built-in).
[2024.12.24-06.57.12:210][  0]LogAudio: Display: Audio Occlusion Plugin: None (built-in).
[2024.12.24-06.57.12:210][  0]LogAudioMixer: Display: Initializing audio mixer.
[2024.12.24-06.57.12:218][  0]LogAudioMixer: Display: 0: FrontLeft
[2024.12.24-06.57.12:218][  0]LogAudioMixer: Display: 1: FrontRight
[2024.12.24-06.57.12:236][  0]LogAudioMixer: Display: Using Audio Device 스피커(Realtek(R) Audio)
[2024.12.24-06.57.12:236][  0]LogAudioMixer: Display: Initializing Sound Submixes...
[2024.12.24-06.57.12:237][  0]LogAudioMixer: Display: Creating Master Submix 'MasterSubmixDefault'
[2024.12.24-06.57.12:237][  0]LogAudioMixer: Display: Creating Master Submix 'MasterReverbSubmixDefault'
[2024.12.24-06.57.12:238][  0]LogAudioMixer: Display: Creating Master Submix 'MasterEQSubmixDefault'
[2024.12.24-06.57.12:238][  0]LogAudioMixer: FMixerPlatformXAudio2::StartAudioStream() called
[2024.12.24-06.57.12:238][  0]LogAudioMixer: Display: Output buffers initialized: Frames=1024, Channels=2, Samples=2048
[2024.12.24-06.57.12:238][  0]LogAudioMixer: Display: Starting AudioMixerPlatformInterface::RunInternal()
[2024.12.24-06.57.12:238][  0]LogAudioMixer: Display: FMixerPlatformXAudio2::SubmitBuffer() called for the first time
[2024.12.24-06.57.12:238][  0]LogInit: FAudioDevice initialized.
[2024.12.24-06.57.12:239][  0]LogAudio: Display: Audio Device (ID: 1) registered with world 'Untitled'.
[2024.12.24-06.57.12:239][  0]LogNetVersion: Set ProjectVersion to 1.0.0.0. Version Checksum will be recalculated on next use.
[2024.12.24-06.57.12:286][  0]LogDerivedDataCache: Saved boot cache 0.05s 94MB C:/Users/admin/AppData/Local/UnrealEngine/4.27/DerivedDataCache/Boot.ddc.
[2024.12.24-06.57.12:287][  0]LogInit: Texture streaming: Enabled
[2024.12.24-06.57.12:298][  0]LogAnalytics: Display: [UEEditor.Rocket.Release] APIServer = https://datarouter.ol.epicgames.com/. AppVersion = 4.27.2-18319896+++UE4+Release-4.27
[2024.12.24-06.57.12:300][  0]LogEngineSessionManager: EngineSessionManager initialized
[2024.12.24-06.57.12:300][  0]LogEditorSessionSummary: Verbose: Initializing EditorSessionSummaryWriter for editor session tracking
[2024.12.24-06.57.12:301][  0]LogEditorSessionSummary: EditorSessionSummaryWriter initialized
[2024.12.24-06.57.12:324][  0]LogInit: Transaction tracking system initialized
[2024.12.24-06.57.12:344][  0]BlueprintLog: New page: 에디터 로드
[2024.12.24-06.57.12:397][  0]LocalizationService: 현지화 서비스가 비활성화되었습니다.
[2024.12.24-06.57.12:418][  0]TimingProfiler: Initialize
[2024.12.24-06.57.12:418][  0]TimingProfiler: OnSessionChanged
[2024.12.24-06.57.12:418][  0]LoadingProfiler: Initialize
[2024.12.24-06.57.12:418][  0]LoadingProfiler: OnSessionChanged
[2024.12.24-06.57.12:418][  0]NetworkingProfiler: Initialize
[2024.12.24-06.57.12:418][  0]NetworkingProfiler: OnSessionChanged
[2024.12.24-06.57.12:418][  0]MemoryProfiler: Initialize
[2024.12.24-06.57.12:418][  0]MemoryProfiler: OnSessionChanged
[2024.12.24-06.57.12:526][  0]LogCook: Display: CookSettings for Memory: MemoryMaxUsedVirtual 0MiB, MemoryMaxUsedPhysical 16384MiB, MemoryMinFreeVirtual 0MiB, MemoryMinFreePhysical 1024MiB
[2024.12.24-06.57.12:526][  0]LogCook: Display: Mobile HDR setting 1
[2024.12.24-06.57.12:667][  0]LogFileCache: Scanning file cache for directory 'C:/Users/admin/Documents/GitHub/UnrealProjectL4D2/Unreal_R4D2_Copy/Content/' took 0.01s
[2024.12.24-06.57.12:836][  0]LogInit: Display: Engine is initialized. Leaving FEngineLoop::Init()
[2024.12.24-06.57.12:838][  0]SourceControl: 소스 컨트롤이 꺼졌습니다.
[2024.12.24-06.57.12:839][  0]LogUnrealEdMisc: Loading editor; pre map load, took 5.117
[2024.12.24-06.57.12:839][  0]Cmd: MAP LOAD FILE="../../../Engine/Content/Maps/Templates/Template_Default.umap" TEMPLATE=1 SHOWPROGRESS=1 FEATURELEVEL=3
[2024.12.24-06.57.12:840][  0]LightingResults: New page: 라이팅 빌드
[2024.12.24-06.57.12:841][  0]LogWorld: UWorld::CleanupWorld for Untitled, bSessionEnded=true, bCleanupResources=true
[2024.12.24-06.57.12:841][  0]LogSlate: InvalidateAllWidgets triggered.  All widgets were invalidated
[2024.12.24-06.57.12:841][  0]MapCheck: New page: 맵 체크
[2024.12.24-06.57.12:841][  0]LightingResults: New page: 라이팅 빌드
[2024.12.24-06.57.12:846][  0]LogAudio: Display: Audio Device unregistered from world 'None'.
[2024.12.24-06.57.12:848][  0]LogUObjectHash: Compacting FUObjectHashTables data took   0.57ms
[2024.12.24-06.57.12:881][  0]LogTexture: Display: 텍스처 빌드: DeprecatedTextureEB9CBE3C423008B5E8E130901E171C89 (BGRA8, 128X128)
[2024.12.24-06.57.12:883][  0]LogAudio: Display: Audio Device (ID: 1) registered with world 'Untitled_1'.
[2024.12.24-06.57.12:884][  0]LogAIModule: Creating AISystem for world Untitled_1
[2024.12.24-06.57.12:887][  0]LogEditorServer: Finished looking for orphan Actors (0.000 secs)
[2024.12.24-06.57.12:904][  0]LogUObjectHash: Compacting FUObjectHashTables data took   0.57ms
[2024.12.24-06.57.12:904][  0]Cmd: MAP CHECKDEP NOCLEARLOG
[2024.12.24-06.57.12:906][  0]MapCheck: 맵 체크 완료: 오류 0 회, 경고 0 회, 소요 시간 0.124ms.
[2024.12.24-06.57.12:906][  0]LogFileHelpers: Loading map 'Template_Default' took 0.067
[2024.12.24-06.57.12:907][  0]LogUnrealEdMisc: Total Editor Startup Time, took 5.185
[2024.12.24-06.57.12:965][  0]LogWindowsTextInputMethodSystem: Display: IME system activated using TSF (Microsoft 입력기).
[2024.12.24-06.57.12:988][  0]LogSlate: Updating window title bar state: overlay mode, drag disabled, window buttons hidden, title bar hidden
[2024.12.24-06.57.12:993][  0]LogSlate: Updating window title bar state: overlay mode, drag disabled, window buttons hidden, title bar hidden
[2024.12.24-06.57.12:997][  0]LogSlate: Updating window title bar state: overlay mode, drag disabled, window buttons hidden, title bar hidden
[2024.12.24-06.57.13:002][  0]LogSlate: Updating window title bar state: overlay mode, drag disabled, window buttons hidden, title bar hidden
[2024.12.24-06.57.13:014][  0]LogNativeClassHierarchy: Verbose: Native class hierarchy populated in 0.0087 seconds. Added 3823 classes and 930 folders.
[2024.12.24-06.57.13:016][  0]LogNativeClassHierarchy: Verbose: Native class hierarchy updated for 'WidgetCarousel' in 0.0002 seconds. Added 0 classes and 0 folders.
[2024.12.24-06.57.13:017][  0]LogPakFile: PakFile PrimaryIndexSize=187
[2024.12.24-06.57.13:017][  0]LogPakFile: PakFile PathHashIndexSize=101
[2024.12.24-06.57.13:017][  0]LogPakFile: PakFile FullDirectoryIndexSize=148
[2024.12.24-06.57.13:017][  0]LogShaderLibrary: Display: ShaderCodeLibraryPakFileMountedCallback: PakFile 'C:/Program Files/Epic Games/UE_4.27/FeaturePacks/FP_FirstPerson.upack' (chunk index -1, root 'root:/') mounted
[2024.12.24-06.57.13:017][  0]LogShaderLibrary: Display: ShaderCodeLibraryPakFileMountedCallback: pending pak file info (ChunkID:-1 Root:root:/ File:C:/Program Files/Epic Games/UE_4.27/FeaturePacks/FP_FirstPerson.upack)
[2024.12.24-06.57.13:017][  0]LogPakFile: OnPakFileMounted2Time == 0.000050
[2024.12.24-06.57.13:017][  0]LogPakFile: PakFile PrimaryIndexSize=189
[2024.12.24-06.57.13:018][  0]LogPakFile: PakFile PathHashIndexSize=101
[2024.12.24-06.57.13:018][  0]LogPakFile: PakFile FullDirectoryIndexSize=152
[2024.12.24-06.57.13:018][  0]LogShaderLibrary: Display: ShaderCodeLibraryPakFileMountedCallback: PakFile 'C:/Program Files/Epic Games/UE_4.27/FeaturePacks/FP_FirstPersonBP.upack' (chunk index -1, root 'root:/') mounted
[2024.12.24-06.57.13:018][  0]LogShaderLibrary: Display: ShaderCodeLibraryPakFileMountedCallback: pending pak file info (ChunkID:-1 Root:root:/ File:C:/Program Files/Epic Games/UE_4.27/FeaturePacks/FP_FirstPersonBP.upack)
[2024.12.24-06.57.13:018][  0]LogPakFile: OnPakFileMounted2Time == 0.000035
[2024.12.24-06.57.13:018][  0]LogPakFile: PakFile PrimaryIndexSize=191
[2024.12.24-06.57.13:018][  0]LogPakFile: PakFile PathHashIndexSize=101
[2024.12.24-06.57.13:018][  0]LogPakFile: PakFile FullDirectoryIndexSize=160
[2024.12.24-06.57.13:018][  0]LogShaderLibrary: Display: ShaderCodeLibraryPakFileMountedCallback: PakFile 'C:/Program Files/Epic Games/UE_4.27/FeaturePacks/MobileStarterContent.upack' (chunk index -1, root 'root:/') mounted
[2024.12.24-06.57.13:018][  0]LogShaderLibrary: Display: ShaderCodeLibraryPakFileMountedCallback: pending pak file info (ChunkID:-1 Root:root:/ File:C:/Program Files/Epic Games/UE_4.27/FeaturePacks/MobileStarterContent.upack)
[2024.12.24-06.57.13:018][  0]LogPakFile: OnPakFileMounted2Time == 0.000028
[2024.12.24-06.57.13:018][  0]LogPakFile: PakFile PrimaryIndexSize=185
[2024.12.24-06.57.13:018][  0]LogPakFile: PakFile PathHashIndexSize=101
[2024.12.24-06.57.13:018][  0]LogPakFile: PakFile FullDirectoryIndexSize=148
[2024.12.24-06.57.13:018][  0]LogShaderLibrary: Display: ShaderCodeLibraryPakFileMountedCallback: PakFile 'C:/Program Files/Epic Games/UE_4.27/FeaturePacks/StarterContent.upack' (chunk index -1, root 'root:/') mounted
[2024.12.24-06.57.13:018][  0]LogShaderLibrary: Display: ShaderCodeLibraryPakFileMountedCallback: pending pak file info (ChunkID:-1 Root:root:/ File:C:/Program Files/Epic Games/UE_4.27/FeaturePacks/StarterContent.upack)
[2024.12.24-06.57.13:018][  0]LogPakFile: OnPakFileMounted2Time == 0.000030
[2024.12.24-06.57.13:019][  0]LogPakFile: PakFile PrimaryIndexSize=190
[2024.12.24-06.57.13:019][  0]LogPakFile: PakFile PathHashIndexSize=101
[2024.12.24-06.57.13:019][  0]LogPakFile: PakFile FullDirectoryIndexSize=154
[2024.12.24-06.57.13:019][  0]LogShaderLibrary: Display: ShaderCodeLibraryPakFileMountedCallback: PakFile 'C:/Program Files/Epic Games/UE_4.27/FeaturePacks/TP_2DSideScroller.upack' (chunk index -1, root 'root:/') mounted
[2024.12.24-06.57.13:019][  0]LogShaderLibrary: Display: ShaderCodeLibraryPakFileMountedCallback: pending pak file info (ChunkID:-1 Root:root:/ File:C:/Program Files/Epic Games/UE_4.27/FeaturePacks/TP_2DSideScroller.upack)
[2024.12.24-06.57.13:019][  0]LogPakFile: OnPakFileMounted2Time == 0.000030
[2024.12.24-06.57.13:019][  0]LogPakFile: PakFile PrimaryIndexSize=192
[2024.12.24-06.57.13:019][  0]LogPakFile: PakFile PathHashIndexSize=101
[2024.12.24-06.57.13:019][  0]LogPakFile: PakFile FullDirectoryIndexSize=158
[2024.12.24-06.57.13:019][  0]LogShaderLibrary: Display: ShaderCodeLibraryPakFileMountedCallback: PakFile 'C:/Program Files/Epic Games/UE_4.27/FeaturePacks/TP_2DSideScrollerBP.upack' (chunk index -1, root 'root:/') mounted
[2024.12.24-06.57.13:019][  0]LogShaderLibrary: Display: ShaderCodeLibraryPakFileMountedCallback: pending pak file info (ChunkID:-1 Root:root:/ File:C:/Program Files/Epic Games/UE_4.27/FeaturePacks/TP_2DSideScrollerBP.upack)
[2024.12.24-06.57.13:019][  0]LogPakFile: OnPakFileMounted2Time == 0.000027
[2024.12.24-06.57.13:020][  0]LogPakFile: PakFile PrimaryIndexSize=182
[2024.12.24-06.57.13:020][  0]LogPakFile: PakFile PathHashIndexSize=101
[2024.12.24-06.57.13:020][  0]LogPakFile: PakFile FullDirectoryIndexSize=138
[2024.12.24-06.57.13:020][  0]LogShaderLibrary: Display: ShaderCodeLibraryPakFileMountedCallback: PakFile 'C:/Program Files/Epic Games/UE_4.27/FeaturePacks/TP_Flying.upack' (chunk index -1, root 'root:/') mounted
[2024.12.24-06.57.13:020][  0]LogShaderLibrary: Display: ShaderCodeLibraryPakFileMountedCallback: pending pak file info (ChunkID:-1 Root:root:/ File:C:/Program Files/Epic Games/UE_4.27/FeaturePacks/TP_Flying.upack)
[2024.12.24-06.57.13:020][  0]LogPakFile: OnPakFileMounted2Time == 0.000027
[2024.12.24-06.57.13:020][  0]LogPakFile: PakFile PrimaryIndexSize=184
[2024.12.24-06.57.13:020][  0]LogPakFile: PakFile PathHashIndexSize=101
[2024.12.24-06.57.13:020][  0]LogPakFile: PakFile FullDirectoryIndexSize=142
[2024.12.24-06.57.13:020][  0]LogShaderLibrary: Display: ShaderCodeLibraryPakFileMountedCallback: PakFile 'C:/Program Files/Epic Games/UE_4.27/FeaturePacks/TP_FlyingBP.upack' (chunk index -1, root 'root:/') mounted
[2024.12.24-06.57.13:020][  0]LogShaderLibrary: Display: ShaderCodeLibraryPakFileMountedCallback: pending pak file info (ChunkID:-1 Root:root:/ File:C:/Program Files/Epic Games/UE_4.27/FeaturePacks/TP_FlyingBP.upack)
[2024.12.24-06.57.13:020][  0]LogPakFile: OnPakFileMounted2Time == 0.000026
[2024.12.24-06.57.13:020][  0]LogPakFile: PakFile PrimaryIndexSize=188
[2024.12.24-06.57.13:020][  0]LogPakFile: PakFile PathHashIndexSize=101
[2024.12.24-06.57.13:020][  0]LogPakFile: PakFile FullDirectoryIndexSize=150
[2024.12.24-06.57.13:020][  0]LogShaderLibrary: Display: ShaderCodeLibraryPakFileMountedCallback: PakFile 'C:/Program Files/Epic Games/UE_4.27/FeaturePacks/TP_HandheldARBP.upack' (chunk index -1, root 'root:/') mounted
[2024.12.24-06.57.13:020][  0]LogShaderLibrary: Display: ShaderCodeLibraryPakFileMountedCallback: pending pak file info (ChunkID:-1 Root:root:/ File:C:/Program Files/Epic Games/UE_4.27/FeaturePacks/TP_HandheldARBP.upack)
[2024.12.24-06.57.13:020][  0]LogPakFile: OnPakFileMounted2Time == 0.000026
[2024.12.24-06.57.13:021][  0]LogPakFile: PakFile PrimaryIndexSize=182
[2024.12.24-06.57.13:021][  0]LogPakFile: PakFile PathHashIndexSize=101
[2024.12.24-06.57.13:021][  0]LogPakFile: PakFile FullDirectoryIndexSize=138
[2024.12.24-06.57.13:021][  0]LogShaderLibrary: Display: ShaderCodeLibraryPakFileMountedCallback: PakFile 'C:/Program Files/Epic Games/UE_4.27/FeaturePacks/TP_Puzzle.upack' (chunk index -1, root 'root:/') mounted
[2024.12.24-06.57.13:021][  0]LogShaderLibrary: Display: ShaderCodeLibraryPakFileMountedCallback: pending pak file info (ChunkID:-1 Root:root:/ File:C:/Program Files/Epic Games/UE_4.27/FeaturePacks/TP_Puzzle.upack)
[2024.12.24-06.57.13:021][  0]LogPakFile: OnPakFileMounted2Time == 0.000025
[2024.12.24-06.57.13:021][  0]LogPakFile: PakFile PrimaryIndexSize=184
[2024.12.24-06.57.13:021][  0]LogPakFile: PakFile PathHashIndexSize=101
[2024.12.24-06.57.13:021][  0]LogPakFile: PakFile FullDirectoryIndexSize=142
[2024.12.24-06.57.13:021][  0]LogShaderLibrary: Display: ShaderCodeLibraryPakFileMountedCallback: PakFile 'C:/Program Files/Epic Games/UE_4.27/FeaturePacks/TP_PuzzleBP.upack' (chunk index -1, root 'root:/') mounted
[2024.12.24-06.57.13:021][  0]LogShaderLibrary: Display: ShaderCodeLibraryPakFileMountedCallback: pending pak file info (ChunkID:-1 Root:root:/ File:C:/Program Files/Epic Games/UE_4.27/FeaturePacks/TP_PuzzleBP.upack)
[2024.12.24-06.57.13:021][  0]LogPakFile: OnPakFileMounted2Time == 0.000025
[2024.12.24-06.57.13:022][  0]LogPakFile: PakFile PrimaryIndexSize=183
[2024.12.24-06.57.13:022][  0]LogPakFile: PakFile PathHashIndexSize=101
[2024.12.24-06.57.13:022][  0]LogPakFile: PakFile FullDirectoryIndexSize=140
[2024.12.24-06.57.13:022][  0]LogShaderLibrary: Display: ShaderCodeLibraryPakFileMountedCallback: PakFile 'C:/Program Files/Epic Games/UE_4.27/FeaturePacks/TP_Rolling.upack' (chunk index -1, root 'root:/') mounted
[2024.12.24-06.57.13:022][  0]LogShaderLibrary: Display: ShaderCodeLibraryPakFileMountedCallback: pending pak file info (ChunkID:-1 Root:root:/ File:C:/Program Files/Epic Games/UE_4.27/FeaturePacks/TP_Rolling.upack)
[2024.12.24-06.57.13:022][  0]LogPakFile: OnPakFileMounted2Time == 0.000027
[2024.12.24-06.57.13:022][  0]LogPakFile: PakFile PrimaryIndexSize=185
[2024.12.24-06.57.13:022][  0]LogPakFile: PakFile PathHashIndexSize=101
[2024.12.24-06.57.13:022][  0]LogPakFile: PakFile FullDirectoryIndexSize=144
[2024.12.24-06.57.13:022][  0]LogShaderLibrary: Display: ShaderCodeLibraryPakFileMountedCallback: PakFile 'C:/Program Files/Epic Games/UE_4.27/FeaturePacks/TP_RollingBP.upack' (chunk index -1, root 'root:/') mounted
[2024.12.24-06.57.13:022][  0]LogShaderLibrary: Display: ShaderCodeLibraryPakFileMountedCallback: pending pak file info (ChunkID:-1 Root:root:/ File:C:/Program Files/Epic Games/UE_4.27/FeaturePacks/TP_RollingBP.upack)
[2024.12.24-06.57.13:022][  0]LogPakFile: OnPakFileMounted2Time == 0.000027
[2024.12.24-06.57.13:023][  0]LogPakFile: PakFile PrimaryIndexSize=188
[2024.12.24-06.57.13:023][  0]LogPakFile: PakFile PathHashIndexSize=101
[2024.12.24-06.57.13:023][  0]LogPakFile: PakFile FullDirectoryIndexSize=150
[2024.12.24-06.57.13:023][  0]LogShaderLibrary: Display: ShaderCodeLibraryPakFileMountedCallback: PakFile 'C:/Program Files/Epic Games/UE_4.27/FeaturePacks/TP_SideScroller.upack' (chunk index -1, root 'root:/') mounted
[2024.12.24-06.57.13:023][  0]LogShaderLibrary: Display: ShaderCodeLibraryPakFileMountedCallback: pending pak file info (ChunkID:-1 Root:root:/ File:C:/Program Files/Epic Games/UE_4.27/FeaturePacks/TP_SideScroller.upack)
[2024.12.24-06.57.13:023][  0]LogPakFile: OnPakFileMounted2Time == 0.000026
[2024.12.24-06.57.13:023][  0]LogPakFile: PakFile PrimaryIndexSize=190
[2024.12.24-06.57.13:023][  0]LogPakFile: PakFile PathHashIndexSize=101
[2024.12.24-06.57.13:023][  0]LogPakFile: PakFile FullDirectoryIndexSize=154
[2024.12.24-06.57.13:023][  0]LogShaderLibrary: Display: ShaderCodeLibraryPakFileMountedCallback: PakFile 'C:/Program Files/Epic Games/UE_4.27/FeaturePacks/TP_SideScrollerBP.upack' (chunk index -1, root 'root:/') mounted
[2024.12.24-06.57.13:023][  0]LogShaderLibrary: Display: ShaderCodeLibraryPakFileMountedCallback: pending pak file info (ChunkID:-1 Root:root:/ File:C:/Program Files/Epic Games/UE_4.27/FeaturePacks/TP_SideScrollerBP.upack)
[2024.12.24-06.57.13:023][  0]LogPakFile: OnPakFileMounted2Time == 0.000025
[2024.12.24-06.57.13:023][  0]LogPakFile: PakFile PrimaryIndexSize=187
[2024.12.24-06.57.13:023][  0]LogPakFile: PakFile PathHashIndexSize=101
[2024.12.24-06.57.13:023][  0]LogPakFile: PakFile FullDirectoryIndexSize=148
[2024.12.24-06.57.13:023][  0]LogShaderLibrary: Display: ShaderCodeLibraryPakFileMountedCallback: PakFile 'C:/Program Files/Epic Games/UE_4.27/FeaturePacks/TP_ThirdPerson.upack' (chunk index -1, root 'root:/') mounted
[2024.12.24-06.57.13:023][  0]LogShaderLibrary: Display: ShaderCodeLibraryPakFileMountedCallback: pending pak file info (ChunkID:-1 Root:root:/ File:C:/Program Files/Epic Games/UE_4.27/FeaturePacks/TP_ThirdPerson.upack)
[2024.12.24-06.57.13:023][  0]LogPakFile: OnPakFileMounted2Time == 0.000026
[2024.12.24-06.57.13:024][  0]LogPakFile: PakFile PrimaryIndexSize=189
[2024.12.24-06.57.13:024][  0]LogPakFile: PakFile PathHashIndexSize=101
[2024.12.24-06.57.13:024][  0]LogPakFile: PakFile FullDirectoryIndexSize=152
[2024.12.24-06.57.13:024][  0]LogShaderLibrary: Display: ShaderCodeLibraryPakFileMountedCallback: PakFile 'C:/Program Files/Epic Games/UE_4.27/FeaturePacks/TP_ThirdPersonBP.upack' (chunk index -1, root 'root:/') mounted
[2024.12.24-06.57.13:024][  0]LogShaderLibrary: Display: ShaderCodeLibraryPakFileMountedCallback: pending pak file info (ChunkID:-1 Root:root:/ File:C:/Program Files/Epic Games/UE_4.27/FeaturePacks/TP_ThirdPersonBP.upack)
[2024.12.24-06.57.13:024][  0]LogPakFile: OnPakFileMounted2Time == 0.000025
[2024.12.24-06.57.13:025][  0]LogPakFile: PakFile PrimaryIndexSize=183
[2024.12.24-06.57.13:025][  0]LogPakFile: PakFile PathHashIndexSize=101
[2024.12.24-06.57.13:025][  0]LogPakFile: PakFile FullDirectoryIndexSize=140
[2024.12.24-06.57.13:025][  0]LogShaderLibrary: Display: ShaderCodeLibraryPakFileMountedCallback: PakFile 'C:/Program Files/Epic Games/UE_4.27/FeaturePacks/TP_TopDown.upack' (chunk index -1, root 'root:/') mounted
[2024.12.24-06.57.13:025][  0]LogShaderLibrary: Display: ShaderCodeLibraryPakFileMountedCallback: pending pak file info (ChunkID:-1 Root:root:/ File:C:/Program Files/Epic Games/UE_4.27/FeaturePacks/TP_TopDown.upack)
[2024.12.24-06.57.13:025][  0]LogPakFile: OnPakFileMounted2Time == 0.000035
[2024.12.24-06.57.13:025][  0]LogPakFile: PakFile PrimaryIndexSize=185
[2024.12.24-06.57.13:025][  0]LogPakFile: PakFile PathHashIndexSize=101
[2024.12.24-06.57.13:025][  0]LogPakFile: PakFile FullDirectoryIndexSize=144
[2024.12.24-06.57.13:025][  0]LogShaderLibrary: Display: ShaderCodeLibraryPakFileMountedCallback: PakFile 'C:/Program Files/Epic Games/UE_4.27/FeaturePacks/TP_TopDownBP.upack' (chunk index -1, root 'root:/') mounted
[2024.12.24-06.57.13:025][  0]LogShaderLibrary: Display: ShaderCodeLibraryPakFileMountedCallback: pending pak file info (ChunkID:-1 Root:root:/ File:C:/Program Files/Epic Games/UE_4.27/FeaturePacks/TP_TopDownBP.upack)
[2024.12.24-06.57.13:025][  0]LogPakFile: OnPakFileMounted2Time == 0.000030
[2024.12.24-06.57.13:025][  0]LogPakFile: PakFile PrimaryIndexSize=185
[2024.12.24-06.57.13:025][  0]LogPakFile: PakFile PathHashIndexSize=101
[2024.12.24-06.57.13:025][  0]LogPakFile: PakFile FullDirectoryIndexSize=144
[2024.12.24-06.57.13:025][  0]LogShaderLibrary: Display: ShaderCodeLibraryPakFileMountedCallback: PakFile 'C:/Program Files/Epic Games/UE_4.27/FeaturePacks/TP_TwinStick.upack' (chunk index -1, root 'root:/') mounted
[2024.12.24-06.57.13:025][  0]LogShaderLibrary: Display: ShaderCodeLibraryPakFileMountedCallback: pending pak file info (ChunkID:-1 Root:root:/ File:C:/Program Files/Epic Games/UE_4.27/FeaturePacks/TP_TwinStick.upack)
[2024.12.24-06.57.13:025][  0]LogPakFile: OnPakFileMounted2Time == 0.000026
[2024.12.24-06.57.13:026][  0]LogPakFile: PakFile PrimaryIndexSize=187
[2024.12.24-06.57.13:026][  0]LogPakFile: PakFile PathHashIndexSize=101
[2024.12.24-06.57.13:026][  0]LogPakFile: PakFile FullDirectoryIndexSize=148
[2024.12.24-06.57.13:026][  0]LogShaderLibrary: Display: ShaderCodeLibraryPakFileMountedCallback: PakFile 'C:/Program Files/Epic Games/UE_4.27/FeaturePacks/TP_TwinStickBP.upack' (chunk index -1, root 'root:/') mounted
[2024.12.24-06.57.13:026][  0]LogShaderLibrary: Display: ShaderCodeLibraryPakFileMountedCallback: pending pak file info (ChunkID:-1 Root:root:/ File:C:/Program Files/Epic Games/UE_4.27/FeaturePacks/TP_TwinStickBP.upack)
[2024.12.24-06.57.13:026][  0]LogPakFile: OnPakFileMounted2Time == 0.000028
[2024.12.24-06.57.13:026][  0]LogPakFile: PakFile PrimaryIndexSize=183
[2024.12.24-06.57.13:026][  0]LogPakFile: PakFile PathHashIndexSize=101
[2024.12.24-06.57.13:026][  0]LogPakFile: PakFile FullDirectoryIndexSize=140
[2024.12.24-06.57.13:026][  0]LogShaderLibrary: Display: ShaderCodeLibraryPakFileMountedCallback: PakFile 'C:/Program Files/Epic Games/UE_4.27/FeaturePacks/TP_Vehicle.upack' (chunk index -1, root 'root:/') mounted
[2024.12.24-06.57.13:027][  0]LogShaderLibrary: Display: ShaderCodeLibraryPakFileMountedCallback: pending pak file info (ChunkID:-1 Root:root:/ File:C:/Program Files/Epic Games/UE_4.27/FeaturePacks/TP_Vehicle.upack)
[2024.12.24-06.57.13:027][  0]LogPakFile: OnPakFileMounted2Time == 0.000028
[2024.12.24-06.57.13:027][  0]LogPakFile: PakFile PrimaryIndexSize=186
[2024.12.24-06.57.13:027][  0]LogPakFile: PakFile PathHashIndexSize=101
[2024.12.24-06.57.13:027][  0]LogPakFile: PakFile FullDirectoryIndexSize=146
[2024.12.24-06.57.13:027][  0]LogShaderLibrary: Display: ShaderCodeLibraryPakFileMountedCallback: PakFile 'C:/Program Files/Epic Games/UE_4.27/FeaturePacks/TP_VehicleAdv.upack' (chunk index -1, root 'root:/') mounted
[2024.12.24-06.57.13:027][  0]LogShaderLibrary: Display: ShaderCodeLibraryPakFileMountedCallback: pending pak file info (ChunkID:-1 Root:root:/ File:C:/Program Files/Epic Games/UE_4.27/FeaturePacks/TP_VehicleAdv.upack)
[2024.12.24-06.57.13:027][  0]LogPakFile: OnPakFileMounted2Time == 0.000025
[2024.12.24-06.57.13:027][  0]LogPakFile: PakFile PrimaryIndexSize=188
[2024.12.24-06.57.13:027][  0]LogPakFile: PakFile PathHashIndexSize=101
[2024.12.24-06.57.13:027][  0]LogPakFile: PakFile FullDirectoryIndexSize=150
[2024.12.24-06.57.13:027][  0]LogShaderLibrary: Display: ShaderCodeLibraryPakFileMountedCallback: PakFile 'C:/Program Files/Epic Games/UE_4.27/FeaturePacks/TP_VehicleAdvBP.upack' (chunk index -1, root 'root:/') mounted
[2024.12.24-06.57.13:027][  0]LogShaderLibrary: Display: ShaderCodeLibraryPakFileMountedCallback: pending pak file info (ChunkID:-1 Root:root:/ File:C:/Program Files/Epic Games/UE_4.27/FeaturePacks/TP_VehicleAdvBP.upack)
[2024.12.24-06.57.13:027][  0]LogPakFile: OnPakFileMounted2Time == 0.000028
[2024.12.24-06.57.13:028][  0]LogPakFile: PakFile PrimaryIndexSize=185
[2024.12.24-06.57.13:028][  0]LogPakFile: PakFile PathHashIndexSize=101
[2024.12.24-06.57.13:028][  0]LogPakFile: PakFile FullDirectoryIndexSize=144
[2024.12.24-06.57.13:028][  0]LogShaderLibrary: Display: ShaderCodeLibraryPakFileMountedCallback: PakFile 'C:/Program Files/Epic Games/UE_4.27/FeaturePacks/TP_VehicleBP.upack' (chunk index -1, root 'root:/') mounted
[2024.12.24-06.57.13:028][  0]LogShaderLibrary: Display: ShaderCodeLibraryPakFileMountedCallback: pending pak file info (ChunkID:-1 Root:root:/ File:C:/Program Files/Epic Games/UE_4.27/FeaturePacks/TP_VehicleBP.upack)
[2024.12.24-06.57.13:028][  0]LogPakFile: OnPakFileMounted2Time == 0.000023
[2024.12.24-06.57.13:028][  0]LogPakFile: PakFile PrimaryIndexSize=192
[2024.12.24-06.57.13:028][  0]LogPakFile: PakFile PathHashIndexSize=101
[2024.12.24-06.57.13:028][  0]LogPakFile: PakFile FullDirectoryIndexSize=158
[2024.12.24-06.57.13:028][  0]LogShaderLibrary: Display: ShaderCodeLibraryPakFileMountedCallback: PakFile 'C:/Program Files/Epic Games/UE_4.27/FeaturePacks/TP_VirtualRealityBP.upack' (chunk index -1, root 'root:/') mounted
[2024.12.24-06.57.13:028][  0]LogShaderLibrary: Display: ShaderCodeLibraryPakFileMountedCallback: pending pak file info (ChunkID:-1 Root:root:/ File:C:/Program Files/Epic Games/UE_4.27/FeaturePacks/TP_VirtualRealityBP.upack)
[2024.12.24-06.57.13:028][  0]LogPakFile: OnPakFileMounted2Time == 0.000024
[2024.12.24-06.57.13:065][  0]LogNativeClassHierarchy: Verbose: Native class hierarchy updated for 'AddContentDialog' in 0.0002 seconds. Added 0 classes and 0 folders.
[2024.12.24-06.57.13:069][  0]LogNativeClassHierarchy: Verbose: Native class hierarchy updated for 'SceneOutliner' in 0.0002 seconds. Added 2 classes and 0 folders.
[2024.12.24-06.57.13:117][  0]LogSlate: Took 0.000112 seconds to synchronously load lazily loaded font '../../../Engine/Content/Slate/Fonts/Roboto-Regular.ttf' (155K)
[2024.12.24-06.57.13:120][  0]LogSlate: Took 0.001913 seconds to synchronously load lazily loaded font '../../../Engine/Content/Editor/Slate/Fonts/NanumGothic.ttf' (4243K)
[2024.12.24-06.57.13:120][  0]LogSlate: Took 0.000153 seconds to synchronously load lazily loaded font '../../../Engine/Content/Editor/Slate/Fonts/FontAwesome.ttf' (139K)
[2024.12.24-06.57.13:122][  0]LogSlate: Took 0.001568 seconds to synchronously load lazily loaded font '../../../Engine/Content/Editor/Slate/Fonts/NanumGothicBold.ttf' (4188K)
[2024.12.24-06.57.13:122][  0]LogSlate: Took 0.000114 seconds to synchronously load lazily loaded font '../../../Engine/Content/Slate/Fonts/Roboto-Bold.ttf' (160K)
[2024.12.24-06.57.13:185][  0]LogRenderer: Reallocating scene render targets to support 1072x540 Format 10 NumSamples 1 (Frame:1).
[2024.12.24-06.57.13:272][  0]LogNativeClassHierarchy: Verbose: Native class hierarchy updated for 'HierarchicalLODOutliner' in 0.0002 seconds. Added 0 classes and 0 folders.
[2024.12.24-06.57.13:272][  0]LogLoad: (Engine Initialization) Total time: 5.55 seconds
[2024.12.24-06.57.13:272][  0]LogLoad: (Engine Initialization) Total Blueprint compile time: 0.00 seconds
[2024.12.24-06.57.13:324][  0]LogAssetRegistry: Asset discovery search completed in 3.1785 seconds
[2024.12.24-06.57.13:329][  0]LogCollectionManager: Fixed up redirectors for 0 collections in 0.000004 seconds (updated 0 objects)
[2024.12.24-06.57.13:331][  0]LogContentStreaming: Texture pool size now 1000 MB
