Log file open, 12/24/24 13:38:01
LogWindows: Failed to load 'aqProf.dll' (GetLastError=126)
LogWindows: File 'aqProf.dll' does not exist
LogWindows: Failed to load 'VtuneApi.dll' (GetLastError=126)
LogWindows: File 'VtuneApi.dll' does not exist
LogWindows: Failed to load 'VtuneApi32e.dll' (GetLastError=126)
LogWindows: File 'VtuneApi32e.dll' does not exist
LogConsoleResponse: Display: Failed to find resolution value strings in scalability ini. Falling back to default.
LogConsoleResponse: Display: Failed to find resolution value strings in scalability ini. Falling back to default.
LogInit: Display: Running engine for game: Unreal_R4D2_Copy
LogPlatformFile: Not using cached read wrapper
LogTaskGraph: Started task graph with 5 named threads and 59 total threads with 3 sets of task threads.
LogStats: Stats thread started at 0.242599
LogICUInternationalization: ICU TimeZone Detection - Raw Offset: +9:00, Platform Override: ''
LogInit: Display: Loading text-based GConfig....
LogPluginManager: Mounting plugin MeshPainting
LogPluginManager: Mounting plugin XGEController
LogPluginManager: Mounting plugin Paper2D
LogPluginManager: Mounting plugin EnvironmentQueryEditor
LogPluginManager: Mounting plugin AISupport
LogPluginManager: Mounting plugin LightPropagationVolume
LogPluginManager: Mounting plugin CameraShakePreviewer
LogPluginManager: Mounting plugin GameplayCameras
LogPluginManager: Mounting plugin AnimationSharing
LogPluginManager: Mounting plugin CodeLiteSourceCodeAccess
LogPluginManager: Mounting plugin CLionSourceCodeAccess
LogPluginManager: Mounting plugin GitSourceControl
LogPluginManager: Mounting plugin NullSourceCodeAccess
LogPluginManager: Mounting plugin PluginUtils
LogPluginManager: Mounting plugin PixWinPlugin
LogPluginManager: Mounting plugin PropertyAccessNode
LogPluginManager: Mounting plugin RiderSourceCodeAccess
LogPluginManager: Mounting plugin PlasticSourceControl
LogPluginManager: Mounting plugin VisualStudioCodeSourceCodeAccess
LogPluginManager: Mounting plugin XCodeSourceCodeAccess
LogPluginManager: Mounting plugin TextureFormatOodle
LogPluginManager: Mounting plugin SubversionSourceControl
LogPluginManager: Mounting plugin OodleData
LogPluginManager: Mounting plugin OodleNetwork
LogPluginManager: Mounting plugin PerforceSourceControl
LogPluginManager: Mounting plugin KDevelopSourceCodeAccess
LogPluginManager: Mounting plugin VisualStudioSourceCodeAccess
LogPluginManager: Mounting plugin DatasmithContent
LogPluginManager: Mounting plugin LiveLink
LogPluginManager: Mounting plugin AutomationUtils
LogPluginManager: Mounting plugin BackChannel
LogPluginManager: Mounting plugin ChaosClothEditor
LogPluginManager: Mounting plugin ChaosCloth
LogPluginManager: Mounting plugin ChaosNiagara
LogPluginManager: Mounting plugin ChaosSolverPlugin
LogPluginManager: Mounting plugin CharacterAI
LogPluginManager: Mounting plugin AlembicImporter
LogPluginManager: Mounting plugin ChaosEditor
LogPluginManager: Mounting plugin LuminPlatformFeatures
LogPluginManager: Mounting plugin MagicLeap
LogPluginManager: Mounting plugin MagicLeapLightEstimation
LogPluginManager: Mounting plugin AssetManagerEditor
LogPluginManager: Mounting plugin UObjectPlugin
LogPluginManager: Mounting plugin MagicLeapPassableWorld
LogPluginManager: Mounting plugin MLSDK
LogPluginManager: Mounting plugin CryptoKeys
LogPluginManager: Mounting plugin Niagara
LogPluginManager: Mounting plugin CurveEditorTools
LogPluginManager: Mounting plugin DataValidation
LogPluginManager: Mounting plugin FacialAnimation
LogPluginManager: Mounting plugin GameplayTagsEditor
LogPluginManager: Mounting plugin GeometryMode
LogPluginManager: Mounting plugin MacGraphicsSwitching
LogPluginManager: Mounting plugin MaterialAnalyzer
LogPluginManager: Mounting plugin PluginBrowser
LogPluginManager: Mounting plugin SpeedTreeImporter
LogPluginManager: Mounting plugin TcpMessaging
LogPluginManager: Mounting plugin GeometryCache
LogPluginManager: Mounting plugin UdpMessaging
LogPluginManager: Mounting plugin GeometryProcessing
LogPluginManager: Mounting plugin OpenImageDenoise
LogPluginManager: Mounting plugin MotoSynth
LogPluginManager: Mounting plugin PlanarCut
LogPluginManager: Mounting plugin PlatformCrypto
LogPluginManager: Mounting plugin MobileLauncherProfileWizard
LogPluginManager: Mounting plugin ProxyLODPlugin
LogPluginManager: Mounting plugin PythonScriptPlugin
LogPluginManager: Mounting plugin SkeletalReduction
LogPluginManager: Mounting plugin ActorSequence
LogPluginManager: Mounting plugin MatineeToLevelSequence
LogPluginManager: Mounting plugin LevelSequenceEditor
LogPluginManager: Mounting plugin TemplateSequence
LogPluginManager: Mounting plugin OnlineSubsystem
LogPluginManager: Mounting plugin OnlineSubsystemNull
LogPluginManager: Mounting plugin OnlineSubsystemUtils
LogPluginManager: Mounting plugin ActorLayerUtilities
LogPluginManager: Mounting plugin AndroidMoviePlayer
LogPluginManager: Mounting plugin AndroidPermission
LogPluginManager: Mounting plugin AndroidDeviceProfileSelector
LogPluginManager: Mounting plugin AppleMoviePlayer
LogPluginManager: Mounting plugin AudioCapture
LogPluginManager: Mounting plugin AudioSynesthesia
LogPluginManager: Mounting plugin ArchVisCharacter
LogPluginManager: Mounting plugin AssetTags
LogPluginManager: Mounting plugin CableComponent
LogPluginManager: Mounting plugin AppleImageUtils
LogPluginManager: Mounting plugin EditableMesh
LogPluginManager: Mounting plugin ChunkDownloader
LogPluginManager: Mounting plugin CustomMeshComponent
LogPluginManager: Mounting plugin LauncherChunkInstaller
LogPluginManager: Mounting plugin GoogleCloudMessaging
LogPluginManager: Mounting plugin GooglePAD
LogPluginManager: Mounting plugin LinuxDeviceProfileSelector
LogPluginManager: Mounting plugin IOSDeviceProfileSelector
LogPluginManager: Mounting plugin LocationServicesBPLibrary
LogPluginManager: Mounting plugin MobilePatchingUtils
LogPluginManager: Mounting plugin ExampleDeviceProfileSelector
LogPluginManager: Mounting plugin OpenXREyeTracker
LogPluginManager: Mounting plugin ScreenshotTools
LogPluginManager: Mounting plugin OpenXR
LogPluginManager: Mounting plugin AvfMedia
LogPluginManager: Mounting plugin AndroidMedia
LogPluginManager: Mounting plugin OpenXRHandTracking
LogPluginManager: Mounting plugin ImgMedia
LogPluginManager: Mounting plugin MediaCompositing
LogPluginManager: Mounting plugin PhysXVehicles
LogPluginManager: Mounting plugin PostSplashScreen
LogPluginManager: Mounting plugin MediaPlayerEditor
LogPluginManager: Mounting plugin ProceduralMeshComponent
LogPluginManager: Mounting plugin WebMMedia
LogPluginManager: Mounting plugin PropertyAccessEditor
LogPluginManager: Mounting plugin WmfMedia
LogPluginManager: Mounting plugin RuntimePhysXCooking
LogPluginManager: Mounting plugin SignificanceManager
LogPluginManager: Mounting plugin SoundFields
LogPluginManager: Mounting plugin Synthesis
LogPluginManager: Mounting plugin WebMMoviePlayer
LogPluginManager: Mounting plugin WindowsMoviePlayer
LogPluginManager: Mounting plugin GeometryCollectionPlugin
LogPluginManager: Mounting plugin Takes
LogPluginManager: Mounting plugin MagicLeapMedia
LogPluginManager: Mounting plugin VariantManagerContent
LogPluginManager: Mounting plugin ContentBrowserAssetDataSource
LogPluginManager: Mounting plugin ContentBrowserClassDataSource
LogPluginManager: Mounting plugin ContentBrowserFileDataSource
LogPluginManager: Mounting plugin OnlineSubsystemGooglePlay
LogPluginManager: Mounting plugin OnlineSubsystemIOS
LogPluginManager: Mounting plugin OculusVR
LogPluginManager: Mounting plugin SteamVR
LogInit: Warning: Incompatible or missing module: Unreal_R4D2_Copy
Running C:/Program Files/Epic Games/UE_4.27/Engine/Binaries/DotNET/UnrealBuildTool.exe Development Win64 -Project="C:/Users/admin/Documents/GitHub/UnrealProjectL4D2/Unreal_R4D2_Copy/Unreal_R4D2_Copy.uproject" -TargetType=Editor -Progress -NoEngineChanges -NoHotReloadFromIDE
Using 'git status' to determine working set for adaptive non-unity build (C:\Users\admin\Documents\GitHub\UnrealProjectL4D2).
Creating makefile for Unreal_R4D2_CopyEditor (.uproject file is newer)
@progress push 5%
Parsing headers for Unreal_R4D2_CopyEditor
  Running UnrealHeaderTool "C:\Users\admin\Documents\GitHub\UnrealProjectL4D2\Unreal_R4D2_Copy\Unreal_R4D2_Copy.uproject" "C:\Users\admin\Documents\GitHub\UnrealProjectL4D2\Unreal_R4D2_Copy\Intermediate\Build\Win64\Unreal_R4D2_CopyEditor\Development\Unreal_R4D2_CopyEditor.uhtmanifest" -LogCmds="loginit warning, logexit warning, logdatabase error" -Unattended -WarningsAsErrors -abslog="C:\Users\admin\AppData\Local\UnrealBuildTool\Log_UHT.txt" -installed
LogInit: Display: Loading text-based GConfig....
Reflection code generated for Unreal_R4D2_CopyEditor in 28.3383963 seconds
@progress pop
Building Unreal_R4D2_CopyEditor...
Using Visual Studio 2022 14.38.33133 toolchain (C:\Program Files\Microsoft Visual Studio\2022\Community\VC\Tools\MSVC\14.38.33130) and Windows 10.0.22621.0 SDK (C:\Program Files (x86)\Windows Kits\10).
Building 9 actions with 20 processes...
  @progress 'Compiling C++ source code...' 0%
  @progress 'Compiling C++ source code...' 11%
  [1/9] Default.rc2
  @progress 'Compiling C++ source code...' 22%
  [2/9] SharedPCH.Engine.ShadowErrors.cpp
  Detected compiler newer than Visual Studio 2019, please update min version checking in WindowsPlatformCompilerSetup.h
  @progress 'Compiling C++ source code...' 33%
  [3/9] Unreal_R4D2_Copy.cpp
  @progress 'Compiling C++ source code...' 44%
  [4/9] Unreal_R4D2_Copy.init.gen.cpp
  @progress 'Compiling C++ source code...' 56%
  [5/9] Unreal_R4D2_CopyGameModeBase.cpp
  @progress 'Compiling C++ source code...' 67%
  [6/9] Unreal_R4D2_CopyGameModeBase.gen.cpp
  @progress 'Compiling C++ source code...' 78%
  [7/9] UE4Editor-Unreal_R4D2_Copy.lib
     C:\Users\admin\Documents\GitHub\UnrealProjectL4D2\Unreal_R4D2_Copy\Intermediate\Build\Win64\UE4Editor\Development\Unreal_R4D2_Copy\UE4Editor-Unreal_R4D2_Copy.lib ???̺귯?? ?? C:\Users\admin\Documents\GitHub\UnrealProjectL4D2\Unreal_R4D2_Copy\Intermediate\Build\Win64\UE4Editor\Development\Unreal_R4D2_Copy\UE4Editor-Unreal_R4D2_Copy.exp ??ü?? ?????ϰ? ?ֽ??ϴ?.
  @progress 'Compiling C++ source code...' 89%
  [8/9] UE4Editor-Unreal_R4D2_Copy.dll
     C:\Users\admin\Documents\GitHub\UnrealProjectL4D2\Unreal_R4D2_Copy\Intermediate\Build\Win64\UE4Editor\Development\Unreal_R4D2_Copy\UE4Editor-Unreal_R4D2_Copy.suppressed.lib ???̺귯?? ?? C:\Users\admin\Documents\GitHub\UnrealProjectL4D2\Unreal_R4D2_Copy\Intermediate\Build\Win64\UE4Editor\Development\Unreal_R4D2_Copy\UE4Editor-Unreal_R4D2_Copy.suppressed.exp ??ü?? ?????ϰ? ?ֽ??ϴ?.
  @progress 'Compiling C++ source code...' 100%
  [9/9] Unreal_R4D2_CopyEditor.target
Total time in Parallel executor: 62.51 seconds
Total execution time: 95.12 seconds
PixWinPlugin: PIX capture plugin failed to initialize! Check that the process is launched from PIX.
LogInit: Using libcurl 7.55.1-DEV
LogInit:  - built for x86_64-pc-win32
LogInit:  - supports SSL with OpenSSL/1.1.1
LogInit:  - supports HTTP deflate (compression) using libz 1.2.8
LogInit:  - other features:
LogInit:      CURL_VERSION_SSL
LogInit:      CURL_VERSION_LIBZ
LogInit:      CURL_VERSION_IPV6
LogInit:      CURL_VERSION_ASYNCHDNS
LogInit:      CURL_VERSION_LARGEFILE
LogInit:      CURL_VERSION_IDN
LogInit:  CurlRequestOptions (configurable via config and command line):
LogInit:  - bVerifyPeer = true  - Libcurl will verify peer certificate
LogInit:  - bUseHttpProxy = false  - Libcurl will NOT use HTTP proxy
LogInit:  - bDontReuseConnections = false  - Libcurl will reuse connections
LogInit:  - MaxHostConnections = 16  - Libcurl will limit the number of connections to a host
LogInit:  - LocalHostAddr = Default
LogInit:  - BufferSize = 65536
LogOnline: OSS: Creating online subsystem instance for: NULL
LogInit: WinSock: version 1.1 (2.2), MaxSocks=32767, MaxUdp=65467
LogOnline: OSS: TryLoadSubsystemAndSetDefault: Loaded subsystem for module [NULL]
LogOculusPluginWrapper: OculusPlugin initialized successfully
LogHMD: Failed initializing OVRPlugin 1.59.0
LogInit: Build: ++UE4+Release-4.27-CL-18319896
LogInit: Engine Version: 4.27.2-18319896+++UE4+Release-4.27
LogInit: Compatible Engine Version: 4.27.0-17155196+++UE4+Release-4.27
LogInit: Net CL: 17155196
LogInit: OS: Windows 10 (Release 2009) (), CPU: 12th Gen Intel(R) Core(TM) i9-12900H, GPU: NVIDIA GeForce RTX 3080 Laptop GPU
LogInit: Compiled (64-bit): Nov 30 2021 07:12:08
LogInit: Compiled with Visual C++: 19.24.28315.00
LogInit: Build Configuration: Development
LogInit: Branch Name: ++UE4+Release-4.27
LogInit: Command Line: 
LogInit: Base Directory: C:/Program Files/Epic Games/UE_4.27/Engine/Binaries/Win64/
LogInit: Allocator: TBB
LogInit: Installed Engine Build: 1
LogDevObjectVersion: Number of dev versions registered: 29
LogDevObjectVersion:   Dev-Blueprints (B0D832E4-1F89-4F0D-ACCF-7EB736FD4AA2): 10
LogDevObjectVersion:   Dev-Build (E1C64328-A22C-4D53-A36C-8E866417BD8C): 0
LogDevObjectVersion:   Dev-Core (375EC13C-06E4-48FB-B500-84F0262A717E): 4
LogDevObjectVersion:   Dev-Editor (E4B068ED-F494-42E9-A231-DA0B2E46BB41): 40
LogDevObjectVersion:   Dev-Framework (CFFC743F-43B0-4480-9391-14DF171D2073): 37
LogDevObjectVersion:   Dev-Mobile (B02B49B5-BB20-44E9-A304-32B752E40360): 3
LogDevObjectVersion:   Dev-Networking (A4E4105C-59A1-49B5-A7C5-40C4547EDFEE): 0
LogDevObjectVersion:   Dev-Online (39C831C9-5AE6-47DC-9A44-9C173E1C8E7C): 0
LogDevObjectVersion:   Dev-Physics (78F01B33-EBEA-4F98-B9B4-84EACCB95AA2): 14
LogDevObjectVersion:   Dev-Platform (6631380F-2D4D-43E0-8009-CF276956A95A): 0
LogDevObjectVersion:   Dev-Rendering (12F88B9F-8875-4AFC-A67C-D90C383ABD29): 45
LogDevObjectVersion:   Dev-Sequencer (7B5AE74C-D270-4C10-A958-57980B212A5A): 13
LogDevObjectVersion:   Dev-VR (D7296918-1DD6-4BDD-9DE2-64A83CC13884): 3
LogDevObjectVersion:   Dev-LoadTimes (C2A15278-BFE7-4AFE-6C17-90FF531DF755): 1
LogDevObjectVersion:   Private-Geometry (6EACA3D4-40EC-4CC1-B786-8BED09428FC5): 3
LogDevObjectVersion:   Dev-AnimPhys (29E575DD-E0A3-4627-9D10-D276232CDCEA): 17
LogDevObjectVersion:   Dev-Anim (AF43A65D-7FD3-4947-9873-3E8ED9C1BB05): 15
LogDevObjectVersion:   Dev-ReflectionCapture (6B266CEC-1EC7-4B8F-A30B-E4D90942FC07): 1
LogDevObjectVersion:   Dev-Automation (0DF73D61-A23F-47EA-B727-89E90C41499A): 1
LogDevObjectVersion:   FortniteMain (601D1886-AC64-4F84-AA16-D3DE0DEAC7D6): 47
LogDevObjectVersion:   FortniteRelease (E7086368-6B23-4C58-8439-1B7016265E91): 1
LogDevObjectVersion:   Dev-Enterprise (9DFFBCD6-494F-0158-E221-12823C92A888): 10
LogDevObjectVersion:   Dev-Niagara (F2AED0AC-9AFE-416F-8664-AA7FFA26D6FC): 1
LogDevObjectVersion:   Dev-Destruction (174F1F0B-B4C6-45A5-B13F-2EE8D0FB917D): 10
LogDevObjectVersion:   Dev-Physics-Ext (35F94A83-E258-406C-A318-09F59610247C): 41
LogDevObjectVersion:   Dev-PhysicsMaterial-Chaos (B68FC16E-8B1B-42E2-B453-215C058844FE): 1
LogDevObjectVersion:   Dev-CineCamera (B2E18506-4273-CFC2-A54E-F4BB758BBA07): 1
LogDevObjectVersion:   Dev-VirtualProduction (64F58936-FD1B-42BA-BA96-7289D5D0FA4E): 1
LogDevObjectVersion:   Dev-MediaFramework (6F0ED827-A609-4895-9C91-998D90180EA4): 2
LogInit: Presizing for max 25165824 objects, including 0 objects not considered by GC, pre-allocating 0 bytes for permanent pool.
LogConfig: Applying CVar settings from Section [/Script/Engine.StreamingSettings] File [C:/Users/admin/Documents/GitHub/UnrealProjectL4D2/Unreal_R4D2_Copy/Saved/Config/Windows/Engine.ini]
LogConfig: Setting CVar [[s.MinBulkDataSizeForAsyncLoading:131072]]
LogConfig: Setting CVar [[s.AsyncLoadingThreadEnabled:0]]
LogConfig: Setting CVar [[s.EventDrivenLoaderEnabled:1]]
LogConfig: Setting CVar [[s.WarnIfTimeLimitExceeded:0]]
LogConfig: Setting CVar [[s.TimeLimitExceededMultiplier:1.5]]
LogConfig: Setting CVar [[s.TimeLimitExceededMinTime:0.005]]
LogConfig: Setting CVar [[s.UseBackgroundLevelStreaming:1]]
LogConfig: Setting CVar [[s.PriorityAsyncLoadingExtraTime:15.0]]
LogConfig: Setting CVar [[s.LevelStreamingActorsUpdateTimeLimit:5.0]]
LogConfig: Setting CVar [[s.PriorityLevelStreamingActorsUpdateExtraTime:5.0]]
LogConfig: Setting CVar [[s.LevelStreamingComponentsRegistrationGranularity:10]]
LogConfig: Setting CVar [[s.UnregisterComponentsTimeLimit:1.0]]
LogConfig: Setting CVar [[s.LevelStreamingComponentsUnregistrationGranularity:5]]
LogConfig: Setting CVar [[s.FlushStreamingOnExit:1]]
LogInit: Object subsystem initialized
LogConfig: Setting CVar [[con.DebugEarlyDefault:1]]
LogConfig: Setting CVar [[r.setres:1280x720]]
[2024.12.24-04.39.39:710][  0]LogConfig: Setting CVar [[r.VSync:0]]
[2024.12.24-04.39.39:711][  0]LogConfig: Setting CVar [[r.RHICmdBypass:0]]
[2024.12.24-04.39.39:711][  0]LogConfig: Applying CVar settings from Section [/Script/Engine.RendererSettings] File [C:/Users/admin/Documents/GitHub/UnrealProjectL4D2/Unreal_R4D2_Copy/Saved/Config/Windows/Engine.ini]
[2024.12.24-04.39.39:711][  0]LogConfig: Setting CVar [[r.GPUCrashDebugging:0]]
[2024.12.24-04.39.39:711][  0]LogConfig: Applying CVar settings from Section [/Script/Engine.RendererOverrideSettings] File [C:/Users/admin/Documents/GitHub/UnrealProjectL4D2/Unreal_R4D2_Copy/Saved/Config/Windows/Engine.ini]
[2024.12.24-04.39.39:711][  0]LogConfig: Applying CVar settings from Section [/Script/Engine.StreamingSettings] File [C:/Users/admin/Documents/GitHub/UnrealProjectL4D2/Unreal_R4D2_Copy/Saved/Config/Windows/Engine.ini]
[2024.12.24-04.39.39:711][  0]LogConfig: Setting CVar [[s.MinBulkDataSizeForAsyncLoading:131072]]
[2024.12.24-04.39.39:711][  0]LogConfig: Setting CVar [[s.AsyncLoadingThreadEnabled:0]]
[2024.12.24-04.39.39:711][  0]LogConfig: Setting CVar [[s.EventDrivenLoaderEnabled:1]]
[2024.12.24-04.39.39:711][  0]LogConfig: Setting CVar [[s.WarnIfTimeLimitExceeded:0]]
[2024.12.24-04.39.39:711][  0]LogConfig: Setting CVar [[s.TimeLimitExceededMultiplier:1.5]]
[2024.12.24-04.39.39:711][  0]LogConfig: Setting CVar [[s.TimeLimitExceededMinTime:0.005]]
[2024.12.24-04.39.39:711][  0]LogConfig: Setting CVar [[s.UseBackgroundLevelStreaming:1]]
[2024.12.24-04.39.39:711][  0]LogConfig: Setting CVar [[s.PriorityAsyncLoadingExtraTime:15.0]]
[2024.12.24-04.39.39:711][  0]LogConfig: Setting CVar [[s.LevelStreamingActorsUpdateTimeLimit:5.0]]
[2024.12.24-04.39.39:711][  0]LogConfig: Setting CVar [[s.PriorityLevelStreamingActorsUpdateExtraTime:5.0]]
[2024.12.24-04.39.39:711][  0]LogConfig: Setting CVar [[s.LevelStreamingComponentsRegistrationGranularity:10]]
[2024.12.24-04.39.39:711][  0]LogConfig: Setting CVar [[s.UnregisterComponentsTimeLimit:1.0]]
[2024.12.24-04.39.39:711][  0]LogConfig: Setting CVar [[s.LevelStreamingComponentsUnregistrationGranularity:5]]
[2024.12.24-04.39.39:711][  0]LogConfig: Setting CVar [[s.FlushStreamingOnExit:1]]
[2024.12.24-04.39.39:711][  0]LogConfig: Applying CVar settings from Section [/Script/Engine.GarbageCollectionSettings] File [C:/Users/admin/Documents/GitHub/UnrealProjectL4D2/Unreal_R4D2_Copy/Saved/Config/Windows/Engine.ini]
[2024.12.24-04.39.39:711][  0]LogConfig: Setting CVar [[gc.MaxObjectsNotConsideredByGC:1]]
[2024.12.24-04.39.39:711][  0]LogConfig: Setting CVar [[gc.SizeOfPermanentObjectPool:0]]
[2024.12.24-04.39.39:711][  0]LogConfig: Setting CVar [[gc.FlushStreamingOnGC:0]]
[2024.12.24-04.39.39:711][  0]LogConfig: Setting CVar [[gc.NumRetriesBeforeForcingGC:10]]
[2024.12.24-04.39.39:711][  0]LogConfig: Setting CVar [[gc.AllowParallelGC:1]]
[2024.12.24-04.39.39:711][  0]LogConfig: Setting CVar [[gc.TimeBetweenPurgingPendingKillObjects:61.1]]
[2024.12.24-04.39.39:711][  0]LogConfig: Setting CVar [[gc.MaxObjectsInEditor:25165824]]
[2024.12.24-04.39.39:711][  0]LogConfig: Setting CVar [[gc.IncrementalBeginDestroyEnabled:1]]
[2024.12.24-04.39.39:711][  0]LogConfig: Setting CVar [[gc.CreateGCClusters:1]]
[2024.12.24-04.39.39:711][  0]LogConfig: Setting CVar [[gc.MinGCClusterSize:5]]
[2024.12.24-04.39.39:711][  0]LogConfig: Setting CVar [[gc.ActorClusteringEnabled:0]]
[2024.12.24-04.39.39:711][  0]LogConfig: Setting CVar [[gc.BlueprintClusteringEnabled:0]]
[2024.12.24-04.39.39:711][  0]LogConfig: Setting CVar [[gc.UseDisregardForGCOnDedicatedServers:0]]
[2024.12.24-04.39.39:712][  0]LogConfig: Setting CVar [[gc.MultithreadedDestructionEnabled:1]]
[2024.12.24-04.39.39:712][  0]LogConfig: Applying CVar settings from Section [/Script/Engine.NetworkSettings] File [C:/Users/admin/Documents/GitHub/UnrealProjectL4D2/Unreal_R4D2_Copy/Saved/Config/Windows/Engine.ini]
[2024.12.24-04.39.39:712][  0]LogConfig: Applying CVar settings from Section [/Script/UnrealEd.CookerSettings] File [C:/Users/admin/Documents/GitHub/UnrealProjectL4D2/Unreal_R4D2_Copy/Saved/Config/Windows/Engine.ini]
[2024.12.24-04.39.39:742][  0]LogConfig: Applying CVar settings from Section [ViewDistanceQuality@3] File [C:/Users/admin/Documents/GitHub/UnrealProjectL4D2/Unreal_R4D2_Copy/Saved/Config/Windows/Scalability.ini]
[2024.12.24-04.39.39:742][  0]LogConfig: Setting CVar [[r.SkeletalMeshLODBias:0]]
[2024.12.24-04.39.39:743][  0]LogConfig: Setting CVar [[r.ViewDistanceScale:1.0]]
[2024.12.24-04.39.39:743][  0]LogConfig: Applying CVar settings from Section [AntiAliasingQuality@3] File [C:/Users/admin/Documents/GitHub/UnrealProjectL4D2/Unreal_R4D2_Copy/Saved/Config/Windows/Scalability.ini]
[2024.12.24-04.39.39:743][  0]LogConfig: Setting CVar [[r.PostProcessAAQuality:4]]
[2024.12.24-04.39.39:743][  0]LogConfig: Applying CVar settings from Section [ShadowQuality@3] File [C:/Users/admin/Documents/GitHub/UnrealProjectL4D2/Unreal_R4D2_Copy/Saved/Config/Windows/Scalability.ini]
[2024.12.24-04.39.39:743][  0]LogConfig: Setting CVar [[r.LightFunctionQuality:1]]
[2024.12.24-04.39.39:743][  0]LogConfig: Setting CVar [[r.ShadowQuality:5]]
[2024.12.24-04.39.39:743][  0]LogConfig: Setting CVar [[r.Shadow.CSM.MaxCascades:10]]
[2024.12.24-04.39.39:743][  0]LogConfig: Setting CVar [[r.Shadow.MaxResolution:2048]]
[2024.12.24-04.39.39:743][  0]LogConfig: Setting CVar [[r.Shadow.MaxCSMResolution:2048]]
[2024.12.24-04.39.39:743][  0]LogConfig: Setting CVar [[r.Shadow.RadiusThreshold:0.01]]
[2024.12.24-04.39.39:743][  0]LogConfig: Setting CVar [[r.Shadow.DistanceScale:1.0]]
[2024.12.24-04.39.39:743][  0]LogConfig: Setting CVar [[r.Shadow.CSM.TransitionScale:1.0]]
[2024.12.24-04.39.39:743][  0]LogConfig: Setting CVar [[r.Shadow.PreShadowResolutionFactor:1.0]]
[2024.12.24-04.39.39:743][  0]LogConfig: Setting CVar [[r.DistanceFieldShadowing:1]]
[2024.12.24-04.39.39:743][  0]LogConfig: Setting CVar [[r.DistanceFieldAO:1]]
[2024.12.24-04.39.39:743][  0]LogConfig: Setting CVar [[r.AOQuality:2]]
[2024.12.24-04.39.39:743][  0]LogConfig: Setting CVar [[r.VolumetricFog:1]]
[2024.12.24-04.39.39:743][  0]LogConfig: Setting CVar [[r.VolumetricFog.GridPixelSize:8]]
[2024.12.24-04.39.39:743][  0]LogConfig: Setting CVar [[r.VolumetricFog.GridSizeZ:128]]
[2024.12.24-04.39.39:743][  0]LogConfig: Setting CVar [[r.VolumetricFog.HistoryMissSupersampleCount:4]]
[2024.12.24-04.39.39:743][  0]LogConfig: Setting CVar [[r.LightMaxDrawDistanceScale:1]]
[2024.12.24-04.39.39:743][  0]LogConfig: Setting CVar [[r.CapsuleShadows:1]]
[2024.12.24-04.39.39:743][  0]LogConfig: Applying CVar settings from Section [PostProcessQuality@3] File [C:/Users/admin/Documents/GitHub/UnrealProjectL4D2/Unreal_R4D2_Copy/Saved/Config/Windows/Scalability.ini]
[2024.12.24-04.39.39:743][  0]LogConfig: Setting CVar [[r.MotionBlurQuality:4]]
[2024.12.24-04.39.39:743][  0]LogConfig: Setting CVar [[r.AmbientOcclusionMipLevelFactor:0.4]]
[2024.12.24-04.39.39:743][  0]LogConfig: Setting CVar [[r.AmbientOcclusionMaxQuality:100]]
[2024.12.24-04.39.39:743][  0]LogConfig: Setting CVar [[r.AmbientOcclusionLevels:-1]]
[2024.12.24-04.39.39:743][  0]LogConfig: Setting CVar [[r.AmbientOcclusionRadiusScale:1.0]]
[2024.12.24-04.39.39:743][  0]LogConfig: Setting CVar [[r.DepthOfFieldQuality:2]]
[2024.12.24-04.39.39:743][  0]LogConfig: Setting CVar [[r.RenderTargetPoolMin:400]]
[2024.12.24-04.39.39:743][  0]LogConfig: Setting CVar [[r.LensFlareQuality:2]]
[2024.12.24-04.39.39:743][  0]LogConfig: Setting CVar [[r.SceneColorFringeQuality:1]]
[2024.12.24-04.39.39:743][  0]LogConfig: Setting CVar [[r.EyeAdaptationQuality:2]]
[2024.12.24-04.39.39:743][  0]LogConfig: Setting CVar [[r.BloomQuality:5]]
[2024.12.24-04.39.39:743][  0]LogConfig: Setting CVar [[r.FastBlurThreshold:100]]
[2024.12.24-04.39.39:743][  0]LogConfig: Setting CVar [[r.Upscale.Quality:3]]
[2024.12.24-04.39.39:743][  0]LogConfig: Setting CVar [[r.Tonemapper.GrainQuantization:1]]
[2024.12.24-04.39.39:743][  0]LogConfig: Setting CVar [[r.LightShaftQuality:1]]
[2024.12.24-04.39.39:744][  0]LogConfig: Setting CVar [[r.Filter.SizeScale:1]]
[2024.12.24-04.39.39:744][  0]LogConfig: Setting CVar [[r.Tonemapper.Quality:5]]
[2024.12.24-04.39.39:744][  0]LogConfig: Setting CVar [[r.DOF.Gather.AccumulatorQuality:1        ; higher gathering accumulator quality]]
[2024.12.24-04.39.39:744][  0]LogConfig: Setting CVar [[r.DOF.Gather.PostfilterMethod:1          ; Median3x3 postfilering method]]
[2024.12.24-04.39.39:744][  0]LogConfig: Setting CVar [[r.DOF.Gather.EnableBokehSettings:0       ; no bokeh simulation when gathering]]
[2024.12.24-04.39.39:744][  0]LogConfig: Setting CVar [[r.DOF.Gather.RingCount:4                 ; medium number of samples when gathering]]
[2024.12.24-04.39.39:744][  0]LogConfig: Setting CVar [[r.DOF.Scatter.ForegroundCompositing:1    ; additive foreground scattering]]
[2024.12.24-04.39.39:744][  0]LogConfig: Setting CVar [[r.DOF.Scatter.BackgroundCompositing:2    ; additive background scattering]]
[2024.12.24-04.39.39:744][  0]LogConfig: Setting CVar [[r.DOF.Scatter.EnableBokehSettings:1      ; bokeh simulation when scattering]]
[2024.12.24-04.39.39:744][  0]LogConfig: Setting CVar [[r.DOF.Scatter.MaxSpriteRatio:0.1         ; only a maximum of 10% of scattered bokeh]]
[2024.12.24-04.39.39:744][  0]LogConfig: Setting CVar [[r.DOF.Recombine.Quality:1                ; cheap slight out of focus]]
[2024.12.24-04.39.39:744][  0]LogConfig: Setting CVar [[r.DOF.Recombine.EnableBokehSettings:0    ; no bokeh simulation on slight out of focus]]
[2024.12.24-04.39.39:744][  0]LogConfig: Setting CVar [[r.DOF.TemporalAAQuality:1                ; more stable temporal accumulation]]
[2024.12.24-04.39.39:744][  0]LogConfig: Setting CVar [[r.DOF.Kernel.MaxForegroundRadius:0.025]]
[2024.12.24-04.39.39:744][  0]LogConfig: Setting CVar [[r.DOF.Kernel.MaxBackgroundRadius:0.025]]
[2024.12.24-04.39.39:744][  0]LogConfig: Applying CVar settings from Section [TextureQuality@3] File [C:/Users/admin/Documents/GitHub/UnrealProjectL4D2/Unreal_R4D2_Copy/Saved/Config/Windows/Scalability.ini]
[2024.12.24-04.39.39:744][  0]LogConfig: Setting CVar [[r.Streaming.MipBias:0]]
[2024.12.24-04.39.39:744][  0]LogConfig: Setting CVar [[r.Streaming.AmortizeCPUToGPUCopy:0]]
[2024.12.24-04.39.39:744][  0]LogConfig: Setting CVar [[r.Streaming.MaxNumTexturesToStreamPerFrame:0]]
[2024.12.24-04.39.39:744][  0]LogConfig: Setting CVar [[r.Streaming.Boost:1]]
[2024.12.24-04.39.39:744][  0]LogConfig: Setting CVar [[r.MaxAnisotropy:8]]
[2024.12.24-04.39.39:744][  0]LogConfig: Setting CVar [[r.VT.MaxAnisotropy:8]]
[2024.12.24-04.39.39:744][  0]LogConfig: Setting CVar [[r.Streaming.LimitPoolSizeToVRAM:0]]
[2024.12.24-04.39.39:744][  0]LogConfig: Setting CVar [[r.Streaming.PoolSize:1000]]
[2024.12.24-04.39.39:744][  0]LogConfig: Setting CVar [[r.Streaming.MaxEffectiveScreenSize:0]]
[2024.12.24-04.39.39:744][  0]LogConfig: Applying CVar settings from Section [EffectsQuality@3] File [C:/Users/admin/Documents/GitHub/UnrealProjectL4D2/Unreal_R4D2_Copy/Saved/Config/Windows/Scalability.ini]
[2024.12.24-04.39.39:744][  0]LogConfig: Setting CVar [[r.TranslucencyLightingVolumeDim:64]]
[2024.12.24-04.39.39:744][  0]LogConfig: Setting CVar [[r.RefractionQuality:2]]
[2024.12.24-04.39.39:744][  0]LogConfig: Setting CVar [[r.SSR.Quality:3]]
[2024.12.24-04.39.39:744][  0]LogConfig: Setting CVar [[r.SSR.HalfResSceneColor:0]]
[2024.12.24-04.39.39:744][  0]LogConfig: Setting CVar [[r.SceneColorFormat:4]]
[2024.12.24-04.39.39:744][  0]LogConfig: Setting CVar [[r.DetailMode:2]]
[2024.12.24-04.39.39:744][  0]LogConfig: Setting CVar [[r.TranslucencyVolumeBlur:1]]
[2024.12.24-04.39.39:744][  0]LogConfig: Setting CVar [[r.MaterialQualityLevel:1 ; High quality]]
[2024.12.24-04.39.39:744][  0]LogConfig: Setting CVar [[r.AnisotropicMaterials:1]]
[2024.12.24-04.39.39:744][  0]LogConfig: Setting CVar [[r.SSS.Scale:1]]
[2024.12.24-04.39.39:744][  0]LogConfig: Setting CVar [[r.SSS.SampleSet:2]]
[2024.12.24-04.39.39:744][  0]LogConfig: Setting CVar [[r.SSS.Quality:1]]
[2024.12.24-04.39.39:744][  0]LogConfig: Setting CVar [[r.SSS.HalfRes:0]]
[2024.12.24-04.39.39:744][  0]LogConfig: Setting CVar [[r.SSGI.Quality:3]]
[2024.12.24-04.39.39:745][  0]LogConfig: Setting CVar [[r.EmitterSpawnRateScale:1.0]]
[2024.12.24-04.39.39:745][  0]LogConfig: Setting CVar [[r.ParticleLightQuality:2]]
[2024.12.24-04.39.39:745][  0]LogConfig: Setting CVar [[r.SkyAtmosphere.AerialPerspectiveLUT.FastApplyOnOpaque:1 ; Always have FastSkyLUT 1 in this case to avoid wrong sky]]
[2024.12.24-04.39.39:745][  0]LogConfig: Setting CVar [[r.SkyAtmosphere.AerialPerspectiveLUT.SampleCountMaxPerSlice:4]]
[2024.12.24-04.39.39:745][  0]LogConfig: Setting CVar [[r.SkyAtmosphere.AerialPerspectiveLUT.DepthResolution:16.0]]
[2024.12.24-04.39.39:745][  0]LogConfig: Setting CVar [[r.SkyAtmosphere.FastSkyLUT:1]]
[2024.12.24-04.39.39:745][  0]LogConfig: Setting CVar [[r.SkyAtmosphere.FastSkyLUT.SampleCountMin:4.0]]
[2024.12.24-04.39.39:745][  0]LogConfig: Setting CVar [[r.SkyAtmosphere.FastSkyLUT.SampleCountMax:128.0]]
[2024.12.24-04.39.39:745][  0]LogConfig: Setting CVar [[r.SkyAtmosphere.SampleCountMin:4.0]]
[2024.12.24-04.39.39:745][  0]LogConfig: Setting CVar [[r.SkyAtmosphere.SampleCountMax:128.0]]
[2024.12.24-04.39.39:745][  0]LogConfig: Setting CVar [[r.SkyAtmosphere.TransmittanceLUT.UseSmallFormat:0]]
[2024.12.24-04.39.39:745][  0]LogConfig: Setting CVar [[r.SkyAtmosphere.TransmittanceLUT.SampleCount:10.0]]
[2024.12.24-04.39.39:745][  0]LogConfig: Setting CVar [[r.SkyAtmosphere.MultiScatteringLUT.SampleCount:15.0]]
[2024.12.24-04.39.39:745][  0]LogConfig: Setting CVar [[r.SkyLight.RealTimeReflectionCapture:1]]
[2024.12.24-04.39.39:745][  0]LogConfig: Applying CVar settings from Section [FoliageQuality@3] File [C:/Users/admin/Documents/GitHub/UnrealProjectL4D2/Unreal_R4D2_Copy/Saved/Config/Windows/Scalability.ini]
[2024.12.24-04.39.39:745][  0]LogConfig: Setting CVar [[foliage.DensityScale:1.0]]
[2024.12.24-04.39.39:745][  0]LogConfig: Setting CVar [[grass.DensityScale:1.0]]
[2024.12.24-04.39.39:745][  0]LogConfig: Applying CVar settings from Section [ShadingQuality@3] File [C:/Users/admin/Documents/GitHub/UnrealProjectL4D2/Unreal_R4D2_Copy/Saved/Config/Windows/Scalability.ini]
[2024.12.24-04.39.39:745][  0]LogConfig: Setting CVar [[r.HairStrands.SkyLighting.IntegrationType:2]]
[2024.12.24-04.39.39:745][  0]LogConfig: Setting CVar [[r.HairStrands.SkyAO.SampleCount:4]]
[2024.12.24-04.39.39:745][  0]LogConfig: Setting CVar [[r.HairStrands.Visibility.MSAA.SamplePerPixel:4]]
[2024.12.24-04.39.39:745][  0]LogInit: Selected Device Profile: [Windows]
[2024.12.24-04.39.39:745][  0]LogInit: Applying CVar settings loaded from the selected device profile: [Windows]
[2024.12.24-04.39.39:745][  0]LogHAL: Display: Platform has ~ 16 GB [16823816192 / 17179869184 / 16], which maps to Larger [LargestMinGB=32, LargerMinGB=12, DefaultMinGB=8, SmallerMinGB=6, SmallestMinGB=0)
[2024.12.24-04.39.39:745][  0]LogInit: Going up to parent DeviceProfile []
[2024.12.24-04.39.39:745][  0]LogConfig: Applying CVar settings from Section [ViewDistanceQuality@3] File [C:/Users/admin/Documents/GitHub/UnrealProjectL4D2/Unreal_R4D2_Copy/Saved/Config/Windows/Scalability.ini]
[2024.12.24-04.39.39:745][  0]LogConfig: Setting CVar [[r.SkeletalMeshLODBias:0]]
[2024.12.24-04.39.39:745][  0]LogConfig: Setting CVar [[r.ViewDistanceScale:1.0]]
[2024.12.24-04.39.39:745][  0]LogConfig: Applying CVar settings from Section [AntiAliasingQuality@3] File [C:/Users/admin/Documents/GitHub/UnrealProjectL4D2/Unreal_R4D2_Copy/Saved/Config/Windows/Scalability.ini]
[2024.12.24-04.39.39:746][  0]LogConfig: Setting CVar [[r.PostProcessAAQuality:4]]
[2024.12.24-04.39.39:746][  0]LogConfig: Applying CVar settings from Section [ShadowQuality@3] File [C:/Users/admin/Documents/GitHub/UnrealProjectL4D2/Unreal_R4D2_Copy/Saved/Config/Windows/Scalability.ini]
[2024.12.24-04.39.39:746][  0]LogConfig: Setting CVar [[r.LightFunctionQuality:1]]
[2024.12.24-04.39.39:746][  0]LogConfig: Setting CVar [[r.ShadowQuality:5]]
[2024.12.24-04.39.39:746][  0]LogConfig: Setting CVar [[r.Shadow.CSM.MaxCascades:10]]
[2024.12.24-04.39.39:746][  0]LogConfig: Setting CVar [[r.Shadow.MaxResolution:2048]]
[2024.12.24-04.39.39:746][  0]LogConfig: Setting CVar [[r.Shadow.MaxCSMResolution:2048]]
[2024.12.24-04.39.39:746][  0]LogConfig: Setting CVar [[r.Shadow.RadiusThreshold:0.01]]
[2024.12.24-04.39.39:746][  0]LogConfig: Setting CVar [[r.Shadow.DistanceScale:1.0]]
[2024.12.24-04.39.39:746][  0]LogConfig: Setting CVar [[r.Shadow.CSM.TransitionScale:1.0]]
[2024.12.24-04.39.39:746][  0]LogConfig: Setting CVar [[r.Shadow.PreShadowResolutionFactor:1.0]]
[2024.12.24-04.39.39:746][  0]LogConfig: Setting CVar [[r.DistanceFieldShadowing:1]]
[2024.12.24-04.39.39:746][  0]LogConfig: Setting CVar [[r.DistanceFieldAO:1]]
[2024.12.24-04.39.39:746][  0]LogConfig: Setting CVar [[r.AOQuality:2]]
[2024.12.24-04.39.39:746][  0]LogConfig: Setting CVar [[r.VolumetricFog:1]]
[2024.12.24-04.39.39:746][  0]LogConfig: Setting CVar [[r.VolumetricFog.GridPixelSize:8]]
[2024.12.24-04.39.39:746][  0]LogConfig: Setting CVar [[r.VolumetricFog.GridSizeZ:128]]
[2024.12.24-04.39.39:746][  0]LogConfig: Setting CVar [[r.VolumetricFog.HistoryMissSupersampleCount:4]]
[2024.12.24-04.39.39:746][  0]LogConfig: Setting CVar [[r.LightMaxDrawDistanceScale:1]]
[2024.12.24-04.39.39:746][  0]LogConfig: Setting CVar [[r.CapsuleShadows:1]]
[2024.12.24-04.39.39:746][  0]LogConfig: Applying CVar settings from Section [PostProcessQuality@3] File [C:/Users/admin/Documents/GitHub/UnrealProjectL4D2/Unreal_R4D2_Copy/Saved/Config/Windows/Scalability.ini]
[2024.12.24-04.39.39:746][  0]LogConfig: Setting CVar [[r.MotionBlurQuality:4]]
[2024.12.24-04.39.39:746][  0]LogConfig: Setting CVar [[r.AmbientOcclusionMipLevelFactor:0.4]]
[2024.12.24-04.39.39:746][  0]LogConfig: Setting CVar [[r.AmbientOcclusionMaxQuality:100]]
[2024.12.24-04.39.39:746][  0]LogConfig: Setting CVar [[r.AmbientOcclusionLevels:-1]]
[2024.12.24-04.39.39:746][  0]LogConfig: Setting CVar [[r.AmbientOcclusionRadiusScale:1.0]]
[2024.12.24-04.39.39:746][  0]LogConfig: Setting CVar [[r.DepthOfFieldQuality:2]]
[2024.12.24-04.39.39:746][  0]LogConfig: Setting CVar [[r.RenderTargetPoolMin:400]]
[2024.12.24-04.39.39:746][  0]LogConfig: Setting CVar [[r.LensFlareQuality:2]]
[2024.12.24-04.39.39:746][  0]LogConfig: Setting CVar [[r.SceneColorFringeQuality:1]]
[2024.12.24-04.39.39:746][  0]LogConfig: Setting CVar [[r.EyeAdaptationQuality:2]]
[2024.12.24-04.39.39:746][  0]LogConfig: Setting CVar [[r.BloomQuality:5]]
[2024.12.24-04.39.39:746][  0]LogConfig: Setting CVar [[r.FastBlurThreshold:100]]
[2024.12.24-04.39.39:746][  0]LogConfig: Setting CVar [[r.Upscale.Quality:3]]
[2024.12.24-04.39.39:746][  0]LogConfig: Setting CVar [[r.Tonemapper.GrainQuantization:1]]
[2024.12.24-04.39.39:746][  0]LogConfig: Setting CVar [[r.LightShaftQuality:1]]
[2024.12.24-04.39.39:746][  0]LogConfig: Setting CVar [[r.Filter.SizeScale:1]]
[2024.12.24-04.39.39:747][  0]LogConfig: Setting CVar [[r.Tonemapper.Quality:5]]
[2024.12.24-04.39.39:747][  0]LogConfig: Setting CVar [[r.DOF.Gather.AccumulatorQuality:1        ; higher gathering accumulator quality]]
[2024.12.24-04.39.39:747][  0]LogConfig: Setting CVar [[r.DOF.Gather.PostfilterMethod:1          ; Median3x3 postfilering method]]
[2024.12.24-04.39.39:747][  0]LogConfig: Setting CVar [[r.DOF.Gather.EnableBokehSettings:0       ; no bokeh simulation when gathering]]
[2024.12.24-04.39.39:747][  0]LogConfig: Setting CVar [[r.DOF.Gather.RingCount:4                 ; medium number of samples when gathering]]
[2024.12.24-04.39.39:747][  0]LogConfig: Setting CVar [[r.DOF.Scatter.ForegroundCompositing:1    ; additive foreground scattering]]
[2024.12.24-04.39.39:747][  0]LogConfig: Setting CVar [[r.DOF.Scatter.BackgroundCompositing:2    ; additive background scattering]]
[2024.12.24-04.39.39:747][  0]LogConfig: Setting CVar [[r.DOF.Scatter.EnableBokehSettings:1      ; bokeh simulation when scattering]]
[2024.12.24-04.39.39:747][  0]LogConfig: Setting CVar [[r.DOF.Scatter.MaxSpriteRatio:0.1         ; only a maximum of 10% of scattered bokeh]]
[2024.12.24-04.39.39:747][  0]LogConfig: Setting CVar [[r.DOF.Recombine.Quality:1                ; cheap slight out of focus]]
[2024.12.24-04.39.39:747][  0]LogConfig: Setting CVar [[r.DOF.Recombine.EnableBokehSettings:0    ; no bokeh simulation on slight out of focus]]
[2024.12.24-04.39.39:747][  0]LogConfig: Setting CVar [[r.DOF.TemporalAAQuality:1                ; more stable temporal accumulation]]
[2024.12.24-04.39.39:747][  0]LogConfig: Setting CVar [[r.DOF.Kernel.MaxForegroundRadius:0.025]]
[2024.12.24-04.39.39:747][  0]LogConfig: Setting CVar [[r.DOF.Kernel.MaxBackgroundRadius:0.025]]
[2024.12.24-04.39.39:747][  0]LogConfig: Applying CVar settings from Section [TextureQuality@3] File [C:/Users/admin/Documents/GitHub/UnrealProjectL4D2/Unreal_R4D2_Copy/Saved/Config/Windows/Scalability.ini]
[2024.12.24-04.39.39:747][  0]LogConfig: Setting CVar [[r.Streaming.MipBias:0]]
[2024.12.24-04.39.39:747][  0]LogConfig: Setting CVar [[r.Streaming.AmortizeCPUToGPUCopy:0]]
[2024.12.24-04.39.39:747][  0]LogConfig: Setting CVar [[r.Streaming.MaxNumTexturesToStreamPerFrame:0]]
[2024.12.24-04.39.39:747][  0]LogConfig: Setting CVar [[r.Streaming.Boost:1]]
[2024.12.24-04.39.39:747][  0]LogConfig: Setting CVar [[r.MaxAnisotropy:8]]
[2024.12.24-04.39.39:747][  0]LogConfig: Setting CVar [[r.VT.MaxAnisotropy:8]]
[2024.12.24-04.39.39:747][  0]LogConfig: Setting CVar [[r.Streaming.LimitPoolSizeToVRAM:0]]
[2024.12.24-04.39.39:747][  0]LogConfig: Setting CVar [[r.Streaming.PoolSize:1000]]
[2024.12.24-04.39.39:747][  0]LogConfig: Setting CVar [[r.Streaming.MaxEffectiveScreenSize:0]]
[2024.12.24-04.39.39:747][  0]LogConfig: Applying CVar settings from Section [EffectsQuality@3] File [C:/Users/admin/Documents/GitHub/UnrealProjectL4D2/Unreal_R4D2_Copy/Saved/Config/Windows/Scalability.ini]
[2024.12.24-04.39.39:747][  0]LogConfig: Setting CVar [[r.TranslucencyLightingVolumeDim:64]]
[2024.12.24-04.39.39:747][  0]LogConfig: Setting CVar [[r.RefractionQuality:2]]
[2024.12.24-04.39.39:747][  0]LogConfig: Setting CVar [[r.SSR.Quality:3]]
[2024.12.24-04.39.39:747][  0]LogConfig: Setting CVar [[r.SSR.HalfResSceneColor:0]]
[2024.12.24-04.39.39:747][  0]LogConfig: Setting CVar [[r.SceneColorFormat:4]]
[2024.12.24-04.39.39:747][  0]LogConfig: Setting CVar [[r.DetailMode:2]]
[2024.12.24-04.39.39:747][  0]LogConfig: Setting CVar [[r.TranslucencyVolumeBlur:1]]
[2024.12.24-04.39.39:747][  0]LogConfig: Setting CVar [[r.MaterialQualityLevel:1 ; High quality]]
[2024.12.24-04.39.39:747][  0]LogConfig: Setting CVar [[r.AnisotropicMaterials:1]]
[2024.12.24-04.39.39:747][  0]LogConfig: Setting CVar [[r.SSS.Scale:1]]
[2024.12.24-04.39.39:747][  0]LogConfig: Setting CVar [[r.SSS.SampleSet:2]]
[2024.12.24-04.39.39:747][  0]LogConfig: Setting CVar [[r.SSS.Quality:1]]
[2024.12.24-04.39.39:747][  0]LogConfig: Setting CVar [[r.SSS.HalfRes:0]]
[2024.12.24-04.39.39:747][  0]LogConfig: Setting CVar [[r.SSGI.Quality:3]]
[2024.12.24-04.39.39:747][  0]LogConfig: Setting CVar [[r.EmitterSpawnRateScale:1.0]]
[2024.12.24-04.39.39:747][  0]LogConfig: Setting CVar [[r.ParticleLightQuality:2]]
[2024.12.24-04.39.39:748][  0]LogConfig: Setting CVar [[r.SkyAtmosphere.AerialPerspectiveLUT.FastApplyOnOpaque:1 ; Always have FastSkyLUT 1 in this case to avoid wrong sky]]
[2024.12.24-04.39.39:748][  0]LogConfig: Setting CVar [[r.SkyAtmosphere.AerialPerspectiveLUT.SampleCountMaxPerSlice:4]]
[2024.12.24-04.39.39:748][  0]LogConfig: Setting CVar [[r.SkyAtmosphere.AerialPerspectiveLUT.DepthResolution:16.0]]
[2024.12.24-04.39.39:748][  0]LogConfig: Setting CVar [[r.SkyAtmosphere.FastSkyLUT:1]]
[2024.12.24-04.39.39:748][  0]LogConfig: Setting CVar [[r.SkyAtmosphere.FastSkyLUT.SampleCountMin:4.0]]
[2024.12.24-04.39.39:748][  0]LogConfig: Setting CVar [[r.SkyAtmosphere.FastSkyLUT.SampleCountMax:128.0]]
[2024.12.24-04.39.39:748][  0]LogConfig: Setting CVar [[r.SkyAtmosphere.SampleCountMin:4.0]]
[2024.12.24-04.39.39:748][  0]LogConfig: Setting CVar [[r.SkyAtmosphere.SampleCountMax:128.0]]
[2024.12.24-04.39.39:748][  0]LogConfig: Setting CVar [[r.SkyAtmosphere.TransmittanceLUT.UseSmallFormat:0]]
[2024.12.24-04.39.39:748][  0]LogConfig: Setting CVar [[r.SkyAtmosphere.TransmittanceLUT.SampleCount:10.0]]
[2024.12.24-04.39.39:748][  0]LogConfig: Setting CVar [[r.SkyAtmosphere.MultiScatteringLUT.SampleCount:15.0]]
[2024.12.24-04.39.39:748][  0]LogConfig: Setting CVar [[r.SkyLight.RealTimeReflectionCapture:1]]
[2024.12.24-04.39.39:748][  0]LogConfig: Applying CVar settings from Section [FoliageQuality@3] File [C:/Users/admin/Documents/GitHub/UnrealProjectL4D2/Unreal_R4D2_Copy/Saved/Config/Windows/Scalability.ini]
[2024.12.24-04.39.39:748][  0]LogConfig: Setting CVar [[foliage.DensityScale:1.0]]
[2024.12.24-04.39.39:748][  0]LogConfig: Setting CVar [[grass.DensityScale:1.0]]
[2024.12.24-04.39.39:748][  0]LogConfig: Applying CVar settings from Section [ShadingQuality@3] File [C:/Users/admin/Documents/GitHub/UnrealProjectL4D2/Unreal_R4D2_Copy/Saved/Config/Windows/Scalability.ini]
[2024.12.24-04.39.39:748][  0]LogConfig: Setting CVar [[r.HairStrands.SkyLighting.IntegrationType:2]]
[2024.12.24-04.39.39:748][  0]LogConfig: Setting CVar [[r.HairStrands.SkyAO.SampleCount:4]]
[2024.12.24-04.39.39:748][  0]LogConfig: Setting CVar [[r.HairStrands.Visibility.MSAA.SamplePerPixel:4]]
[2024.12.24-04.39.39:748][  0]LogConfig: Applying CVar settings from Section [Startup] File [../../../Engine/Config/ConsoleVariables.ini]
[2024.12.24-04.39.39:749][  0]LogConfig: Setting CVar [[net.UseAdaptiveNetUpdateFrequency:0]]
[2024.12.24-04.39.39:749][  0]LogConfig: Setting CVar [[p.chaos.AllowCreatePhysxBodies:1]]
[2024.12.24-04.39.39:749][  0]LogConfig: Setting CVar [[fx.SkipVectorVMBackendOptimizations:1]]
[2024.12.24-04.39.39:749][  0]LogConfig: Applying CVar settings from Section [ConsoleVariables] File [C:/Users/admin/Documents/GitHub/UnrealProjectL4D2/Unreal_R4D2_Copy/Saved/Config/Windows/Engine.ini]
[2024.12.24-04.39.39:749][  0]LogConfig: Applying CVar settings from Section [ConsoleVariables] File [C:/Users/admin/Documents/GitHub/UnrealProjectL4D2/Unreal_R4D2_Copy/Saved/Config/Windows/Editor.ini]
[2024.12.24-04.39.39:749][  0]LogInit: Computer: DESKTOP-E3HHOR4
[2024.12.24-04.39.39:749][  0]LogInit: User: admin
[2024.12.24-04.39.39:749][  0]LogInit: CPU Page size=4096, Cores=14
[2024.12.24-04.39.39:749][  0]LogInit: High frequency timer resolution =10.000000 MHz
[2024.12.24-04.39.39:749][  0]LogMemory: Memory total: Physical=15.7GB (16GB approx)
[2024.12.24-04.39.39:749][  0]LogMemory: Platform Memory Stats for Windows
[2024.12.24-04.39.39:749][  0]LogMemory: Process Physical Memory: 152.55 MB used, 152.55 MB peak
[2024.12.24-04.39.39:749][  0]LogMemory: Process Virtual Memory: 124.47 MB used, 124.47 MB peak
[2024.12.24-04.39.39:749][  0]LogMemory: Physical Memory: 9987.28 MB used,  6057.16 MB free, 16044.44 MB total
[2024.12.24-04.39.39:749][  0]LogMemory: Virtual Memory: 134190448.00 MB used,  27283.34 MB free, 134217728.00 MB total
[2024.12.24-04.39.39:757][  0]LogWindows: WindowsPlatformFeatures enabled
[2024.12.24-04.39.39:845][  0]LogInit: Physics initialised using underlying interface: PhysX
[2024.12.24-04.39.39:846][  0]LogInit: Overriding language with editor language configuration option (ko).
[2024.12.24-04.39.39:847][  0]LogInit: Using OS detected locale (ko-KR).
[2024.12.24-04.39.40:112][  0]LogInit: Setting process to per monitor DPI aware
[2024.12.24-04.39.40:153][  0]LogWindowsTextInputMethodSystem: Display: IME system deactivated.
[2024.12.24-04.39.40:172][  0]LogSlate: New Slate User Created.  User Index 0, Is Virtual User: 0
[2024.12.24-04.39.40:172][  0]LogSlate: Slate User Registered.  User Index 0, Is Virtual User: 0
[2024.12.24-04.39.40:264][  0]LogD3D11RHI: Loaded GFSDK_Aftermath_Lib.x64.dll
[2024.12.24-04.39.40:267][  0]LogHMD: Failed to initialize OpenVR with code 110
[2024.12.24-04.39.40:267][  0]LogD3D11RHI: D3D11 min allowed feature level: 11_0
[2024.12.24-04.39.40:267][  0]LogD3D11RHI: D3D11 max allowed feature level: 11_0
[2024.12.24-04.39.40:267][  0]LogD3D11RHI: D3D11 adapters:
[2024.12.24-04.39.40:415][  0]LogD3D11RHI:    0. 'NVIDIA GeForce RTX 3080 Laptop GPU' (Feature Level 11_0)
[2024.12.24-04.39.40:415][  0]LogD3D11RHI:       8032/0/8022 MB DedicatedVideo/DedicatedSystem/SharedSystem, Outputs:1, VendorId:0x10de
[2024.12.24-04.39.40:498][  0]LogD3D11RHI:    1. 'Intel(R) Iris(R) Xe Graphics' (Feature Level 11_0)
[2024.12.24-04.39.40:498][  0]LogD3D11RHI:       128/0/8022 MB DedicatedVideo/DedicatedSystem/SharedSystem, Outputs:0, VendorId:0x8086
[2024.12.24-04.39.40:501][  0]LogD3D11RHI:    2. 'Microsoft Basic Render Driver' (Feature Level 11_0)
[2024.12.24-04.39.40:501][  0]LogD3D11RHI:       0/0/8022 MB DedicatedVideo/DedicatedSystem/SharedSystem, Outputs:0, VendorId:0x1414
[2024.12.24-04.39.40:501][  0]LogD3D11RHI: Chosen D3D11 Adapter:
[2024.12.24-04.39.40:501][  0]LogD3D11RHI:     Description : NVIDIA GeForce RTX 3080 Laptop GPU
[2024.12.24-04.39.40:501][  0]LogD3D11RHI:     VendorId    : 10de
[2024.12.24-04.39.40:501][  0]LogD3D11RHI:     DeviceId    : 249c
[2024.12.24-04.39.40:501][  0]LogD3D11RHI:     SubSysId    : 147d1043
[2024.12.24-04.39.40:501][  0]LogD3D11RHI:     Revision    : 00a1
[2024.12.24-04.39.40:501][  0]LogD3D11RHI:     DedicatedVideoMemory : 8422162432 bytes
[2024.12.24-04.39.40:501][  0]LogD3D11RHI:     DedicatedSystemMemory : 0 bytes
[2024.12.24-04.39.40:501][  0]LogD3D11RHI:     SharedSystemMemory : 8411908096 bytes
[2024.12.24-04.39.40:501][  0]LogD3D11RHI:     AdapterLuid : 0 58792
[2024.12.24-04.39.40:508][  0]LogD3D11RHI: Creating new Direct3DDevice
[2024.12.24-04.39.40:508][  0]LogD3D11RHI:     GPU DeviceId: 0x249c (for the marketing name, search the web for "GPU Device Id")
[2024.12.24-04.39.40:508][  0]LogWindows: EnumDisplayDevices:
[2024.12.24-04.39.40:508][  0]LogWindows:    0. 'NVIDIA GeForce RTX 3080 Laptop GPU' (P:1 D:1)
[2024.12.24-04.39.40:509][  0]LogWindows:    1. 'NVIDIA GeForce RTX 3080 Laptop GPU' (P:0 D:0)
[2024.12.24-04.39.40:509][  0]LogWindows:    2. 'NVIDIA GeForce RTX 3080 Laptop GPU' (P:0 D:0)
[2024.12.24-04.39.40:509][  0]LogWindows:    3. 'NVIDIA GeForce RTX 3080 Laptop GPU' (P:0 D:0)
[2024.12.24-04.39.40:509][  0]LogWindows:    4. 'Intel(R) Iris(R) Xe Graphics' (P:0 D:0)
[2024.12.24-04.39.40:509][  0]LogWindows:    5. 'Intel(R) Iris(R) Xe Graphics' (P:0 D:0)
[2024.12.24-04.39.40:509][  0]LogWindows:    6. 'Intel(R) Iris(R) Xe Graphics' (P:0 D:0)
[2024.12.24-04.39.40:509][  0]LogWindows:    7. 'Intel(R) Iris(R) Xe Graphics' (P:0 D:0)
[2024.12.24-04.39.40:510][  0]LogWindows: DebugString: PrimaryIsNotTheChoosenAdapter PrimaryIsNotTheChoosenAdapter PrimaryIsNotTheChoosenAdapter PrimaryIsNotTheChoosenAdapter FoundDriverCount:4 
[2024.12.24-04.39.40:510][  0]LogD3D11RHI:     Adapter Name: NVIDIA GeForce RTX 3080 Laptop GPU
[2024.12.24-04.39.40:510][  0]LogD3D11RHI:   Driver Version: 546.80 (internal:31.0.15.4680, unified:546.80)
[2024.12.24-04.39.40:510][  0]LogD3D11RHI:      Driver Date: 2-22-2024
[2024.12.24-04.39.40:510][  0]LogRHI: Texture pool is 5622 MB (70% of 8032 MB)
[2024.12.24-04.39.40:510][  0]LogD3D11RHI: Creating D3DDevice using adapter:
[2024.12.24-04.39.40:510][  0]LogD3D11RHI:     Description : NVIDIA GeForce RTX 3080 Laptop GPU
[2024.12.24-04.39.40:510][  0]LogD3D11RHI:     VendorId    : 10de
[2024.12.24-04.39.40:510][  0]LogD3D11RHI:     DeviceId    : 249c
[2024.12.24-04.39.40:510][  0]LogD3D11RHI:     SubSysId    : 147d1043
[2024.12.24-04.39.40:510][  0]LogD3D11RHI:     Revision    : 00a1
[2024.12.24-04.39.40:510][  0]LogD3D11RHI:     DedicatedVideoMemory : 8422162432 bytes
[2024.12.24-04.39.40:510][  0]LogD3D11RHI:     DedicatedSystemMemory : 0 bytes
[2024.12.24-04.39.40:510][  0]LogD3D11RHI:     SharedSystemMemory : 8411908096 bytes
[2024.12.24-04.39.40:510][  0]LogD3D11RHI:     AdapterLuid : 0 58792
[2024.12.24-04.39.40:599][  0]LogD3D11RHI: RHI has support for 64 bit atomics
[2024.12.24-04.39.40:601][  0]LogD3D11RHI: Async texture creation enabled
[2024.12.24-04.39.40:601][  0]LogD3D11RHI: Array index from any shader is supported
[2024.12.24-04.39.40:642][  0]LogD3D11RHI: GPU Timing Frequency: 1000.000000 (Debug: 2 2)
[2024.12.24-04.39.40:670][  0]LogRHI: GeForceNow SDK initialized: 1
[2024.12.24-04.39.40:955][  0]LogTargetPlatformManager: Display: Loaded TargetPlatform 'AllDesktop'
[2024.12.24-04.39.40:974][  0]LogTargetPlatformManager: Display: Loaded TargetPlatform 'Android'
[2024.12.24-04.39.40:974][  0]LogTargetPlatformManager: Display: Loaded TargetPlatform 'Android_ASTC'
[2024.12.24-04.39.40:974][  0]LogTargetPlatformManager: Display: Loaded TargetPlatform 'Android_DXT'
[2024.12.24-04.39.40:974][  0]LogTargetPlatformManager: Display: Loaded TargetPlatform 'Android_ETC2'
[2024.12.24-04.39.40:974][  0]LogTargetPlatformManager: Display: Loaded TargetPlatform 'AndroidClient'
[2024.12.24-04.39.40:974][  0]LogTargetPlatformManager: Display: Loaded TargetPlatform 'Android_ASTCClient'
[2024.12.24-04.39.40:974][  0]LogTargetPlatformManager: Display: Loaded TargetPlatform 'Android_DXTClient'
[2024.12.24-04.39.40:974][  0]LogTargetPlatformManager: Display: Loaded TargetPlatform 'Android_ETC2Client'
[2024.12.24-04.39.40:974][  0]LogTargetPlatformManager: Display: Loaded TargetPlatform 'Android_Multi'
[2024.12.24-04.39.40:974][  0]LogTargetPlatformManager: Display: Loaded TargetPlatform 'Android_MultiClient'
[2024.12.24-04.39.40:990][  0]LogTargetPlatformManager: Display: Loaded TargetPlatform 'IOSClient'
[2024.12.24-04.39.40:990][  0]LogTargetPlatformManager: Display: Loaded TargetPlatform 'IOS'
[2024.12.24-04.39.40:998][  0]LogTargetPlatformManager: Display: Loaded TargetPlatform 'Linux'
[2024.12.24-04.39.41:002][  0]LogTargetPlatformManager: Display: Loaded TargetPlatform 'LinuxNoEditor'
[2024.12.24-04.39.41:006][  0]LogTargetPlatformManager: Display: Loaded TargetPlatform 'LinuxClient'
[2024.12.24-04.39.41:010][  0]LogTargetPlatformManager: Display: Loaded TargetPlatform 'LinuxServer'
[2024.12.24-04.39.41:017][  0]LogTargetPlatformManager: Display: Loaded TargetPlatform 'LinuxAArch64NoEditor'
[2024.12.24-04.39.41:021][  0]LogTargetPlatformManager: Display: Loaded TargetPlatform 'LinuxAArch64Client'
[2024.12.24-04.39.41:025][  0]LogTargetPlatformManager: Display: Loaded TargetPlatform 'LinuxAArch64Server'
[2024.12.24-04.39.41:043][  0]LogTargetPlatformManager: Display: Loaded TargetPlatform 'Lumin'
[2024.12.24-04.39.41:043][  0]LogTargetPlatformManager: Display: Loaded TargetPlatform 'LuminClient'
[2024.12.24-04.39.41:050][  0]LogTargetPlatformManager: Display: Loaded TargetPlatform 'MacNoEditor'
[2024.12.24-04.39.41:054][  0]LogTargetPlatformManager: Display: Loaded TargetPlatform 'Mac'
[2024.12.24-04.39.41:059][  0]LogTargetPlatformManager: Display: Loaded TargetPlatform 'MacClient'
[2024.12.24-04.39.41:063][  0]LogTargetPlatformManager: Display: Loaded TargetPlatform 'MacServer'
[2024.12.24-04.39.41:072][  0]LogTargetPlatformManager: Display: Loaded TargetPlatform 'TVOSClient'
[2024.12.24-04.39.41:072][  0]LogTargetPlatformManager: Display: Loaded TargetPlatform 'TVOS'
[2024.12.24-04.39.41:080][  0]LogTargetPlatformManager: Display: Loaded TargetPlatform 'WindowsNoEditor'
[2024.12.24-04.39.41:085][  0]LogTargetPlatformManager: Display: Loaded TargetPlatform 'Windows'
[2024.12.24-04.39.41:091][  0]LogTargetPlatformManager: Display: Loaded TargetPlatform 'WindowsClient'
[2024.12.24-04.39.41:096][  0]LogTargetPlatformManager: Display: Loaded TargetPlatform 'WindowsServer'
[2024.12.24-04.39.41:096][  0]LogTargetPlatformManager: Display: Building Assets For Windows
[2024.12.24-04.39.41:103][  0]LogAudioDebug: Display: Lib vorbis DLL was dynamically loaded.
[2024.12.24-04.39.41:138][  0]LogTextureFormatOodle: Display: Oodle Texture 2.9.0 init RDO Off
[2024.12.24-04.39.41:176][  0]LogRendererCore: Ray tracing is disabled. Reason: r.RayTracing=0.
[2024.12.24-04.39.41:176][  0]LogShaderCompilers: Guid format shader working directory is -36 characters bigger than the processId version (../../../../../../Users/admin/Documents/GitHub/UnrealProjectL4D2/Unreal_R4D2_Copy/Intermediate/Shaders/WorkingDirectory/12132/).
[2024.12.24-04.39.41:176][  0]LogShaderCompilers: Cleaned the shader compiler working directory 'C:/Users/admin/AppData/Local/Temp/UnrealShaderWorkingDir/4D4F83AD49E32721C63E5185EF3EB943/'.
[2024.12.24-04.39.41:176][  0]LogXGEController: Cannot use XGE Controller as Incredibuild is not installed on this machine.
[2024.12.24-04.39.41:176][  0]LogShaderCompilers: Cannot use XGE Shader Compiler as Incredibuild is not installed on this machine.
[2024.12.24-04.39.41:176][  0]LogShaderCompilers: Display: Using Local Shader Compiler.
[2024.12.24-04.39.42:809][  0]LogDerivedDataCache: Display: Max Cache Size: 512 MB
[2024.12.24-04.39.42:937][  0]LogDerivedDataCache: Loaded boot cache 0.13s 99MB C:/Users/admin/AppData/Local/UnrealEngine/4.27/DerivedDataCache/Boot.ddc.
[2024.12.24-04.39.42:937][  0]LogDerivedDataCache: Display: Loaded Boot cache: C:/Users/admin/AppData/Local/UnrealEngine/4.27/DerivedDataCache/Boot.ddc
[2024.12.24-04.39.42:938][  0]LogDerivedDataCache: FDerivedDataBackendGraph:  Pak pak cache file ../../../../../../Users/admin/Documents/GitHub/UnrealProjectL4D2/Unreal_R4D2_Copy/DerivedDataCache/DDC.ddp not found, will not use a pak cache.
[2024.12.24-04.39.42:938][  0]LogDerivedDataCache: Unable to find inner node Pak for hierarchical cache Hierarchy.
[2024.12.24-04.39.42:938][  0]LogDerivedDataCache: FDerivedDataBackendGraph:  CompressedPak pak cache file ../../../../../../Users/admin/Documents/GitHub/UnrealProjectL4D2/Unreal_R4D2_Copy/DerivedDataCache/Compressed.ddp not found, will not use a pak cache.
[2024.12.24-04.39.42:938][  0]LogDerivedDataCache: Unable to find inner node CompressedPak for hierarchical cache Hierarchy.
[2024.12.24-04.39.42:979][  0]LogDerivedDataCache: Display: Pak cache opened for reading ../../../Engine/DerivedDataCache/Compressed.ddp.
[2024.12.24-04.39.42:979][  0]LogDerivedDataCache: FDerivedDataBackendGraph:  EnterprisePak pak cache file ../../../Enterprise/DerivedDataCache/Compressed.ddp not found, will not use a pak cache.
[2024.12.24-04.39.42:979][  0]LogDerivedDataCache: Unable to find inner node EnterprisePak for hierarchical cache Hierarchy.
[2024.12.24-04.39.42:997][  0]LogDerivedDataCache: Speed tests for C:/Users/admin/AppData/Local/UnrealEngine/Common/DerivedDataCache took 0.02 seconds
[2024.12.24-04.39.42:997][  0]LogDerivedDataCache: Display: Performance to C:/Users/admin/AppData/Local/UnrealEngine/Common/DerivedDataCache: Latency=0.07ms. RandomReadSpeed=528.23MBs, RandomWriteSpeed=62.33MBs. Assigned SpeedClass 'Local'
[2024.12.24-04.39.43:001][  0]LogDerivedDataCache: Using Local data cache path C:/Users/admin/AppData/Local/UnrealEngine/Common/DerivedDataCache: Writable
[2024.12.24-04.39.43:001][  0]LogDerivedDataCache: Shared data cache path not found in *engine.ini, will not use an Shared cache.
[2024.12.24-04.39.43:001][  0]LogDerivedDataCache: Unable to find inner node Shared for hierarchical cache Hierarchy.
[2024.12.24-04.39.43:135][  0]LogSlate: Using FreeType 2.10.0
[2024.12.24-04.39.43:136][  0]LogSlate: SlateFontServices - WITH_FREETYPE: 1, WITH_HARFBUZZ: 1
[2024.12.24-04.39.43:201][  0]LogAssetRegistry: FAssetRegistry took 0.0059 seconds to start up
[2024.12.24-04.39.43:847][  0]LogInit: Selected Device Profile: [Windows]
[2024.12.24-04.39.43:847][  0]LogInit: Active device profile: [00000243F66E6C00][00000243E973A740 49] Windows
[2024.12.24-04.39.43:847][  0]LogInit: Profiles: [00000243F66E6C00][00000243E973A740 49] Windows, [00000243F6671A00][00000243E973E880 49] WindowsNoEditor, [00000243F66E6000][00000243E97429C0 49] WindowsServer, [00000243F6672500][00000243F74FAB00 49] WindowsClient, [00000243F66E5A00][00000243F7502C80 49] IOS, [00000243F6671300][00000243F7506E00 49] iPadAir, [00000243F66E6A00][00000243F750AF80 49] iPadAir2, [00000243F65E9300][00000243F7513240 49] IPadPro, [00000243F65E9400][00000243F750F280 49] iPadAir3, [00000243F6672300][00000243F7517400 49] iPadAir4, [00000243F65EA200][00000243F751B580 49] iPadMini2, [00000243F6670200][00000243F751F700 49] iPadMini3, [00000243F65EAE00][00000243F7523880 49] iPadMini4, [00000243F6672C00][00000243F7527A00 49] iPadMini5, [00000243F65FCB00][00000243F3F0A140 49] iPhone6, [00000243F65FCC00][00000243F752A180 49] iPodTouch6, [00000243F66E4A00][00000243F3F12440 49] iPhone7, [00000243F66E7700][00000243F3F0E480 49] iPodTouch7, [00000243F65EBE00][00000243F3F16600 49] iPhone5S, [00000243F65E8300][00000243F3F1A780 49] iPhone6Plus, [00000243F65FFC00][00000243F3F1E900 49] iPhone6S, [00000243F65E8A00][00000243F74FEA40 49] iPhone6SPlus, [00000243F65FF100][00000243F3F22B80 49] iPhone7Plus, [00000243F65EBD00][00000243F3F26CC0 49] iPhoneSE, [00000243F65FC500][00000243F3F2EE40 49] iPhone8, [00000243F65EA100][00000243F3F32FC0 49] iPhone8Plus, [00000243F65FCE00][00000243F3F37140 49] iPhoneX, [00000243F65EB100][00000243F3F3B2C0 49] iPhoneXS, [00000243F65FD800][00000243F3F3F440 49] iPhoneXSMax, [00000243F65EB600][00000243F3F435C0 49] iPhoneXR, [00000243F65FE200][00000243F3F47740 49] iPhone11, [00000243F66E5700][00000243F3F4B8C0 49] iPhone11Pro, [00000243F65FFF00][00000243F3F4FA40 49] iPhone11ProMax, [00000243F66E5F00][00000243F3F53BC0 49] iPhoneSE2, [00000243F65FC100][00000243F75401C0 49] iPhone12Mini, [00000243F66E4200][00000243F7544340 49] iPhone12, [00000243F65FC800][00000243F75484C0 49] iPhone12Pro, [00000243F66E5000][00000243F754C640 49] iPhone12ProMax, [00000243F65FCD00][00000243F75507C0 49] iPadPro105, [00000243F66E5200][00000243F7554940 49] iPadPro129, [00000243F65FEA00][00000243F7558AC0 49] iPadPro97, [00000243F66E5600][00000243F3F2AC00 49] iPadPro2_129, [00000243F65FD700][00000243F755CD40 49] iPad5, [00000243F66E5300][00000243F7560E80 49] iPad6, [00000243F65FDC00][00000243F7564FC0 49] iPad7, [00000243F66E4F00][00000243F756D140 49] iPad8, [00000243F65FD300][00000243F75712C0 49] iPadPro11, [00000243F66E6800][00000243F7575440 49] iPadPro2_11, [00000243F65FCF00][00000243F75795C0 49] iPadPro3_129, [00000243F66E6500][00000243F757D740 49] iPadPro4_129, [00000243F65FEE00][00000243F75818C0 49] AppleTV, [00000243F66E7500][00000243F7585A40 49] AppleTV4K, [00000243F65FF000][00000243F7589BC0 49] TVOS, [00000243F66E4D00][00000243F758C1C0 49] Mac, [00000243F65FC900][00000243F7590340 49] MacClient, [00000243F66E7100][00000243F75944C0 49] MacNoEditor, [00000243F65FFA00][00000243F7598640 49] MacServer, [00000243F66E7800][00000243F759C7C0 49] Linux, [00000243F65FE900][00000243F75A0940 49] LinuxAArch64, [00000243F66E6E00][00000243F75A4AC0 49] LinuxNoEditor, [00000243F65FDF00][00000243F75A8C40 49] LinuxAArch64NoEditor, [00000243F66E7300][00000243F7568D80 49] LinuxClient, [00000243F65FC600][00000243F75ACEC0 49] LinuxAArch64Client, [00000243F66E5900][00000243F75B1000 49] LinuxServer, [00000243F65FD000][00000243F75B5140 49] LinuxAArch64Server, [00000243F66E6600][00000243F75BD2C0 49] Android, [00000243F65FFE00][00000243F75C1440 49] Android_Low, [00000243F66E4900][00000243F75C55C0 49] Android_Mid, [00000243F65FD400][00000243F75C9740 49] Android_High, [00000243F66E4B00][00000243F75CD8C0 49] Android_Default, [00000243F65FC300][00000243F75D1A40 49] Android_Adreno4xx, [00000243F66E6900][00000243F75D5BC0 49] Android_Adreno5xx_Low, [00000243F65FC400][00000243F75D81C0 49] Android_Adreno5xx, [00000243F65E8800][00000243F75DC340 49] Android_Adreno6xx, [00000243F6673200][00000243F75E04C0 49] Android_Adreno6xx_Vulkan, [00000243F65E9500][00000243F75E4640 49] Android_Mali_T6xx, [00000243F6673300][00000243F75E87C0 49] Android_Mali_T7xx, [00000243F65EAC00][00000243F75EC940 49] Android_Mali_T8xx, [00000243F6673B00][00000243F75F0AC0 49] Android_Mali_G71, [00000243F65EAD00][00000243F75F4C40 49] Android_Mali_G72, [00000243F6673C00][00000243F75F8DC0 49] Android_Mali_G72_Vulkan, [00000243F65E9F00][00000243F75FCF40 49] Android_Mali_G76, [00000243F6673A00][00000243F75B9080 49] Android_Mali_G76_Vulkan, [00000243F65EAA00][00000243F3E1B1C0 49] Android_Mali_G77, [00000243F6672000][00000243EFAEB300 49] Android_Mali_G77_Vulkan, [00000243F65E9700][00000243EFAF7480 49] Android_Mali_G78, [00000243F6672800][00000243EFAFB600 49] Android_Mali_G78_Vulkan, [00000243F65EB700][00000243EFAFF780 49] Android_Mali_G710, [00000243F6671400][00000243EFB03900 49] Android_Mali_G710_Vulkan, [00000243F65EBC00][00000243EFB07A80 49] Android_Vulkan_SM5, [00000243F6671500][00000243EFB0BC00 49] Android_PowerVR_G6xxx, [00000243F65E8500][00000243EFB0E200 49] Android_PowerVR_GT7xxx, [00000243F6670F00][00000243EFB12380 49] Android_PowerVR_GE8xxx, [00000243F65EB300][00000243EFB16500 49] Android_PowerVR_GM9xxx, [00000243F6671C00][00000243EFB1A680 49] Android_PowerVR_GM9xxx_Vulkan, [00000243F65EB200][00000243EFB1E800 49] Android_TegraK1, [00000243F6670E00][00000243EFB22980 49] Android_Unknown_Vulkan, [00000243F65E8100][00000243EFB2AB00 49] Lumin, [00000243F6672B00][00000243EFB2EC80 49] Lumin_Desktop, [00000243F65E9800][00000243EFB32E00 49] HoloLens, 
[2024.12.24-04.39.44:178][  0]LogMeshReduction: Using QuadricMeshReduction for automatic static mesh reduction
[2024.12.24-04.39.44:178][  0]LogMeshReduction: Using SimplygonMeshReduction for automatic skeletal mesh reduction
[2024.12.24-04.39.44:178][  0]LogMeshReduction: Using ProxyLODMeshReduction for automatic mesh merging
[2024.12.24-04.39.44:179][  0]LogMeshReduction: No distributed automatic mesh merging module available
[2024.12.24-04.39.44:179][  0]LogMeshMerging: No distributed automatic mesh merging module available
[2024.12.24-04.39.44:212][  0]LogNetVersion: Unreal_R4D2_Copy 1.0.0, NetCL: 17155196, EngineNetVer: 17, GameNetVer: 0 (Checksum: 1445133)
[2024.12.24-04.39.45:248][  0]LogTexture: Default maximum texture size for cubemaps generated from long-lat sources has been changed from 512 to unlimited. In order to preserve old behaiour for '/Engine/MapTemplates/Sky/DaylightAmbientCubemap.DaylightAmbientCubemap', its maximum texture size has been explicitly set to 512.
[2024.12.24-04.39.45:388][  0]LogHMD: PokeAHoleMaterial loaded successfully
[2024.12.24-04.39.45:400][  0]LogUObjectArray: 17178 objects as part of root set at end of initial load.
[2024.12.24-04.39.45:400][  0]LogUObjectAllocator: 4302048 out of 0 bytes used by permanent object pool.
[2024.12.24-04.39.45:400][  0]LogUObjectArray: CloseDisregardForGC: 0/0 objects in disregard for GC pool
[2024.12.24-04.39.46:136][  0]LogNiagaraDebuggerClient: Niagara Debugger Client Initialized | Session: 5312A3DA41339BABFE9E0096BC78E318 | Instance: 1A16A5594BEC87E024D363855B26AAEC (DESKTOP-E3HHOR4-12132).
[2024.12.24-04.39.46:241][  0]LogTcpMessaging: Initializing TcpMessaging bridge
[2024.12.24-04.39.46:249][  0]LogUdpMessaging: Initializing bridge on interface 0.0.0.0:0 to multicast group 230.0.0.1:6666.
[2024.12.24-04.39.46:273][  0]LogPython: Using Python 3.7.7
[2024.12.24-04.39.47:838][  0]SourceControl: 소스 컨트롤이 꺼졌습니다.
[2024.12.24-04.39.47:839][  0]SourceControl: 소스 컨트롤이 꺼졌습니다.
[2024.12.24-04.39.47:853][  0]SourceControl: 소스 컨트롤이 꺼졌습니다.
[2024.12.24-04.39.47:858][  0]LogUProjectInfo: Found projects:
[2024.12.24-04.39.47:863][  0]SourceControl: 소스 컨트롤이 꺼졌습니다.
[2024.12.24-04.39.47:874][  0]SourceControl: 소스 컨트롤이 꺼졌습니다.
[2024.12.24-04.39.48:395][  0]LogOpenImageDenoise: OIDN starting up
[2024.12.24-04.39.48:434][  0]LogAndroidPermission: UAndroidPermissionCallbackProxy::GetInstance
[2024.12.24-04.39.48:443][  0]LogAudioCaptureCore: Display: No Audio Capture implementations found. Audio input will be silent.
[2024.12.24-04.39.48:443][  0]LogAudioCaptureCore: Display: No Audio Capture implementations found. Audio input will be silent.
[2024.12.24-04.39.48:777][  0]LogCollectionManager: Loaded 0 collections in 0.003914 seconds
[2024.12.24-04.39.48:848][  0]LogFileCache: Scanning file cache for directory 'C:/Users/admin/Documents/GitHub/UnrealProjectL4D2/Unreal_R4D2_Copy/Saved/Collections/' took 0.00s
[2024.12.24-04.39.48:848][  0]LogFileCache: Scanning file cache for directory 'C:/Users/admin/Documents/GitHub/UnrealProjectL4D2/Unreal_R4D2_Copy/Content/Developers/admin/Collections/' took 0.00s
[2024.12.24-04.39.48:848][  0]LogFileCache: Scanning file cache for directory 'C:/Users/admin/Documents/GitHub/UnrealProjectL4D2/Unreal_R4D2_Copy/Content/Collections/' took 0.00s
[2024.12.24-04.39.48:848][  0]LogOcInput: OculusInput pre-init called
[2024.12.24-04.39.49:500][  0]LogEngine: Initializing Engine...
[2024.12.24-04.39.49:517][  0]LogHMD: Failed to enumerate extensions. Please check that you have a valid OpenXR runtime installed.
[2024.12.24-04.39.49:517][  0]LogHMD: Failed to initialize OpenVR with code 110
[2024.12.24-04.39.49:517][  0]LogMagicLeap: Warning: VR disabled because ZI is not enabled.  To enable, in the editor, Edit -> Project Settings -> Plugins -> Magic Leap Plugin -> Enable Zero Iteration
[2024.12.24-04.39.49:521][  0]LogStats: UGameplayTagsManager::InitializeManager -  0.000 s
[2024.12.24-04.39.49:833][  0]LogInit: Initializing FReadOnlyCVARCache
[2024.12.24-04.39.49:853][  0]LogAIModule: Creating AISystem for world Untitled
[2024.12.24-04.39.49:860][  0]LogAudio: Display: Initializing Audio Device Manager...
[2024.12.24-04.39.49:866][  0]LogAudio: Display: Loading Default Audio Settings Objects...
[2024.12.24-04.39.49:867][  0]LogAudio: Display: No default SoundConcurrencyObject specified (or failed to load).
[2024.12.24-04.39.49:868][  0]LogAudio: Display: Audio Device Manager Initialized
[2024.12.24-04.39.49:868][  0]LogAudio: Display: Creating Audio Device:                 Id: 1, Scope: Shared, Realtime: True
[2024.12.24-04.39.49:868][  0]LogAudioMixer: Display: Audio Mixer Platform Settings:
[2024.12.24-04.39.49:868][  0]LogAudioMixer: Display: 	Sample Rate:						  48000
[2024.12.24-04.39.49:868][  0]LogAudioMixer: Display: 	Callback Buffer Frame Size Requested: 1024
[2024.12.24-04.39.49:868][  0]LogAudioMixer: Display: 	Callback Buffer Frame Size To Use:	  1024
[2024.12.24-04.39.49:868][  0]LogAudioMixer: Display: 	Number of buffers to queue:			  2
[2024.12.24-04.39.49:868][  0]LogAudioMixer: Display: 	Max Channels (voices):				  32
[2024.12.24-04.39.49:868][  0]LogAudioMixer: Display: 	Number of Async Source Workers:		  0
[2024.12.24-04.39.49:869][  0]LogAudio: Display: AudioDevice MaxSources: 32
[2024.12.24-04.39.49:869][  0]LogAudio: Display: Audio Spatialization Plugin: None (built-in).
[2024.12.24-04.39.49:869][  0]LogAudio: Display: Audio Reverb Plugin: None (built-in).
[2024.12.24-04.39.49:869][  0]LogAudio: Display: Audio Occlusion Plugin: None (built-in).
[2024.12.24-04.39.49:869][  0]LogAudioMixer: Display: Initializing audio mixer.
[2024.12.24-04.39.49:897][  0]LogAudioMixer: Display: 0: FrontLeft
[2024.12.24-04.39.49:897][  0]LogAudioMixer: Display: 1: FrontRight
[2024.12.24-04.39.50:111][  0]LogAudioMixer: Display: Using Audio Device 스피커(Realtek(R) Audio)
[2024.12.24-04.39.50:114][  0]LogAudioMixer: Display: Initializing Sound Submixes...
[2024.12.24-04.39.50:116][  0]LogAudioMixer: Display: Creating Master Submix 'MasterSubmixDefault'
[2024.12.24-04.39.50:116][  0]LogAudioMixer: Display: Creating Master Submix 'MasterReverbSubmixDefault'
[2024.12.24-04.39.50:118][  0]LogAudioMixer: Display: Creating Master Submix 'MasterEQSubmixDefault'
[2024.12.24-04.39.50:118][  0]LogAudioMixer: FMixerPlatformXAudio2::StartAudioStream() called
[2024.12.24-04.39.50:118][  0]LogAudioMixer: Display: Output buffers initialized: Frames=1024, Channels=2, Samples=2048
[2024.12.24-04.39.50:119][  0]LogAudioMixer: Display: Starting AudioMixerPlatformInterface::RunInternal()
[2024.12.24-04.39.50:119][  0]LogAudioMixer: Display: FMixerPlatformXAudio2::SubmitBuffer() called for the first time
[2024.12.24-04.39.50:119][  0]LogInit: FAudioDevice initialized.
[2024.12.24-04.39.50:119][  0]LogAudio: Display: Audio Device (ID: 1) registered with world 'Untitled'.
[2024.12.24-04.39.50:119][  0]LogNetVersion: Set ProjectVersion to 1.0.0.0. Version Checksum will be recalculated on next use.
[2024.12.24-04.39.50:180][  0]LogDerivedDataCache: Saved boot cache 0.06s 94MB C:/Users/admin/AppData/Local/UnrealEngine/4.27/DerivedDataCache/Boot.ddc.
[2024.12.24-04.39.50:181][  0]LogInit: Texture streaming: Enabled
[2024.12.24-04.39.50:193][  0]LogAnalytics: Display: [UEEditor.Rocket.Release] APIServer = https://datarouter.ol.epicgames.com/. AppVersion = 4.27.2-18319896+++UE4+Release-4.27
[2024.12.24-04.39.50:196][  0]LogEngineSessionManager: EngineSessionManager initialized
[2024.12.24-04.39.50:197][  0]LogEditorSessionSummary: Verbose: Initializing EditorSessionSummaryWriter for editor session tracking
[2024.12.24-04.39.50:198][  0]LogEditorSessionSummary: EditorSessionSummaryWriter initialized
[2024.12.24-04.39.50:221][  0]LogInit: Transaction tracking system initialized
[2024.12.24-04.39.50:241][  0]BlueprintLog: New page: 에디터 로드
[2024.12.24-04.39.50:296][  0]LocalizationService: 현지화 서비스가 비활성화되었습니다.
[2024.12.24-04.39.50:316][  0]TimingProfiler: Initialize
[2024.12.24-04.39.50:316][  0]TimingProfiler: OnSessionChanged
[2024.12.24-04.39.50:316][  0]LoadingProfiler: Initialize
[2024.12.24-04.39.50:316][  0]LoadingProfiler: OnSessionChanged
[2024.12.24-04.39.50:316][  0]NetworkingProfiler: Initialize
[2024.12.24-04.39.50:316][  0]NetworkingProfiler: OnSessionChanged
[2024.12.24-04.39.50:316][  0]MemoryProfiler: Initialize
[2024.12.24-04.39.50:316][  0]MemoryProfiler: OnSessionChanged
[2024.12.24-04.39.50:439][  0]LogCook: Display: CookSettings for Memory: MemoryMaxUsedVirtual 0MiB, MemoryMaxUsedPhysical 16384MiB, MemoryMinFreeVirtual 0MiB, MemoryMinFreePhysical 1024MiB
[2024.12.24-04.39.50:439][  0]LogCook: Display: Mobile HDR setting 1
[2024.12.24-04.39.50:622][  0]LogFileCache: Scanning file cache for directory 'C:/Users/admin/Documents/GitHub/UnrealProjectL4D2/Unreal_R4D2_Copy/Content/' took 0.00s
[2024.12.24-04.39.50:812][  0]LogInit: Display: Engine is initialized. Leaving FEngineLoop::Init()
[2024.12.24-04.39.50:814][  0]SourceControl: 소스 컨트롤이 꺼졌습니다.
[2024.12.24-04.39.50:814][  0]LogUnrealEdMisc: Loading editor; pre map load, took 109.865
[2024.12.24-04.39.50:816][  0]Cmd: MAP LOAD FILE="../../../Engine/Content/Maps/Templates/Template_Default.umap" TEMPLATE=1 SHOWPROGRESS=1 FEATURELEVEL=3
[2024.12.24-04.39.50:816][  0]LightingResults: New page: 라이팅 빌드
[2024.12.24-04.39.50:817][  0]LogWorld: UWorld::CleanupWorld for Untitled, bSessionEnded=true, bCleanupResources=true
[2024.12.24-04.39.50:817][  0]LogSlate: InvalidateAllWidgets triggered.  All widgets were invalidated
[2024.12.24-04.39.50:817][  0]MapCheck: New page: 맵 체크
[2024.12.24-04.39.50:817][  0]LightingResults: New page: 라이팅 빌드
[2024.12.24-04.39.50:821][  0]LogAudio: Display: Audio Device unregistered from world 'None'.
[2024.12.24-04.39.50:823][  0]LogUObjectHash: Compacting FUObjectHashTables data took   0.55ms
[2024.12.24-04.39.50:859][  0]LogTexture: Display: 텍스처 빌드: DeprecatedTextureEB9CBE3C423008B5E8E130901E171C89 (BGRA8, 128X128)
[2024.12.24-04.39.50:868][  0]LogAudio: Display: Audio Device (ID: 1) registered with world 'Untitled_1'.
[2024.12.24-04.39.50:869][  0]LogAIModule: Creating AISystem for world Untitled_1
[2024.12.24-04.39.50:875][  0]LogEditorServer: Finished looking for orphan Actors (0.000 secs)
[2024.12.24-04.39.50:881][  0]LogUObjectHash: Compacting FUObjectHashTables data took   0.63ms
[2024.12.24-04.39.50:882][  0]Cmd: MAP CHECKDEP NOCLEARLOG
[2024.12.24-04.39.50:882][  0]MapCheck: 맵 체크 완료: 오류 0 회, 경고 0 회, 소요 시간 0.129ms.
[2024.12.24-04.39.50:882][  0]LogFileHelpers: Loading map 'Template_Default' took 0.067
[2024.12.24-04.39.50:884][  0]LogUnrealEdMisc: Total Editor Startup Time, took 109.934
[2024.12.24-04.39.50:977][  0]LogWindowsTextInputMethodSystem: Display: IME system activated using TSF (Microsoft 입력기).
[2024.12.24-04.39.51:080][  0]LogSlate: Updating window title bar state: overlay mode, drag disabled, window buttons hidden, title bar hidden
[2024.12.24-04.39.51:087][  0]LogSlate: Updating window title bar state: overlay mode, drag disabled, window buttons hidden, title bar hidden
[2024.12.24-04.39.51:092][  0]LogSlate: Updating window title bar state: overlay mode, drag disabled, window buttons hidden, title bar hidden
[2024.12.24-04.39.51:096][  0]LogSlate: Updating window title bar state: overlay mode, drag disabled, window buttons hidden, title bar hidden
[2024.12.24-04.39.51:129][  0]LogNativeClassHierarchy: Verbose: Native class hierarchy populated in 0.0094 seconds. Added 3823 classes and 930 folders.
[2024.12.24-04.39.51:137][  0]LogNativeClassHierarchy: Verbose: Native class hierarchy updated for 'WidgetCarousel' in 0.0007 seconds. Added 0 classes and 0 folders.
[2024.12.24-04.39.51:146][  0]LogPakFile: PakFile PrimaryIndexSize=187
[2024.12.24-04.39.51:146][  0]LogPakFile: PakFile PathHashIndexSize=101
[2024.12.24-04.39.51:146][  0]LogPakFile: PakFile FullDirectoryIndexSize=148
[2024.12.24-04.39.51:147][  0]LogShaderLibrary: Display: ShaderCodeLibraryPakFileMountedCallback: PakFile 'C:/Program Files/Epic Games/UE_4.27/FeaturePacks/FP_FirstPerson.upack' (chunk index -1, root 'root:/') mounted
[2024.12.24-04.39.51:147][  0]LogShaderLibrary: Display: ShaderCodeLibraryPakFileMountedCallback: pending pak file info (ChunkID:-1 Root:root:/ File:C:/Program Files/Epic Games/UE_4.27/FeaturePacks/FP_FirstPerson.upack)
[2024.12.24-04.39.51:147][  0]LogPakFile: OnPakFileMounted2Time == 0.000982
[2024.12.24-04.39.51:149][  0]LogPakFile: PakFile PrimaryIndexSize=189
[2024.12.24-04.39.51:149][  0]LogPakFile: PakFile PathHashIndexSize=101
[2024.12.24-04.39.51:149][  0]LogPakFile: PakFile FullDirectoryIndexSize=152
[2024.12.24-04.39.51:149][  0]LogShaderLibrary: Display: ShaderCodeLibraryPakFileMountedCallback: PakFile 'C:/Program Files/Epic Games/UE_4.27/FeaturePacks/FP_FirstPersonBP.upack' (chunk index -1, root 'root:/') mounted
[2024.12.24-04.39.51:149][  0]LogShaderLibrary: Display: ShaderCodeLibraryPakFileMountedCallback: pending pak file info (ChunkID:-1 Root:root:/ File:C:/Program Files/Epic Games/UE_4.27/FeaturePacks/FP_FirstPersonBP.upack)
[2024.12.24-04.39.51:149][  0]LogPakFile: OnPakFileMounted2Time == 0.000031
[2024.12.24-04.39.51:150][  0]LogPakFile: PakFile PrimaryIndexSize=191
[2024.12.24-04.39.51:150][  0]LogPakFile: PakFile PathHashIndexSize=101
[2024.12.24-04.39.51:150][  0]LogPakFile: PakFile FullDirectoryIndexSize=160
[2024.12.24-04.39.51:150][  0]LogShaderLibrary: Display: ShaderCodeLibraryPakFileMountedCallback: PakFile 'C:/Program Files/Epic Games/UE_4.27/FeaturePacks/MobileStarterContent.upack' (chunk index -1, root 'root:/') mounted
[2024.12.24-04.39.51:150][  0]LogShaderLibrary: Display: ShaderCodeLibraryPakFileMountedCallback: pending pak file info (ChunkID:-1 Root:root:/ File:C:/Program Files/Epic Games/UE_4.27/FeaturePacks/MobileStarterContent.upack)
[2024.12.24-04.39.51:150][  0]LogPakFile: OnPakFileMounted2Time == 0.000024
[2024.12.24-04.39.51:151][  0]LogPakFile: PakFile PrimaryIndexSize=185
[2024.12.24-04.39.51:151][  0]LogPakFile: PakFile PathHashIndexSize=101
[2024.12.24-04.39.51:151][  0]LogPakFile: PakFile FullDirectoryIndexSize=148
[2024.12.24-04.39.51:151][  0]LogShaderLibrary: Display: ShaderCodeLibraryPakFileMountedCallback: PakFile 'C:/Program Files/Epic Games/UE_4.27/FeaturePacks/StarterContent.upack' (chunk index -1, root 'root:/') mounted
[2024.12.24-04.39.51:151][  0]LogShaderLibrary: Display: ShaderCodeLibraryPakFileMountedCallback: pending pak file info (ChunkID:-1 Root:root:/ File:C:/Program Files/Epic Games/UE_4.27/FeaturePacks/StarterContent.upack)
[2024.12.24-04.39.51:151][  0]LogPakFile: OnPakFileMounted2Time == 0.000025
[2024.12.24-04.39.51:153][  0]LogPakFile: PakFile PrimaryIndexSize=190
[2024.12.24-04.39.51:153][  0]LogPakFile: PakFile PathHashIndexSize=101
[2024.12.24-04.39.51:153][  0]LogPakFile: PakFile FullDirectoryIndexSize=154
[2024.12.24-04.39.51:153][  0]LogShaderLibrary: Display: ShaderCodeLibraryPakFileMountedCallback: PakFile 'C:/Program Files/Epic Games/UE_4.27/FeaturePacks/TP_2DSideScroller.upack' (chunk index -1, root 'root:/') mounted
[2024.12.24-04.39.51:153][  0]LogShaderLibrary: Display: ShaderCodeLibraryPakFileMountedCallback: pending pak file info (ChunkID:-1 Root:root:/ File:C:/Program Files/Epic Games/UE_4.27/FeaturePacks/TP_2DSideScroller.upack)
[2024.12.24-04.39.51:153][  0]LogPakFile: OnPakFileMounted2Time == 0.000026
[2024.12.24-04.39.51:154][  0]LogPakFile: PakFile PrimaryIndexSize=192
[2024.12.24-04.39.51:154][  0]LogPakFile: PakFile PathHashIndexSize=101
[2024.12.24-04.39.51:154][  0]LogPakFile: PakFile FullDirectoryIndexSize=158
[2024.12.24-04.39.51:154][  0]LogShaderLibrary: Display: ShaderCodeLibraryPakFileMountedCallback: PakFile 'C:/Program Files/Epic Games/UE_4.27/FeaturePacks/TP_2DSideScrollerBP.upack' (chunk index -1, root 'root:/') mounted
[2024.12.24-04.39.51:154][  0]LogShaderLibrary: Display: ShaderCodeLibraryPakFileMountedCallback: pending pak file info (ChunkID:-1 Root:root:/ File:C:/Program Files/Epic Games/UE_4.27/FeaturePacks/TP_2DSideScrollerBP.upack)
[2024.12.24-04.39.51:154][  0]LogPakFile: OnPakFileMounted2Time == 0.000026
[2024.12.24-04.39.51:155][  0]LogPakFile: PakFile PrimaryIndexSize=182
[2024.12.24-04.39.51:155][  0]LogPakFile: PakFile PathHashIndexSize=101
[2024.12.24-04.39.51:155][  0]LogPakFile: PakFile FullDirectoryIndexSize=138
[2024.12.24-04.39.51:155][  0]LogShaderLibrary: Display: ShaderCodeLibraryPakFileMountedCallback: PakFile 'C:/Program Files/Epic Games/UE_4.27/FeaturePacks/TP_Flying.upack' (chunk index -1, root 'root:/') mounted
[2024.12.24-04.39.51:155][  0]LogShaderLibrary: Display: ShaderCodeLibraryPakFileMountedCallback: pending pak file info (ChunkID:-1 Root:root:/ File:C:/Program Files/Epic Games/UE_4.27/FeaturePacks/TP_Flying.upack)
[2024.12.24-04.39.51:155][  0]LogPakFile: OnPakFileMounted2Time == 0.000023
[2024.12.24-04.39.51:156][  0]LogPakFile: PakFile PrimaryIndexSize=184
[2024.12.24-04.39.51:156][  0]LogPakFile: PakFile PathHashIndexSize=101
[2024.12.24-04.39.51:156][  0]LogPakFile: PakFile FullDirectoryIndexSize=142
[2024.12.24-04.39.51:156][  0]LogShaderLibrary: Display: ShaderCodeLibraryPakFileMountedCallback: PakFile 'C:/Program Files/Epic Games/UE_4.27/FeaturePacks/TP_FlyingBP.upack' (chunk index -1, root 'root:/') mounted
[2024.12.24-04.39.51:156][  0]LogShaderLibrary: Display: ShaderCodeLibraryPakFileMountedCallback: pending pak file info (ChunkID:-1 Root:root:/ File:C:/Program Files/Epic Games/UE_4.27/FeaturePacks/TP_FlyingBP.upack)
[2024.12.24-04.39.51:156][  0]LogPakFile: OnPakFileMounted2Time == 0.000026
[2024.12.24-04.39.51:157][  0]LogPakFile: PakFile PrimaryIndexSize=188
[2024.12.24-04.39.51:157][  0]LogPakFile: PakFile PathHashIndexSize=101
[2024.12.24-04.39.51:157][  0]LogPakFile: PakFile FullDirectoryIndexSize=150
[2024.12.24-04.39.51:157][  0]LogShaderLibrary: Display: ShaderCodeLibraryPakFileMountedCallback: PakFile 'C:/Program Files/Epic Games/UE_4.27/FeaturePacks/TP_HandheldARBP.upack' (chunk index -1, root 'root:/') mounted
[2024.12.24-04.39.51:157][  0]LogShaderLibrary: Display: ShaderCodeLibraryPakFileMountedCallback: pending pak file info (ChunkID:-1 Root:root:/ File:C:/Program Files/Epic Games/UE_4.27/FeaturePacks/TP_HandheldARBP.upack)
[2024.12.24-04.39.51:157][  0]LogPakFile: OnPakFileMounted2Time == 0.000024
[2024.12.24-04.39.51:159][  0]LogPakFile: PakFile PrimaryIndexSize=182
[2024.12.24-04.39.51:159][  0]LogPakFile: PakFile PathHashIndexSize=101
[2024.12.24-04.39.51:159][  0]LogPakFile: PakFile FullDirectoryIndexSize=138
[2024.12.24-04.39.51:159][  0]LogShaderLibrary: Display: ShaderCodeLibraryPakFileMountedCallback: PakFile 'C:/Program Files/Epic Games/UE_4.27/FeaturePacks/TP_Puzzle.upack' (chunk index -1, root 'root:/') mounted
[2024.12.24-04.39.51:159][  0]LogShaderLibrary: Display: ShaderCodeLibraryPakFileMountedCallback: pending pak file info (ChunkID:-1 Root:root:/ File:C:/Program Files/Epic Games/UE_4.27/FeaturePacks/TP_Puzzle.upack)
[2024.12.24-04.39.51:159][  0]LogPakFile: OnPakFileMounted2Time == 0.000024
[2024.12.24-04.39.51:160][  0]LogPakFile: PakFile PrimaryIndexSize=184
[2024.12.24-04.39.51:160][  0]LogPakFile: PakFile PathHashIndexSize=101
[2024.12.24-04.39.51:160][  0]LogPakFile: PakFile FullDirectoryIndexSize=142
[2024.12.24-04.39.51:160][  0]LogShaderLibrary: Display: ShaderCodeLibraryPakFileMountedCallback: PakFile 'C:/Program Files/Epic Games/UE_4.27/FeaturePacks/TP_PuzzleBP.upack' (chunk index -1, root 'root:/') mounted
[2024.12.24-04.39.51:160][  0]LogShaderLibrary: Display: ShaderCodeLibraryPakFileMountedCallback: pending pak file info (ChunkID:-1 Root:root:/ File:C:/Program Files/Epic Games/UE_4.27/FeaturePacks/TP_PuzzleBP.upack)
[2024.12.24-04.39.51:160][  0]LogPakFile: OnPakFileMounted2Time == 0.000024
[2024.12.24-04.39.51:160][  0]LogPakFile: PakFile PrimaryIndexSize=183
[2024.12.24-04.39.51:160][  0]LogPakFile: PakFile PathHashIndexSize=101
[2024.12.24-04.39.51:160][  0]LogPakFile: PakFile FullDirectoryIndexSize=140
[2024.12.24-04.39.51:161][  0]LogShaderLibrary: Display: ShaderCodeLibraryPakFileMountedCallback: PakFile 'C:/Program Files/Epic Games/UE_4.27/FeaturePacks/TP_Rolling.upack' (chunk index -1, root 'root:/') mounted
[2024.12.24-04.39.51:161][  0]LogShaderLibrary: Display: ShaderCodeLibraryPakFileMountedCallback: pending pak file info (ChunkID:-1 Root:root:/ File:C:/Program Files/Epic Games/UE_4.27/FeaturePacks/TP_Rolling.upack)
[2024.12.24-04.39.51:161][  0]LogPakFile: OnPakFileMounted2Time == 0.000023
[2024.12.24-04.39.51:161][  0]LogPakFile: PakFile PrimaryIndexSize=185
[2024.12.24-04.39.51:162][  0]LogPakFile: PakFile PathHashIndexSize=101
[2024.12.24-04.39.51:162][  0]LogPakFile: PakFile FullDirectoryIndexSize=144
[2024.12.24-04.39.51:162][  0]LogShaderLibrary: Display: ShaderCodeLibraryPakFileMountedCallback: PakFile 'C:/Program Files/Epic Games/UE_4.27/FeaturePacks/TP_RollingBP.upack' (chunk index -1, root 'root:/') mounted
[2024.12.24-04.39.51:162][  0]LogShaderLibrary: Display: ShaderCodeLibraryPakFileMountedCallback: pending pak file info (ChunkID:-1 Root:root:/ File:C:/Program Files/Epic Games/UE_4.27/FeaturePacks/TP_RollingBP.upack)
[2024.12.24-04.39.51:162][  0]LogPakFile: OnPakFileMounted2Time == 0.000026
[2024.12.24-04.39.51:163][  0]LogPakFile: PakFile PrimaryIndexSize=188
[2024.12.24-04.39.51:163][  0]LogPakFile: PakFile PathHashIndexSize=101
[2024.12.24-04.39.51:163][  0]LogPakFile: PakFile FullDirectoryIndexSize=150
[2024.12.24-04.39.51:163][  0]LogShaderLibrary: Display: ShaderCodeLibraryPakFileMountedCallback: PakFile 'C:/Program Files/Epic Games/UE_4.27/FeaturePacks/TP_SideScroller.upack' (chunk index -1, root 'root:/') mounted
[2024.12.24-04.39.51:163][  0]LogShaderLibrary: Display: ShaderCodeLibraryPakFileMountedCallback: pending pak file info (ChunkID:-1 Root:root:/ File:C:/Program Files/Epic Games/UE_4.27/FeaturePacks/TP_SideScroller.upack)
[2024.12.24-04.39.51:163][  0]LogPakFile: OnPakFileMounted2Time == 0.000024
[2024.12.24-04.39.51:164][  0]LogPakFile: PakFile PrimaryIndexSize=190
[2024.12.24-04.39.51:164][  0]LogPakFile: PakFile PathHashIndexSize=101
[2024.12.24-04.39.51:164][  0]LogPakFile: PakFile FullDirectoryIndexSize=154
[2024.12.24-04.39.51:164][  0]LogShaderLibrary: Display: ShaderCodeLibraryPakFileMountedCallback: PakFile 'C:/Program Files/Epic Games/UE_4.27/FeaturePacks/TP_SideScrollerBP.upack' (chunk index -1, root 'root:/') mounted
[2024.12.24-04.39.51:164][  0]LogShaderLibrary: Display: ShaderCodeLibraryPakFileMountedCallback: pending pak file info (ChunkID:-1 Root:root:/ File:C:/Program Files/Epic Games/UE_4.27/FeaturePacks/TP_SideScrollerBP.upack)
[2024.12.24-04.39.51:164][  0]LogPakFile: OnPakFileMounted2Time == 0.000023
[2024.12.24-04.39.51:164][  0]LogPakFile: PakFile PrimaryIndexSize=187
[2024.12.24-04.39.51:164][  0]LogPakFile: PakFile PathHashIndexSize=101
[2024.12.24-04.39.51:164][  0]LogPakFile: PakFile FullDirectoryIndexSize=148
[2024.12.24-04.39.51:164][  0]LogShaderLibrary: Display: ShaderCodeLibraryPakFileMountedCallback: PakFile 'C:/Program Files/Epic Games/UE_4.27/FeaturePacks/TP_ThirdPerson.upack' (chunk index -1, root 'root:/') mounted
[2024.12.24-04.39.51:164][  0]LogShaderLibrary: Display: ShaderCodeLibraryPakFileMountedCallback: pending pak file info (ChunkID:-1 Root:root:/ File:C:/Program Files/Epic Games/UE_4.27/FeaturePacks/TP_ThirdPerson.upack)
[2024.12.24-04.39.51:164][  0]LogPakFile: OnPakFileMounted2Time == 0.000023
[2024.12.24-04.39.51:165][  0]LogPakFile: PakFile PrimaryIndexSize=189
[2024.12.24-04.39.51:165][  0]LogPakFile: PakFile PathHashIndexSize=101
[2024.12.24-04.39.51:165][  0]LogPakFile: PakFile FullDirectoryIndexSize=152
[2024.12.24-04.39.51:165][  0]LogShaderLibrary: Display: ShaderCodeLibraryPakFileMountedCallback: PakFile 'C:/Program Files/Epic Games/UE_4.27/FeaturePacks/TP_ThirdPersonBP.upack' (chunk index -1, root 'root:/') mounted
[2024.12.24-04.39.51:165][  0]LogShaderLibrary: Display: ShaderCodeLibraryPakFileMountedCallback: pending pak file info (ChunkID:-1 Root:root:/ File:C:/Program Files/Epic Games/UE_4.27/FeaturePacks/TP_ThirdPersonBP.upack)
[2024.12.24-04.39.51:165][  0]LogPakFile: OnPakFileMounted2Time == 0.000025
[2024.12.24-04.39.51:166][  0]LogPakFile: PakFile PrimaryIndexSize=183
[2024.12.24-04.39.51:166][  0]LogPakFile: PakFile PathHashIndexSize=101
[2024.12.24-04.39.51:166][  0]LogPakFile: PakFile FullDirectoryIndexSize=140
[2024.12.24-04.39.51:166][  0]LogShaderLibrary: Display: ShaderCodeLibraryPakFileMountedCallback: PakFile 'C:/Program Files/Epic Games/UE_4.27/FeaturePacks/TP_TopDown.upack' (chunk index -1, root 'root:/') mounted
[2024.12.24-04.39.51:167][  0]LogShaderLibrary: Display: ShaderCodeLibraryPakFileMountedCallback: pending pak file info (ChunkID:-1 Root:root:/ File:C:/Program Files/Epic Games/UE_4.27/FeaturePacks/TP_TopDown.upack)
[2024.12.24-04.39.51:167][  0]LogPakFile: OnPakFileMounted2Time == 0.000031
[2024.12.24-04.39.51:169][  0]LogPakFile: PakFile PrimaryIndexSize=185
[2024.12.24-04.39.51:169][  0]LogPakFile: PakFile PathHashIndexSize=101
[2024.12.24-04.39.51:169][  0]LogPakFile: PakFile FullDirectoryIndexSize=144
[2024.12.24-04.39.51:169][  0]LogShaderLibrary: Display: ShaderCodeLibraryPakFileMountedCallback: PakFile 'C:/Program Files/Epic Games/UE_4.27/FeaturePacks/TP_TopDownBP.upack' (chunk index -1, root 'root:/') mounted
[2024.12.24-04.39.51:169][  0]LogShaderLibrary: Display: ShaderCodeLibraryPakFileMountedCallback: pending pak file info (ChunkID:-1 Root:root:/ File:C:/Program Files/Epic Games/UE_4.27/FeaturePacks/TP_TopDownBP.upack)
[2024.12.24-04.39.51:169][  0]LogPakFile: OnPakFileMounted2Time == 0.000030
[2024.12.24-04.39.51:171][  0]LogPakFile: PakFile PrimaryIndexSize=185
[2024.12.24-04.39.51:171][  0]LogPakFile: PakFile PathHashIndexSize=101
[2024.12.24-04.39.51:171][  0]LogPakFile: PakFile FullDirectoryIndexSize=144
[2024.12.24-04.39.51:171][  0]LogShaderLibrary: Display: ShaderCodeLibraryPakFileMountedCallback: PakFile 'C:/Program Files/Epic Games/UE_4.27/FeaturePacks/TP_TwinStick.upack' (chunk index -1, root 'root:/') mounted
[2024.12.24-04.39.51:171][  0]LogShaderLibrary: Display: ShaderCodeLibraryPakFileMountedCallback: pending pak file info (ChunkID:-1 Root:root:/ File:C:/Program Files/Epic Games/UE_4.27/FeaturePacks/TP_TwinStick.upack)
[2024.12.24-04.39.51:171][  0]LogPakFile: OnPakFileMounted2Time == 0.000026
[2024.12.24-04.39.51:172][  0]LogPakFile: PakFile PrimaryIndexSize=187
[2024.12.24-04.39.51:172][  0]LogPakFile: PakFile PathHashIndexSize=101
[2024.12.24-04.39.51:172][  0]LogPakFile: PakFile FullDirectoryIndexSize=148
[2024.12.24-04.39.51:172][  0]LogShaderLibrary: Display: ShaderCodeLibraryPakFileMountedCallback: PakFile 'C:/Program Files/Epic Games/UE_4.27/FeaturePacks/TP_TwinStickBP.upack' (chunk index -1, root 'root:/') mounted
[2024.12.24-04.39.51:172][  0]LogShaderLibrary: Display: ShaderCodeLibraryPakFileMountedCallback: pending pak file info (ChunkID:-1 Root:root:/ File:C:/Program Files/Epic Games/UE_4.27/FeaturePacks/TP_TwinStickBP.upack)
[2024.12.24-04.39.51:172][  0]LogPakFile: OnPakFileMounted2Time == 0.000024
[2024.12.24-04.39.51:173][  0]LogPakFile: PakFile PrimaryIndexSize=183
[2024.12.24-04.39.51:173][  0]LogPakFile: PakFile PathHashIndexSize=101
[2024.12.24-04.39.51:173][  0]LogPakFile: PakFile FullDirectoryIndexSize=140
[2024.12.24-04.39.51:173][  0]LogShaderLibrary: Display: ShaderCodeLibraryPakFileMountedCallback: PakFile 'C:/Program Files/Epic Games/UE_4.27/FeaturePacks/TP_Vehicle.upack' (chunk index -1, root 'root:/') mounted
[2024.12.24-04.39.51:173][  0]LogShaderLibrary: Display: ShaderCodeLibraryPakFileMountedCallback: pending pak file info (ChunkID:-1 Root:root:/ File:C:/Program Files/Epic Games/UE_4.27/FeaturePacks/TP_Vehicle.upack)
[2024.12.24-04.39.51:173][  0]LogPakFile: OnPakFileMounted2Time == 0.000035
[2024.12.24-04.39.51:175][  0]LogPakFile: PakFile PrimaryIndexSize=186
[2024.12.24-04.39.51:175][  0]LogPakFile: PakFile PathHashIndexSize=101
[2024.12.24-04.39.51:175][  0]LogPakFile: PakFile FullDirectoryIndexSize=146
[2024.12.24-04.39.51:175][  0]LogShaderLibrary: Display: ShaderCodeLibraryPakFileMountedCallback: PakFile 'C:/Program Files/Epic Games/UE_4.27/FeaturePacks/TP_VehicleAdv.upack' (chunk index -1, root 'root:/') mounted
[2024.12.24-04.39.51:175][  0]LogShaderLibrary: Display: ShaderCodeLibraryPakFileMountedCallback: pending pak file info (ChunkID:-1 Root:root:/ File:C:/Program Files/Epic Games/UE_4.27/FeaturePacks/TP_VehicleAdv.upack)
[2024.12.24-04.39.51:175][  0]LogPakFile: OnPakFileMounted2Time == 0.000028
[2024.12.24-04.39.51:177][  0]LogPakFile: PakFile PrimaryIndexSize=188
[2024.12.24-04.39.51:177][  0]LogPakFile: PakFile PathHashIndexSize=101
[2024.12.24-04.39.51:177][  0]LogPakFile: PakFile FullDirectoryIndexSize=150
[2024.12.24-04.39.51:177][  0]LogShaderLibrary: Display: ShaderCodeLibraryPakFileMountedCallback: PakFile 'C:/Program Files/Epic Games/UE_4.27/FeaturePacks/TP_VehicleAdvBP.upack' (chunk index -1, root 'root:/') mounted
[2024.12.24-04.39.51:177][  0]LogShaderLibrary: Display: ShaderCodeLibraryPakFileMountedCallback: pending pak file info (ChunkID:-1 Root:root:/ File:C:/Program Files/Epic Games/UE_4.27/FeaturePacks/TP_VehicleAdvBP.upack)
[2024.12.24-04.39.51:177][  0]LogPakFile: OnPakFileMounted2Time == 0.000026
[2024.12.24-04.39.51:179][  0]LogPakFile: PakFile PrimaryIndexSize=185
[2024.12.24-04.39.51:179][  0]LogPakFile: PakFile PathHashIndexSize=101
[2024.12.24-04.39.51:179][  0]LogPakFile: PakFile FullDirectoryIndexSize=144
[2024.12.24-04.39.51:179][  0]LogShaderLibrary: Display: ShaderCodeLibraryPakFileMountedCallback: PakFile 'C:/Program Files/Epic Games/UE_4.27/FeaturePacks/TP_VehicleBP.upack' (chunk index -1, root 'root:/') mounted
[2024.12.24-04.39.51:179][  0]LogShaderLibrary: Display: ShaderCodeLibraryPakFileMountedCallback: pending pak file info (ChunkID:-1 Root:root:/ File:C:/Program Files/Epic Games/UE_4.27/FeaturePacks/TP_VehicleBP.upack)
[2024.12.24-04.39.51:179][  0]LogPakFile: OnPakFileMounted2Time == 0.000066
[2024.12.24-04.39.51:180][  0]LogPakFile: PakFile PrimaryIndexSize=192
[2024.12.24-04.39.51:180][  0]LogPakFile: PakFile PathHashIndexSize=101
[2024.12.24-04.39.51:180][  0]LogPakFile: PakFile FullDirectoryIndexSize=158
[2024.12.24-04.39.51:180][  0]LogShaderLibrary: Display: ShaderCodeLibraryPakFileMountedCallback: PakFile 'C:/Program Files/Epic Games/UE_4.27/FeaturePacks/TP_VirtualRealityBP.upack' (chunk index -1, root 'root:/') mounted
[2024.12.24-04.39.51:180][  0]LogShaderLibrary: Display: ShaderCodeLibraryPakFileMountedCallback: pending pak file info (ChunkID:-1 Root:root:/ File:C:/Program Files/Epic Games/UE_4.27/FeaturePacks/TP_VirtualRealityBP.upack)
[2024.12.24-04.39.51:180][  0]LogPakFile: OnPakFileMounted2Time == 0.000023
[2024.12.24-04.39.51:285][  0]LogNativeClassHierarchy: Verbose: Native class hierarchy updated for 'AddContentDialog' in 0.0002 seconds. Added 0 classes and 0 folders.
[2024.12.24-04.39.51:296][  0]LogNativeClassHierarchy: Verbose: Native class hierarchy updated for 'SceneOutliner' in 0.0003 seconds. Added 2 classes and 0 folders.
[2024.12.24-04.39.51:441][  0]LogSlate: Took 0.000133 seconds to synchronously load lazily loaded font '../../../Engine/Content/Slate/Fonts/Roboto-Regular.ttf' (155K)
[2024.12.24-04.39.51:444][  0]LogSlate: Took 0.001458 seconds to synchronously load lazily loaded font '../../../Engine/Content/Editor/Slate/Fonts/NanumGothic.ttf' (4243K)
[2024.12.24-04.39.51:445][  0]LogSlate: Took 0.000403 seconds to synchronously load lazily loaded font '../../../Engine/Content/Editor/Slate/Fonts/FontAwesome.ttf' (139K)
[2024.12.24-04.39.51:447][  0]LogSlate: Took 0.001595 seconds to synchronously load lazily loaded font '../../../Engine/Content/Editor/Slate/Fonts/NanumGothicBold.ttf' (4188K)
[2024.12.24-04.39.51:447][  0]LogSlate: Took 0.000122 seconds to synchronously load lazily loaded font '../../../Engine/Content/Slate/Fonts/Roboto-Bold.ttf' (160K)
[2024.12.24-04.39.51:534][  0]LogRenderer: Reallocating scene render targets to support 1072x540 Format 10 NumSamples 1 (Frame:1).
[2024.12.24-04.39.51:651][  0]LogNativeClassHierarchy: Verbose: Native class hierarchy updated for 'HierarchicalLODOutliner' in 0.0002 seconds. Added 0 classes and 0 folders.
[2024.12.24-04.39.51:651][  0]LogLoad: (Engine Initialization) Total time: 110.70 seconds
[2024.12.24-04.39.51:651][  0]LogLoad: (Engine Initialization) Total Blueprint compile time: 0.00 seconds
[2024.12.24-04.39.51:723][  0]LogAssetRegistry: Asset discovery search completed in 8.5243 seconds
[2024.12.24-04.39.51:727][  0]LogCollectionManager: Fixed up redirectors for 0 collections in 0.000003 seconds (updated 0 objects)
[2024.12.24-04.39.51:729][  0]LogContentStreaming: Texture pool size now 1000 MB
